
2064824 : 0x114f9d49fe8942 : 1 : spill_jit_data :  Jit agent is not initialized
2064824 : 0x114f9d4a0008e7 : 2 : ittapi_config_mask_get :  --itt-config mask to be applied: 39
2064824 : 0x114f9d4a0045e9 : 2 : ittapi_config_apply_per_lib :  ITTAPI function instrumented: __itt_domain_create
2064824 : 0x114f9d4a006111 : 2 : ittapi_config_apply_per_lib :  ITTAPI function instrumented: __itt_module_load_with_sections
2064824 : 0x114f9d4a00716f : 2 : ittapi_config_apply_per_lib :  ITTAPI function not implemented: __itt_module_unload_with_sections
2064824 : 0x114f9d4a007f7c : 2 : ittapi_config_apply_per_lib :  ITTAPI function instrumented: __itt_string_handle_create
2064824 : 0x114f9d4a00887b : 2 : ittapi_config_apply_per_lib :  ITTAPI function instrumented: __itt_counter_create
2064824 : 0x114f9d4a03ac37 : 2 : ittapi_config_apply_per_lib :  ITTAPI function instrumented: __itt_counter_create_typed
2064824 : 0x114f9d4a03b672 : 2 : ittapi_config_apply_per_lib :  ITTAPI function instrumented: __itt_pause
2064824 : 0x114f9d4a03bfc6 : 2 : ittapi_config_apply_per_lib :  ITTAPI function instrumented: __itt_resume
2064824 : 0x114f9d4a04567e : 2 : ittapi_config_apply_per_lib :  ITTAPI function instrumented: __itt_thread_set_name
2064824 : 0x114f9d4a0461a6 : 2 : ittapi_config_apply_per_lib :  ITTAPI function instrumented: __itt_thread_ignore
2064824 : 0x114f9d4a046aae : 2 : ittapi_config_apply_per_lib :  ITTAPI function instrumented: __itt_thr_name_set
2064824 : 0x114f9d4a0474b7 : 2 : ittapi_config_apply_per_lib :  ITTAPI function instrumented: __itt_thr_ignore
2064824 : 0x114f9d4a04830e : 2 : ittapi_config_apply_per_lib :  ITTAPI function not implemented: __itt_enable_attach
2064824 : 0x114f9d4a048cb3 : 2 : ittapi_config_apply_per_lib :  ITTAPI function instrumented: __itt_detach
2064824 : 0x114f9d4a049479 : 2 : ittapi_config_apply_per_lib :  ITTAPI function NOT instrumented (not matched by --itt-config option): __itt_sync_create

2064824 : 0x114f9d4a049d7d : 2 : ittapi_config_apply_per_lib :  ITTAPI function NOT instrumented (not matched by --itt-config option): __itt_sync_rename

2064824 : 0x114f9d4a04a4aa : 2 : ittapi_config_apply_per_lib :  ITTAPI function NOT instrumented (not matched by --itt-config option): __itt_sync_destroy

2064824 : 0x114f9d4a04ac40 : 2 : ittapi_config_apply_per_lib :  ITTAPI function NOT instrumented (not matched by --itt-config option): __itt_sync_prepare

2064824 : 0x114f9d4a04d51e : 2 : ittapi_config_apply_per_lib :  ITTAPI function NOT instrumented (not matched by --itt-config option): __itt_sync_cancel

2064824 : 0x114f9d4a04dd4c : 2 : ittapi_config_apply_per_lib :  ITTAPI function NOT instrumented (not matched by --itt-config option): __itt_sync_acquired

2064824 : 0x114f9d4a04e49c : 2 : ittapi_config_apply_per_lib :  ITTAPI function NOT instrumented (not matched by --itt-config option): __itt_sync_releasing

2064824 : 0x114f9d4a04ef89 : 2 : ittapi_config_apply_per_lib :  ITTAPI function not implemented: __itt_suppress_push
2064824 : 0x114f9d4a04fb91 : 2 : ittapi_config_apply_per_lib :  ITTAPI function not implemented: __itt_suppress_pop
2064824 : 0x114f9d4a0505bd : 2 : ittapi_config_apply_per_lib :  ITTAPI function not implemented: __itt_suppress_mark_range
2064824 : 0x114f9d4a050fd7 : 2 : ittapi_config_apply_per_lib :  ITTAPI function not implemented: __itt_suppress_clear_range
2064824 : 0x114f9d4a051737 : 2 : ittapi_config_apply_per_lib :  ITTAPI function NOT instrumented (not matched by --itt-config option): __itt_sync_prepare

2064824 : 0x114f9d4a051e91 : 2 : ittapi_config_apply_per_lib :  ITTAPI function NOT instrumented (not matched by --itt-config option): __itt_sync_cancel

2064824 : 0x114f9d4a0525b2 : 2 : ittapi_config_apply_per_lib :  ITTAPI function NOT instrumented (not matched by --itt-config option): __itt_sync_acquired

2064824 : 0x114f9d4a054755 : 2 : ittapi_config_apply_per_lib :  ITTAPI function NOT instrumented (not matched by --itt-config option): __itt_sync_releasing

2064824 : 0x114f9d4a054fbf : 2 : ittapi_config_apply_per_lib :  ITTAPI function NOT instrumented (not matched by --itt-config option): __itt_model_site_begin

2064824 : 0x114f9d4a05575b : 2 : ittapi_config_apply_per_lib :  ITTAPI function NOT instrumented (not matched by --itt-config option): __itt_model_site_end

2064824 : 0x114f9d4a055f17 : 2 : ittapi_config_apply_per_lib :  ITTAPI function NOT instrumented (not matched by --itt-config option): __itt_model_task_begin

2064824 : 0x114f9d4a056660 : 2 : ittapi_config_apply_per_lib :  ITTAPI function NOT instrumented (not matched by --itt-config option): __itt_model_task_end

2064824 : 0x114f9d4a056e21 : 2 : ittapi_config_apply_per_lib :  ITTAPI function NOT instrumented (not matched by --itt-config option): __itt_model_lock_acquire

2064824 : 0x114f9d4a0575a2 : 2 : ittapi_config_apply_per_lib :  ITTAPI function NOT instrumented (not matched by --itt-config option): __itt_model_lock_release

2064824 : 0x114f9d4a057cfc : 2 : ittapi_config_apply_per_lib :  ITTAPI function NOT instrumented (not matched by --itt-config option): __itt_model_record_allocation

2064824 : 0x114f9d4a05842b : 2 : ittapi_config_apply_per_lib :  ITTAPI function NOT instrumented (not matched by --itt-config option): __itt_model_record_deallocation

2064824 : 0x114f9d4a058ba4 : 2 : ittapi_config_apply_per_lib :  ITTAPI function NOT instrumented (not matched by --itt-config option): __itt_model_induction_uses

2064824 : 0x114f9d4a05c285 : 2 : ittapi_config_apply_per_lib :  ITTAPI function NOT instrumented (not matched by --itt-config option): __itt_model_reduction_uses

2064824 : 0x114f9d4a05cb08 : 2 : ittapi_config_apply_per_lib :  ITTAPI function NOT instrumented (not matched by --itt-config option): __itt_model_observe_uses

2064824 : 0x114f9d4a05d2df : 2 : ittapi_config_apply_per_lib :  ITTAPI function NOT instrumented (not matched by --itt-config option): __itt_model_clear_uses

2064824 : 0x114f9d4a05da40 : 2 : ittapi_config_apply_per_lib :  ITTAPI function NOT instrumented (not matched by --itt-config option): __itt_model_site_beginA

2064824 : 0x114f9d4a05e1f6 : 2 : ittapi_config_apply_per_lib :  ITTAPI function NOT instrumented (not matched by --itt-config option): __itt_model_site_beginAL

2064824 : 0x114f9d4a05e98c : 2 : ittapi_config_apply_per_lib :  ITTAPI function NOT instrumented (not matched by --itt-config option): __itt_model_task_beginA

2064824 : 0x114f9d4a05f0c6 : 2 : ittapi_config_apply_per_lib :  ITTAPI function NOT instrumented (not matched by --itt-config option): __itt_model_task_beginAL

2064824 : 0x114f9d4a05f839 : 2 : ittapi_config_apply_per_lib :  ITTAPI function NOT instrumented (not matched by --itt-config option): __itt_model_iteration_taskA

2064824 : 0x114f9d4a05ff88 : 2 : ittapi_config_apply_per_lib :  ITTAPI function NOT instrumented (not matched by --itt-config option): __itt_model_iteration_taskAL

2064824 : 0x114f9d4a06072a : 2 : ittapi_config_apply_per_lib :  ITTAPI function NOT instrumented (not matched by --itt-config option): __itt_model_site_end_2

2064824 : 0x114f9d4a06291f : 2 : ittapi_config_apply_per_lib :  ITTAPI function NOT instrumented (not matched by --itt-config option): __itt_model_task_end_2

2064824 : 0x114f9d4a0630ff : 2 : ittapi_config_apply_per_lib :  ITTAPI function NOT instrumented (not matched by --itt-config option): __itt_model_lock_acquire_2

2064824 : 0x114f9d4a06387a : 2 : ittapi_config_apply_per_lib :  ITTAPI function NOT instrumented (not matched by --itt-config option): __itt_model_lock_release_2

2064824 : 0x114f9d4a064004 : 2 : ittapi_config_apply_per_lib :  ITTAPI function NOT instrumented (not matched by --itt-config option): __itt_model_aggregate_task

2064824 : 0x114f9d4a06477b : 2 : ittapi_config_apply_per_lib :  ITTAPI function NOT instrumented (not matched by --itt-config option): __itt_model_disable_push

2064824 : 0x114f9d4a064ec8 : 2 : ittapi_config_apply_per_lib :  ITTAPI function NOT instrumented (not matched by --itt-config option): __itt_model_disable_pop

2064824 : 0x114f9d4a06575e : 2 : ittapi_config_apply_per_lib :  ITTAPI function instrumented: __itt_heap_function_create
2064824 : 0x114f9d4a066089 : 2 : ittapi_config_apply_per_lib :  ITTAPI function instrumented: __itt_heap_allocate_begin
2064824 : 0x114f9d4a066925 : 2 : ittapi_config_apply_per_lib :  ITTAPI function instrumented: __itt_heap_allocate_end
2064824 : 0x114f9d4a06721e : 2 : ittapi_config_apply_per_lib :  ITTAPI function instrumented: __itt_heap_free_begin
2064824 : 0x114f9d4a06a498 : 2 : ittapi_config_apply_per_lib :  ITTAPI function instrumented: __itt_heap_free_end
2064824 : 0x114f9d4a06adfc : 2 : ittapi_config_apply_per_lib :  ITTAPI function instrumented: __itt_heap_reallocate_begin
2064824 : 0x114f9d4a06b5f8 : 2 : ittapi_config_apply_per_lib :  ITTAPI function instrumented: __itt_heap_reallocate_end
2064824 : 0x114f9d4a06bfbf : 2 : ittapi_config_apply_per_lib :  ITTAPI function not implemented: __itt_heap_internal_access_begin
2064824 : 0x114f9d4a06c92c : 2 : ittapi_config_apply_per_lib :  ITTAPI function not implemented: __itt_heap_internal_access_end
2064824 : 0x114f9d4a06d329 : 2 : ittapi_config_apply_per_lib :  ITTAPI function not implemented: __itt_heap_record_memory_growth_begin
2064824 : 0x114f9d4a06dc92 : 2 : ittapi_config_apply_per_lib :  ITTAPI function not implemented: __itt_heap_record_memory_growth_end
2064824 : 0x114f9d4a06e653 : 2 : ittapi_config_apply_per_lib :  ITTAPI function not implemented: __itt_heap_reset_detection
2064824 : 0x114f9d4a06f08f : 2 : ittapi_config_apply_per_lib :  ITTAPI function not implemented: __itt_heap_record
2064824 : 0x114f9d4a06fa42 : 2 : ittapi_config_apply_per_lib :  ITTAPI function not implemented: __itt_id_create
2064824 : 0x114f9d4a071dd6 : 2 : ittapi_config_apply_per_lib :  ITTAPI function not implemented: __itt_id_destroy
2064824 : 0x114f9d4a07272a : 2 : ittapi_config_apply_per_lib :  ITTAPI function instrumented: __itt_get_timestamp
2064824 : 0x114f9d4a0768b3 : 2 : ittapi_config_apply_per_lib :  ITTAPI function not implemented: __itt_region_begin
2064824 : 0x114f9d4a0771b5 : 2 : ittapi_config_apply_per_lib :  ITTAPI function not implemented: __itt_region_end
2064824 : 0x114f9d4a077a98 : 2 : ittapi_config_apply_per_lib :  ITTAPI function instrumented: __itt_frame_begin_v3
2064824 : 0x114f9d4a07b8d2 : 2 : ittapi_config_apply_per_lib :  ITTAPI function instrumented: __itt_frame_end_v3
2064824 : 0x114f9d4a07c21c : 2 : ittapi_config_apply_per_lib :  ITTAPI function instrumented: __itt_frame_submit_v3
2064824 : 0x114f9d4a07cb63 : 2 : ittapi_config_apply_per_lib :  ITTAPI function not implemented: __itt_task_group
2064824 : 0x114f9d4a07d394 : 2 : ittapi_config_apply_per_lib :  ITTAPI function instrumented: __itt_task_begin
2064824 : 0x114f9d4a07dba0 : 2 : ittapi_config_apply_per_lib :  ITTAPI function instrumented: __itt_task_begin_fn
2064824 : 0x114f9d4a0831a2 : 2 : ittapi_config_apply_per_lib :  ITTAPI function instrumented: __itt_task_end
2064824 : 0x114f9d4a083af3 : 2 : ittapi_config_apply_per_lib :  ITTAPI function not implemented: __itt_counter_inc_v3
2064824 : 0x114f9d4a084395 : 2 : ittapi_config_apply_per_lib :  ITTAPI function not implemented: __itt_counter_inc_delta_v3
2064824 : 0x114f9d4a084bba : 2 : ittapi_config_apply_per_lib :  ITTAPI function not implemented: __itt_counter_dec_v3
2064824 : 0x114f9d4a08537f : 2 : ittapi_config_apply_per_lib :  ITTAPI function not implemented: __itt_counter_dec_delta_v3
2064824 : 0x114f9d4a085c50 : 2 : ittapi_config_apply_per_lib :  ITTAPI function not implemented: __itt_marker
2064824 : 0x114f9d4a086507 : 2 : ittapi_config_apply_per_lib :  ITTAPI function instrumented: __itt_metadata_add
2064824 : 0x114f9d4a086cec : 2 : ittapi_config_apply_per_lib :  ITTAPI function not implemented: __itt_metadata_str_add
2064824 : 0x114f9d4a08754a : 2 : ittapi_config_apply_per_lib :  ITTAPI function not implemented: __itt_relation_add_to_current
2064824 : 0x114f9d4a087dbf : 2 : ittapi_config_apply_per_lib :  ITTAPI function not implemented: __itt_relation_add
2064824 : 0x114f9d4a089baf : 2 : ittapi_config_apply_per_lib :  ITTAPI function instrumented: __itt_event_create
2064824 : 0x114f9d4a08a3e5 : 2 : ittapi_config_apply_per_lib :  ITTAPI function instrumented: __itt_event_start
2064824 : 0x114f9d4a08ab5f : 2 : ittapi_config_apply_per_lib :  ITTAPI function instrumented: __itt_event_end
2064824 : 0x114f9d4a08b1e2 : 2 : ittapi_config_apply_per_lib :  ITTAPI function NOT instrumented (not matched by --itt-config option): __itt_sync_set_name

2064824 : 0x114f9d4a08b892 : 2 : ittapi_config_apply_per_lib :  ITTAPI function NOT instrumented (not matched by --itt-config option): __itt_notify_sync_name

2064824 : 0x114f9d4a08c19b : 2 : ittapi_config_apply_per_lib :  ITTAPI function NOT instrumented (not matched by --itt-config option): __itt_notify_sync_prepare

2064824 : 0x114f9d4a08cb4f : 2 : ittapi_config_apply_per_lib :  ITTAPI function NOT instrumented (not matched by --itt-config option): __itt_notify_sync_cancel

2064824 : 0x114f9d4a08d43e : 2 : ittapi_config_apply_per_lib :  ITTAPI function NOT instrumented (not matched by --itt-config option): __itt_notify_sync_acquired

2064824 : 0x114f9d4a08dd01 : 2 : ittapi_config_apply_per_lib :  ITTAPI function NOT instrumented (not matched by --itt-config option): __itt_notify_sync_releasing

2064824 : 0x114f9d4a08e910 : 2 : ittapi_config_apply_per_lib :  ITTAPI function not implemented: __itt_memory_read
2064824 : 0x114f9d4a091b38 : 2 : ittapi_config_apply_per_lib :  ITTAPI function not implemented: __itt_memory_write
2064824 : 0x114f9d4a0924c5 : 2 : ittapi_config_apply_per_lib :  ITTAPI function not implemented: __itt_memory_update
2064824 : 0x114f9d4a092d01 : 2 : ittapi_config_apply_per_lib :  ITTAPI function not implemented: __itt_state_get
2064824 : 0x114f9d4a0934eb : 2 : ittapi_config_apply_per_lib :  ITTAPI function not implemented: __itt_state_set
2064824 : 0x114f9d4a093cdc : 2 : ittapi_config_apply_per_lib :  ITTAPI function not implemented: __itt_obj_mode_set
2064824 : 0x114f9d4a09454a : 2 : ittapi_config_apply_per_lib :  ITTAPI function not implemented: __itt_thr_mode_set
2064824 : 0x114f9d4a094d43 : 2 : ittapi_config_apply_per_lib :  ITTAPI function instrumented: __itt_frame_create
2064824 : 0x114f9d4a09548f : 2 : ittapi_config_apply_per_lib :  ITTAPI function instrumented: __itt_pt_region_create
2064824 : 0x114f9d4a095c3f : 2 : ittapi_config_apply_per_lib :  ITTAPI function instrumented: __itt_frame_begin
2064824 : 0x114f9d4a0963c1 : 2 : ittapi_config_apply_per_lib :  ITTAPI function instrumented: __itt_frame_end
2064824 : 0x114f9d4a09bb44 : 2 : ittapi_config_apply_per_lib :  ITTAPI function not implemented: __itt_counter_destroy
2064824 : 0x114f9d4a09c456 : 2 : ittapi_config_apply_per_lib :  ITTAPI function instrumented: __itt_counter_inc
2064824 : 0x114f9d4a09cb8c : 2 : ittapi_config_apply_per_lib :  ITTAPI function instrumented: __itt_counter_inc_delta
2064824 : 0x114f9d4a09d449 : 2 : ittapi_config_apply_per_lib :  ITTAPI function instrumented: __itt_counter_dec
2064824 : 0x114f9d4a09dbd4 : 2 : ittapi_config_apply_per_lib :  ITTAPI function instrumented: __itt_counter_dec_delta
2064824 : 0x114f9d4a09e37b : 2 : ittapi_config_apply_per_lib :  ITTAPI function instrumented: __itt_counter_set_value
2064824 : 0x114f9d4a09ebc0 : 2 : ittapi_config_apply_per_lib :  ITTAPI function not implemented: __itt_counter_set_value_ex
2064824 : 0x114f9d4a09f353 : 2 : ittapi_config_apply_per_lib :  ITTAPI function not implemented: __itt_mark_create
2064824 : 0x114f9d4a09fb5e : 2 : ittapi_config_apply_per_lib :  ITTAPI function not implemented: __itt_mark
2064824 : 0x114f9d4a0a049c : 2 : ittapi_config_apply_per_lib :  ITTAPI function not implemented: __itt_mark_off
2064824 : 0x114f9d4a0a22cc : 2 : ittapi_config_apply_per_lib :  ITTAPI function not implemented: __itt_mark_global
2064824 : 0x114f9d4a0a2ba1 : 2 : ittapi_config_apply_per_lib :  ITTAPI function not implemented: __itt_mark_global_off
2064824 : 0x114f9d4a0a32f6 : 2 : ittapi_config_apply_per_lib :  ITTAPI function NOT instrumented (not matched by --itt-config option): __itt_stack_caller_create

2064824 : 0x114f9d4a0a3993 : 2 : ittapi_config_apply_per_lib :  ITTAPI function NOT instrumented (not matched by --itt-config option): __itt_stack_caller_destroy

2064824 : 0x114f9d4a0a3fec : 2 : ittapi_config_apply_per_lib :  ITTAPI function NOT instrumented (not matched by --itt-config option): __itt_stack_callee_enter

2064824 : 0x114f9d4a0a468c : 2 : ittapi_config_apply_per_lib :  ITTAPI function NOT instrumented (not matched by --itt-config option): __itt_stack_callee_leave

2064824 : 0x114f9d4a0a4e59 : 2 : ittapi_config_apply_per_lib :  ITTAPI function not implemented: __itt_clock_domain_create
2064824 : 0x114f9d4a0a8e8b : 2 : ittapi_config_apply_per_lib :  ITTAPI function not implemented: __itt_clock_domain_reset
2064824 : 0x114f9d4a0a9691 : 2 : ittapi_config_apply_per_lib :  ITTAPI function not implemented: __itt_id_create_ex
2064824 : 0x114f9d4a0a9e5d : 2 : ittapi_config_apply_per_lib :  ITTAPI function not implemented: __itt_id_destroy_ex
2064824 : 0x114f9d4a0acd92 : 2 : ittapi_config_apply_per_lib :  ITTAPI function not implemented: __itt_task_begin_ex
2064824 : 0x114f9d4a0b0d29 : 2 : ittapi_config_apply_per_lib :  ITTAPI function not implemented: __itt_task_begin_fn_ex
2064824 : 0x114f9d4a0b14a2 : 2 : ittapi_config_apply_per_lib :  ITTAPI function not implemented: __itt_task_end_ex
2064824 : 0x114f9d4a0b1b9c : 2 : ittapi_config_apply_per_lib :  ITTAPI function instrumented: __itt_task_begin_overlapped
2064824 : 0x114f9d4a0b22a2 : 2 : ittapi_config_apply_per_lib :  ITTAPI function not implemented: __itt_task_begin_overlapped_ex
2064824 : 0x114f9d4a0b29d5 : 2 : ittapi_config_apply_per_lib :  ITTAPI function instrumented: __itt_task_end_overlapped
2064824 : 0x114f9d4a0b3122 : 2 : ittapi_config_apply_per_lib :  ITTAPI function not implemented: __itt_task_end_overlapped_ex
2064824 : 0x114f9d4a0b3877 : 2 : ittapi_config_apply_per_lib :  ITTAPI function not implemented: __itt_marker_ex
2064824 : 0x114f9d4a0b4172 : 2 : ittapi_config_apply_per_lib :  ITTAPI function not implemented: __itt_metadata_add_with_scope
2064824 : 0x114f9d4a0b48be : 2 : ittapi_config_apply_per_lib :  ITTAPI function not implemented: __itt_metadata_str_add_with_scope
2064824 : 0x114f9d4a0b66b2 : 2 : ittapi_config_apply_per_lib :  ITTAPI function not implemented: __itt_relation_add_to_current_ex
2064824 : 0x114f9d4a0b6eef : 2 : ittapi_config_apply_per_lib :  ITTAPI function not implemented: __itt_relation_add_ex
2064824 : 0x114f9d4a0b75de : 2 : ittapi_config_apply_per_lib :  ITTAPI function not implemented: __itt_track_group_create
2064824 : 0x114f9d4a0b7c87 : 2 : ittapi_config_apply_per_lib :  ITTAPI function not implemented: __itt_track_create
2064824 : 0x114f9d4a0b83cd : 2 : ittapi_config_apply_per_lib :  ITTAPI function not implemented: __itt_set_track
2064824 : 0x114f9d4a0b8ac7 : 2 : ittapi_config_apply_per_lib :  ITTAPI function instrumented: __itt_api_version
2064824 : 0x114f9d4a0b91d4 : 2 : ittapi_config_apply_per_lib :  ITTAPI function not implemented: __itt_av_save
2064824 : 0x114f9d4a0b98b8 : 2 : ittapi_config_apply_per_lib :  ITTAPI function instrumented: __itt_module_load
2064824 : 0x114f9d4a0b9fbc : 2 : ittapi_config_apply_per_lib :  ITTAPI function not implemented: __itt_module_unload