
1676024 : 0xf8fcbc46ff595 : 1 : spill_jit_data :  Jit agent is not initialized
1676024 : 0xf8fcbc47b394c : 2 : ittapi_config_mask_get :  --itt-config mask to be applied: 39
1676024 : 0xf8fcbc47b4b26 : 2 : ittapi_config_apply_per_lib :  ITTAPI function instrumented: __itt_domain_create
1676024 : 0xf8fcbc47b5ec4 : 2 : ittapi_config_apply_per_lib :  ITTAPI function instrumented: __itt_module_load_with_sections
1676024 : 0xf8fcbc47b6b74 : 2 : ittapi_config_apply_per_lib :  ITTAPI function not implemented: __itt_module_unload_with_sections
1676024 : 0xf8fcbc47b74fd : 2 : ittapi_config_apply_per_lib :  ITTAPI function instrumented: __itt_string_handle_create
1676024 : 0xf8fcbc47b7b9b : 2 : ittapi_config_apply_per_lib :  ITTAPI function instrumented: __itt_counter_create
1676024 : 0xf8fcbc47b81d7 : 2 : ittapi_config_apply_per_lib :  ITTAPI function instrumented: __itt_counter_create_typed
1676024 : 0xf8fcbc47b8939 : 2 : ittapi_config_apply_per_lib :  ITTAPI function instrumented: __itt_pause
1676024 : 0xf8fcbc47b8fea : 2 : ittapi_config_apply_per_lib :  ITTAPI function instrumented: __itt_resume
1676024 : 0xf8fcbc47c0e7d : 2 : ittapi_config_apply_per_lib :  ITTAPI function instrumented: __itt_thread_set_name
1676024 : 0xf8fcbc47c1782 : 2 : ittapi_config_apply_per_lib :  ITTAPI function instrumented: __itt_thread_ignore
1676024 : 0xf8fcbc47c1e78 : 2 : ittapi_config_apply_per_lib :  ITTAPI function instrumented: __itt_thr_name_set
1676024 : 0xf8fcbc47c25f3 : 2 : ittapi_config_apply_per_lib :  ITTAPI function instrumented: __itt_thr_ignore
1676024 : 0xf8fcbc47c2f2c : 2 : ittapi_config_apply_per_lib :  ITTAPI function not implemented: __itt_enable_attach
1676024 : 0xf8fcbc47c3646 : 2 : ittapi_config_apply_per_lib :  ITTAPI function instrumented: __itt_detach
1676024 : 0xf8fcbc47c3c5f : 2 : ittapi_config_apply_per_lib :  ITTAPI function NOT instrumented (not matched by --itt-config option): __itt_sync_create

1676024 : 0xf8fcbc47c4337 : 2 : ittapi_config_apply_per_lib :  ITTAPI function NOT instrumented (not matched by --itt-config option): __itt_sync_rename

1676024 : 0xf8fcbc47c48d4 : 2 : ittapi_config_apply_per_lib :  ITTAPI function NOT instrumented (not matched by --itt-config option): __itt_sync_destroy

1676024 : 0xf8fcbc47c4ebd : 2 : ittapi_config_apply_per_lib :  ITTAPI function NOT instrumented (not matched by --itt-config option): __itt_sync_prepare

1676024 : 0xf8fcbc47c6cf8 : 2 : ittapi_config_apply_per_lib :  ITTAPI function NOT instrumented (not matched by --itt-config option): __itt_sync_cancel

1676024 : 0xf8fcbc47c72e7 : 2 : ittapi_config_apply_per_lib :  ITTAPI function NOT instrumented (not matched by --itt-config option): __itt_sync_acquired

1676024 : 0xf8fcbc47c7883 : 2 : ittapi_config_apply_per_lib :  ITTAPI function NOT instrumented (not matched by --itt-config option): __itt_sync_releasing

1676024 : 0xf8fcbc47c8087 : 2 : ittapi_config_apply_per_lib :  ITTAPI function not implemented: __itt_suppress_push
1676024 : 0xf8fcbc47c8972 : 2 : ittapi_config_apply_per_lib :  ITTAPI function not implemented: __itt_suppress_pop
1676024 : 0xf8fcbc47c9100 : 2 : ittapi_config_apply_per_lib :  ITTAPI function not implemented: __itt_suppress_mark_range
1676024 : 0xf8fcbc47c98c7 : 2 : ittapi_config_apply_per_lib :  ITTAPI function not implemented: __itt_suppress_clear_range
1676024 : 0xf8fcbc47c9e73 : 2 : ittapi_config_apply_per_lib :  ITTAPI function NOT instrumented (not matched by --itt-config option): __itt_sync_prepare

1676024 : 0xf8fcbc47ca416 : 2 : ittapi_config_apply_per_lib :  ITTAPI function NOT instrumented (not matched by --itt-config option): __itt_sync_cancel

1676024 : 0xf8fcbc47ca9a1 : 2 : ittapi_config_apply_per_lib :  ITTAPI function NOT instrumented (not matched by --itt-config option): __itt_sync_acquired

1676024 : 0xf8fcbc47cc1f4 : 2 : ittapi_config_apply_per_lib :  ITTAPI function NOT instrumented (not matched by --itt-config option): __itt_sync_releasing

1676024 : 0xf8fcbc47cc807 : 2 : ittapi_config_apply_per_lib :  ITTAPI function NOT instrumented (not matched by --itt-config option): __itt_model_site_begin

1676024 : 0xf8fcbc47cce1f : 2 : ittapi_config_apply_per_lib :  ITTAPI function NOT instrumented (not matched by --itt-config option): __itt_model_site_end

1676024 : 0xf8fcbc47cd407 : 2 : ittapi_config_apply_per_lib :  ITTAPI function NOT instrumented (not matched by --itt-config option): __itt_model_task_begin

1676024 : 0xf8fcbc47cd9a8 : 2 : ittapi_config_apply_per_lib :  ITTAPI function NOT instrumented (not matched by --itt-config option): __itt_model_task_end

1676024 : 0xf8fcbc47cdfc1 : 2 : ittapi_config_apply_per_lib :  ITTAPI function NOT instrumented (not matched by --itt-config option): __itt_model_lock_acquire

1676024 : 0xf8fcbc47ce58a : 2 : ittapi_config_apply_per_lib :  ITTAPI function NOT instrumented (not matched by --itt-config option): __itt_model_lock_release

1676024 : 0xf8fcbc47ceb5a : 2 : ittapi_config_apply_per_lib :  ITTAPI function NOT instrumented (not matched by --itt-config option): __itt_model_record_allocation

1676024 : 0xf8fcbc47cf11c : 2 : ittapi_config_apply_per_lib :  ITTAPI function NOT instrumented (not matched by --itt-config option): __itt_model_record_deallocation

1676024 : 0xf8fcbc47cf6f7 : 2 : ittapi_config_apply_per_lib :  ITTAPI function NOT instrumented (not matched by --itt-config option): __itt_model_induction_uses

1676024 : 0xf8fcbc47d1ee2 : 2 : ittapi_config_apply_per_lib :  ITTAPI function NOT instrumented (not matched by --itt-config option): __itt_model_reduction_uses

1676024 : 0xf8fcbc47d2562 : 2 : ittapi_config_apply_per_lib :  ITTAPI function NOT instrumented (not matched by --itt-config option): __itt_model_observe_uses

1676024 : 0xf8fcbc47d2b2e : 2 : ittapi_config_apply_per_lib :  ITTAPI function NOT instrumented (not matched by --itt-config option): __itt_model_clear_uses

1676024 : 0xf8fcbc47d30c6 : 2 : ittapi_config_apply_per_lib :  ITTAPI function NOT instrumented (not matched by --itt-config option): __itt_model_site_beginA

1676024 : 0xf8fcbc47d3799 : 2 : ittapi_config_apply_per_lib :  ITTAPI function NOT instrumented (not matched by --itt-config option): __itt_model_site_beginAL

1676024 : 0xf8fcbc47d3dd3 : 2 : ittapi_config_apply_per_lib :  ITTAPI function NOT instrumented (not matched by --itt-config option): __itt_model_task_beginA

1676024 : 0xf8fcbc47d436c : 2 : ittapi_config_apply_per_lib :  ITTAPI function NOT instrumented (not matched by --itt-config option): __itt_model_task_beginAL

1676024 : 0xf8fcbc47d4933 : 2 : ittapi_config_apply_per_lib :  ITTAPI function NOT instrumented (not matched by --itt-config option): __itt_model_iteration_taskA

1676024 : 0xf8fcbc47d4ee1 : 2 : ittapi_config_apply_per_lib :  ITTAPI function NOT instrumented (not matched by --itt-config option): __itt_model_iteration_taskAL

1676024 : 0xf8fcbc47d54c3 : 2 : ittapi_config_apply_per_lib :  ITTAPI function NOT instrumented (not matched by --itt-config option): __itt_model_site_end_2

1676024 : 0xf8fcbc47d6d19 : 2 : ittapi_config_apply_per_lib :  ITTAPI function NOT instrumented (not matched by --itt-config option): __itt_model_task_end_2

1676024 : 0xf8fcbc47d72e2 : 2 : ittapi_config_apply_per_lib :  ITTAPI function NOT instrumented (not matched by --itt-config option): __itt_model_lock_acquire_2

1676024 : 0xf8fcbc47d78ca : 2 : ittapi_config_apply_per_lib :  ITTAPI function NOT instrumented (not matched by --itt-config option): __itt_model_lock_release_2

1676024 : 0xf8fcbc47d7e8f : 2 : ittapi_config_apply_per_lib :  ITTAPI function NOT instrumented (not matched by --itt-config option): __itt_model_aggregate_task

1676024 : 0xf8fcbc47d843e : 2 : ittapi_config_apply_per_lib :  ITTAPI function NOT instrumented (not matched by --itt-config option): __itt_model_disable_push

1676024 : 0xf8fcbc47d8a03 : 2 : ittapi_config_apply_per_lib :  ITTAPI function NOT instrumented (not matched by --itt-config option): __itt_model_disable_pop

1676024 : 0xf8fcbc47d90c6 : 2 : ittapi_config_apply_per_lib :  ITTAPI function instrumented: __itt_heap_function_create
1676024 : 0xf8fcbc47db859 : 2 : ittapi_config_apply_per_lib :  ITTAPI function instrumented: __itt_heap_allocate_begin
1676024 : 0xf8fcbc47dbf08 : 2 : ittapi_config_apply_per_lib :  ITTAPI function instrumented: __itt_heap_allocate_end
1676024 : 0xf8fcbc47dc5bf : 2 : ittapi_config_apply_per_lib :  ITTAPI function instrumented: __itt_heap_free_begin
1676024 : 0xf8fcbc47dee27 : 2 : ittapi_config_apply_per_lib :  ITTAPI function instrumented: __itt_heap_free_end
1676024 : 0xf8fcbc47df579 : 2 : ittapi_config_apply_per_lib :  ITTAPI function instrumented: __itt_heap_reallocate_begin
1676024 : 0xf8fcbc47dfbd5 : 2 : ittapi_config_apply_per_lib :  ITTAPI function instrumented: __itt_heap_reallocate_end
1676024 : 0xf8fcbc47e040b : 2 : ittapi_config_apply_per_lib :  ITTAPI function not implemented: __itt_heap_internal_access_begin
1676024 : 0xf8fcbc47e0b88 : 2 : ittapi_config_apply_per_lib :  ITTAPI function not implemented: __itt_heap_internal_access_end
1676024 : 0xf8fcbc47e133b : 2 : ittapi_config_apply_per_lib :  ITTAPI function not implemented: __itt_heap_record_memory_growth_begin
1676024 : 0xf8fcbc47e1a61 : 2 : ittapi_config_apply_per_lib :  ITTAPI function not implemented: __itt_heap_record_memory_growth_end
1676024 : 0xf8fcbc47e21dc : 2 : ittapi_config_apply_per_lib :  ITTAPI function not implemented: __itt_heap_reset_detection
1676024 : 0xf8fcbc47e2a11 : 2 : ittapi_config_apply_per_lib :  ITTAPI function not implemented: __itt_heap_record
1676024 : 0xf8fcbc47e31aa : 2 : ittapi_config_apply_per_lib :  ITTAPI function not implemented: __itt_id_create
1676024 : 0xf8fcbc47e4d6e : 2 : ittapi_config_apply_per_lib :  ITTAPI function not implemented: __itt_id_destroy
1676024 : 0xf8fcbc47e5514 : 2 : ittapi_config_apply_per_lib :  ITTAPI function instrumented: __itt_get_timestamp
1676024 : 0xf8fcbc47e5c83 : 2 : ittapi_config_apply_per_lib :  ITTAPI function not implemented: __itt_region_begin
1676024 : 0xf8fcbc47e6398 : 2 : ittapi_config_apply_per_lib :  ITTAPI function not implemented: __itt_region_end
1676024 : 0xf8fcbc47e6a33 : 2 : ittapi_config_apply_per_lib :  ITTAPI function instrumented: __itt_frame_begin_v3
1676024 : 0xf8fcbc47e714d : 2 : ittapi_config_apply_per_lib :  ITTAPI function instrumented: __itt_frame_end_v3
1676024 : 0xf8fcbc47e77d0 : 2 : ittapi_config_apply_per_lib :  ITTAPI function instrumented: __itt_frame_submit_v3
1676024 : 0xf8fcbc47e7f40 : 2 : ittapi_config_apply_per_lib :  ITTAPI function not implemented: __itt_task_group
1676024 : 0xf8fcbc47e85e3 : 2 : ittapi_config_apply_per_lib :  ITTAPI function instrumented: __itt_task_begin
1676024 : 0xf8fcbc47e8c74 : 2 : ittapi_config_apply_per_lib :  ITTAPI function instrumented: __itt_task_begin_fn
1676024 : 0xf8fcbc47ea6b3 : 2 : ittapi_config_apply_per_lib :  ITTAPI function instrumented: __itt_task_end
1676024 : 0xf8fcbc47eae63 : 2 : ittapi_config_apply_per_lib :  ITTAPI function not implemented: __itt_counter_inc_v3
1676024 : 0xf8fcbc47eb5fb : 2 : ittapi_config_apply_per_lib :  ITTAPI function not implemented: __itt_counter_inc_delta_v3
1676024 : 0xf8fcbc47ebd0e : 2 : ittapi_config_apply_per_lib :  ITTAPI function not implemented: __itt_counter_dec_v3
1676024 : 0xf8fcbc47ec429 : 2 : ittapi_config_apply_per_lib :  ITTAPI function not implemented: __itt_counter_dec_delta_v3
1676024 : 0xf8fcbc47ecb4d : 2 : ittapi_config_apply_per_lib :  ITTAPI function not implemented: __itt_marker
1676024 : 0xf8fcbc47ed210 : 2 : ittapi_config_apply_per_lib :  ITTAPI function instrumented: __itt_metadata_add
1676024 : 0xf8fcbc47ed931 : 2 : ittapi_config_apply_per_lib :  ITTAPI function not implemented: __itt_metadata_str_add
1676024 : 0xf8fcbc47ee068 : 2 : ittapi_config_apply_per_lib :  ITTAPI function not implemented: __itt_relation_add_to_current
1676024 : 0xf8fcbc47ee781 : 2 : ittapi_config_apply_per_lib :  ITTAPI function not implemented: __itt_relation_add
1676024 : 0xf8fcbc47f0140 : 2 : ittapi_config_apply_per_lib :  ITTAPI function instrumented: __itt_event_create
1676024 : 0xf8fcbc47f07f2 : 2 : ittapi_config_apply_per_lib :  ITTAPI function instrumented: __itt_event_start
1676024 : 0xf8fcbc47f0e4a : 2 : ittapi_config_apply_per_lib :  ITTAPI function instrumented: __itt_event_end
1676024 : 0xf8fcbc47f13ea : 2 : ittapi_config_apply_per_lib :  ITTAPI function NOT instrumented (not matched by --itt-config option): __itt_sync_set_name

1676024 : 0xf8fcbc47f19f6 : 2 : ittapi_config_apply_per_lib :  ITTAPI function NOT instrumented (not matched by --itt-config option): __itt_notify_sync_name

1676024 : 0xf8fcbc47f1fe5 : 2 : ittapi_config_apply_per_lib :  ITTAPI function NOT instrumented (not matched by --itt-config option): __itt_notify_sync_prepare

1676024 : 0xf8fcbc47f254c : 2 : ittapi_config_apply_per_lib :  ITTAPI function NOT instrumented (not matched by --itt-config option): __itt_notify_sync_cancel

1676024 : 0xf8fcbc47f2b0f : 2 : ittapi_config_apply_per_lib :  ITTAPI function NOT instrumented (not matched by --itt-config option): __itt_notify_sync_acquired

1676024 : 0xf8fcbc47f309e : 2 : ittapi_config_apply_per_lib :  ITTAPI function NOT instrumented (not matched by --itt-config option): __itt_notify_sync_releasing

1676024 : 0xf8fcbc47f37bc : 2 : ittapi_config_apply_per_lib :  ITTAPI function not implemented: __itt_memory_read
1676024 : 0xf8fcbc47f5db6 : 2 : ittapi_config_apply_per_lib :  ITTAPI function not implemented: __itt_memory_write
1676024 : 0xf8fcbc47f656a : 2 : ittapi_config_apply_per_lib :  ITTAPI function not implemented: __itt_memory_update
1676024 : 0xf8fcbc47f6cb2 : 2 : ittapi_config_apply_per_lib :  ITTAPI function not implemented: __itt_state_get
1676024 : 0xf8fcbc47f73a0 : 2 : ittapi_config_apply_per_lib :  ITTAPI function not implemented: __itt_state_set
1676024 : 0xf8fcbc47f7aa4 : 2 : ittapi_config_apply_per_lib :  ITTAPI function not implemented: __itt_obj_mode_set
1676024 : 0xf8fcbc47f8198 : 2 : ittapi_config_apply_per_lib :  ITTAPI function not implemented: __itt_thr_mode_set
1676024 : 0xf8fcbc47f8822 : 2 : ittapi_config_apply_per_lib :  ITTAPI function instrumented: __itt_frame_create
1676024 : 0xf8fcbc47f8e7a : 2 : ittapi_config_apply_per_lib :  ITTAPI function instrumented: __itt_pt_region_create
1676024 : 0xf8fcbc47f9517 : 2 : ittapi_config_apply_per_lib :  ITTAPI function instrumented: __itt_frame_begin
1676024 : 0xf8fcbc47f9bcb : 2 : ittapi_config_apply_per_lib :  ITTAPI function instrumented: __itt_frame_end
1676024 : 0xf8fcbc47fb740 : 2 : ittapi_config_apply_per_lib :  ITTAPI function not implemented: __itt_counter_destroy
1676024 : 0xf8fcbc47fbe32 : 2 : ittapi_config_apply_per_lib :  ITTAPI function instrumented: __itt_counter_inc
1676024 : 0xf8fcbc47fc4ab : 2 : ittapi_config_apply_per_lib :  ITTAPI function instrumented: __itt_counter_inc_delta
1676024 : 0xf8fcbc47fcb18 : 2 : ittapi_config_apply_per_lib :  ITTAPI function instrumented: __itt_counter_dec
1676024 : 0xf8fcbc47fd21c : 2 : ittapi_config_apply_per_lib :  ITTAPI function instrumented: __itt_counter_dec_delta
1676024 : 0xf8fcbc47fd8dd : 2 : ittapi_config_apply_per_lib :  ITTAPI function instrumented: __itt_counter_set_value
1676024 : 0xf8fcbc47fdfd5 : 2 : ittapi_config_apply_per_lib :  ITTAPI function not implemented: __itt_counter_set_value_ex
1676024 : 0xf8fcbc47fe695 : 2 : ittapi_config_apply_per_lib :  ITTAPI function not implemented: __itt_mark_create
1676024 : 0xf8fcbc47fedd8 : 2 : ittapi_config_apply_per_lib :  ITTAPI function not implemented: __itt_mark
1676024 : 0xf8fcbc47ff5e8 : 2 : ittapi_config_apply_per_lib :  ITTAPI function not implemented: __itt_mark_off
1676024 : 0xf8fcbc48011bd : 2 : ittapi_config_apply_per_lib :  ITTAPI function not implemented: __itt_mark_global
1676024 : 0xf8fcbc4801918 : 2 : ittapi_config_apply_per_lib :  ITTAPI function not implemented: __itt_mark_global_off
1676024 : 0xf8fcbc4801fda : 2 : ittapi_config_apply_per_lib :  ITTAPI function NOT instrumented (not matched by --itt-config option): __itt_stack_caller_create

1676024 : 0xf8fcbc48025d4 : 2 : ittapi_config_apply_per_lib :  ITTAPI function NOT instrumented (not matched by --itt-config option): __itt_stack_caller_destroy

1676024 : 0xf8fcbc4802bb4 : 2 : ittapi_config_apply_per_lib :  ITTAPI function NOT instrumented (not matched by --itt-config option): __itt_stack_callee_enter

1676024 : 0xf8fcbc480318f : 2 : ittapi_config_apply_per_lib :  ITTAPI function NOT instrumented (not matched by --itt-config option): __itt_stack_callee_leave

1676024 : 0xf8fcbc4803893 : 2 : ittapi_config_apply_per_lib :  ITTAPI function not implemented: __itt_clock_domain_create
1676024 : 0xf8fcbc4803fe3 : 2 : ittapi_config_apply_per_lib :  ITTAPI function not implemented: __itt_clock_domain_reset
1676024 : 0xf8fcbc48046e9 : 2 : ittapi_config_apply_per_lib :  ITTAPI function not implemented: __itt_id_create_ex
1676024 : 0xf8fcbc4804df7 : 2 : ittapi_config_apply_per_lib :  ITTAPI function not implemented: __itt_id_destroy_ex
1676024 : 0xf8fcbc4807380 : 2 : ittapi_config_apply_per_lib :  ITTAPI function not implemented: __itt_task_begin_ex
1676024 : 0xf8fcbc4807af1 : 2 : ittapi_config_apply_per_lib :  ITTAPI function not implemented: __itt_task_begin_fn_ex
1676024 : 0xf8fcbc4808225 : 2 : ittapi_config_apply_per_lib :  ITTAPI function not implemented: __itt_task_end_ex
1676024 : 0xf8fcbc4808907 : 2 : ittapi_config_apply_per_lib :  ITTAPI function instrumented: __itt_task_begin_overlapped
1676024 : 0xf8fcbc4809026 : 2 : ittapi_config_apply_per_lib :  ITTAPI function not implemented: __itt_task_begin_overlapped_ex
1676024 : 0xf8fcbc480973c : 2 : ittapi_config_apply_per_lib :  ITTAPI function instrumented: __itt_task_end_overlapped
1676024 : 0xf8fcbc4809e6a : 2 : ittapi_config_apply_per_lib :  ITTAPI function not implemented: __itt_task_end_overlapped_ex
1676024 : 0xf8fcbc480a577 : 2 : ittapi_config_apply_per_lib :  ITTAPI function not implemented: __itt_marker_ex
1676024 : 0xf8fcbc480ad3d : 2 : ittapi_config_apply_per_lib :  ITTAPI function not implemented: __itt_metadata_add_with_scope
1676024 : 0xf8fcbc480b4bc : 2 : ittapi_config_apply_per_lib :  ITTAPI function not implemented: __itt_metadata_str_add_with_scope
1676024 : 0xf8fcbc480d230 : 2 : ittapi_config_apply_per_lib :  ITTAPI function not implemented: __itt_relation_add_to_current_ex
1676024 : 0xf8fcbc480d98b : 2 : ittapi_config_apply_per_lib :  ITTAPI function not implemented: __itt_relation_add_ex
1676024 : 0xf8fcbc480e094 : 2 : ittapi_config_apply_per_lib :  ITTAPI function not implemented: __itt_track_group_create
1676024 : 0xf8fcbc480e74c : 2 : ittapi_config_apply_per_lib :  ITTAPI function not implemented: __itt_track_create
1676024 : 0xf8fcbc480ee78 : 2 : ittapi_config_apply_per_lib :  ITTAPI function not implemented: __itt_set_track
1676024 : 0xf8fcbc480f535 : 2 : ittapi_config_apply_per_lib :  ITTAPI function instrumented: __itt_api_version
1676024 : 0xf8fcbc480fc15 : 2 : ittapi_config_apply_per_lib :  ITTAPI function not implemented: __itt_av_save
1676024 : 0xf8fcbc48102b5 : 2 : ittapi_config_apply_per_lib :  ITTAPI function instrumented: __itt_module_load
1676024 : 0xf8fcbc4810989 : 2 : ittapi_config_apply_per_lib :  ITTAPI function not implemented: __itt_module_unload