
1676166 : 0xf8ff97f70e7f4 : 1 : spill_jit_data :  Jit agent is not initialized
1676166 : 0xf8ff97f7be485 : 2 : ittapi_config_mask_get :  --itt-config mask to be applied: 39
1676166 : 0xf8ff97f7bf391 : 2 : ittapi_config_apply_per_lib :  ITTAPI function instrumented: __itt_domain_create
1676166 : 0xf8ff97f7c0804 : 2 : ittapi_config_apply_per_lib :  ITTAPI function instrumented: __itt_module_load_with_sections
1676166 : 0xf8ff97f7c13a5 : 2 : ittapi_config_apply_per_lib :  ITTAPI function not implemented: __itt_module_unload_with_sections
1676166 : 0xf8ff97f7c1d9b : 2 : ittapi_config_apply_per_lib :  ITTAPI function instrumented: __itt_string_handle_create
1676166 : 0xf8ff97f7c2437 : 2 : ittapi_config_apply_per_lib :  ITTAPI function instrumented: __itt_counter_create
1676166 : 0xf8ff97f7c2a82 : 2 : ittapi_config_apply_per_lib :  ITTAPI function instrumented: __itt_counter_create_typed
1676166 : 0xf8ff97f7c3162 : 2 : ittapi_config_apply_per_lib :  ITTAPI function instrumented: __itt_pause
1676166 : 0xf8ff97f7c37d0 : 2 : ittapi_config_apply_per_lib :  ITTAPI function instrumented: __itt_resume
1676166 : 0xf8ff97f7cb37f : 2 : ittapi_config_apply_per_lib :  ITTAPI function instrumented: __itt_thread_set_name
1676166 : 0xf8ff97f7cbc37 : 2 : ittapi_config_apply_per_lib :  ITTAPI function instrumented: __itt_thread_ignore
1676166 : 0xf8ff97f7cc2fc : 2 : ittapi_config_apply_per_lib :  ITTAPI function instrumented: __itt_thr_name_set
1676166 : 0xf8ff97f7cca26 : 2 : ittapi_config_apply_per_lib :  ITTAPI function instrumented: __itt_thr_ignore
1676166 : 0xf8ff97f7cd36f : 2 : ittapi_config_apply_per_lib :  ITTAPI function not implemented: __itt_enable_attach
1676166 : 0xf8ff97f7cdb1f : 2 : ittapi_config_apply_per_lib :  ITTAPI function instrumented: __itt_detach
1676166 : 0xf8ff97f7ce136 : 2 : ittapi_config_apply_per_lib :  ITTAPI function NOT instrumented (not matched by --itt-config option): __itt_sync_create

1676166 : 0xf8ff97f7ce806 : 2 : ittapi_config_apply_per_lib :  ITTAPI function NOT instrumented (not matched by --itt-config option): __itt_sync_rename

1676166 : 0xf8ff97f7ced64 : 2 : ittapi_config_apply_per_lib :  ITTAPI function NOT instrumented (not matched by --itt-config option): __itt_sync_destroy

1676166 : 0xf8ff97f7cf37b : 2 : ittapi_config_apply_per_lib :  ITTAPI function NOT instrumented (not matched by --itt-config option): __itt_sync_prepare

1676166 : 0xf8ff97f7d1449 : 2 : ittapi_config_apply_per_lib :  ITTAPI function NOT instrumented (not matched by --itt-config option): __itt_sync_cancel

1676166 : 0xf8ff97f7d1a74 : 2 : ittapi_config_apply_per_lib :  ITTAPI function NOT instrumented (not matched by --itt-config option): __itt_sync_acquired

1676166 : 0xf8ff97f7d2012 : 2 : ittapi_config_apply_per_lib :  ITTAPI function NOT instrumented (not matched by --itt-config option): __itt_sync_releasing

1676166 : 0xf8ff97f7d2855 : 2 : ittapi_config_apply_per_lib :  ITTAPI function not implemented: __itt_suppress_push
1676166 : 0xf8ff97f7d3232 : 2 : ittapi_config_apply_per_lib :  ITTAPI function not implemented: __itt_suppress_pop
1676166 : 0xf8ff97f7d3a26 : 2 : ittapi_config_apply_per_lib :  ITTAPI function not implemented: __itt_suppress_mark_range
1676166 : 0xf8ff97f7d4252 : 2 : ittapi_config_apply_per_lib :  ITTAPI function not implemented: __itt_suppress_clear_range
1676166 : 0xf8ff97f7d481e : 2 : ittapi_config_apply_per_lib :  ITTAPI function NOT instrumented (not matched by --itt-config option): __itt_sync_prepare

1676166 : 0xf8ff97f7d4dec : 2 : ittapi_config_apply_per_lib :  ITTAPI function NOT instrumented (not matched by --itt-config option): __itt_sync_cancel

1676166 : 0xf8ff97f7d5354 : 2 : ittapi_config_apply_per_lib :  ITTAPI function NOT instrumented (not matched by --itt-config option): __itt_sync_acquired

1676166 : 0xf8ff97f7d6d4c : 2 : ittapi_config_apply_per_lib :  ITTAPI function NOT instrumented (not matched by --itt-config option): __itt_sync_releasing

1676166 : 0xf8ff97f7d736c : 2 : ittapi_config_apply_per_lib :  ITTAPI function NOT instrumented (not matched by --itt-config option): __itt_model_site_begin

1676166 : 0xf8ff97f7d795c : 2 : ittapi_config_apply_per_lib :  ITTAPI function NOT instrumented (not matched by --itt-config option): __itt_model_site_end

1676166 : 0xf8ff97f7d7f13 : 2 : ittapi_config_apply_per_lib :  ITTAPI function NOT instrumented (not matched by --itt-config option): __itt_model_task_begin

1676166 : 0xf8ff97f7d84d8 : 2 : ittapi_config_apply_per_lib :  ITTAPI function NOT instrumented (not matched by --itt-config option): __itt_model_task_end

1676166 : 0xf8ff97f7d8b07 : 2 : ittapi_config_apply_per_lib :  ITTAPI function NOT instrumented (not matched by --itt-config option): __itt_model_lock_acquire

1676166 : 0xf8ff97f7d90ce : 2 : ittapi_config_apply_per_lib :  ITTAPI function NOT instrumented (not matched by --itt-config option): __itt_model_lock_release

1676166 : 0xf8ff97f7d96a3 : 2 : ittapi_config_apply_per_lib :  ITTAPI function NOT instrumented (not matched by --itt-config option): __itt_model_record_allocation

1676166 : 0xf8ff97f7d9c50 : 2 : ittapi_config_apply_per_lib :  ITTAPI function NOT instrumented (not matched by --itt-config option): __itt_model_record_deallocation

1676166 : 0xf8ff97f7da1f0 : 2 : ittapi_config_apply_per_lib :  ITTAPI function NOT instrumented (not matched by --itt-config option): __itt_model_induction_uses

1676166 : 0xf8ff97f7dd06a : 2 : ittapi_config_apply_per_lib :  ITTAPI function NOT instrumented (not matched by --itt-config option): __itt_model_reduction_uses

1676166 : 0xf8ff97f7dd6f3 : 2 : ittapi_config_apply_per_lib :  ITTAPI function NOT instrumented (not matched by --itt-config option): __itt_model_observe_uses

1676166 : 0xf8ff97f7ddcdf : 2 : ittapi_config_apply_per_lib :  ITTAPI function NOT instrumented (not matched by --itt-config option): __itt_model_clear_uses

1676166 : 0xf8ff97f7de2af : 2 : ittapi_config_apply_per_lib :  ITTAPI function NOT instrumented (not matched by --itt-config option): __itt_model_site_beginA

1676166 : 0xf8ff97f7de890 : 2 : ittapi_config_apply_per_lib :  ITTAPI function NOT instrumented (not matched by --itt-config option): __itt_model_site_beginAL

1676166 : 0xf8ff97f7dee8a : 2 : ittapi_config_apply_per_lib :  ITTAPI function NOT instrumented (not matched by --itt-config option): __itt_model_task_beginA

1676166 : 0xf8ff97f7df407 : 2 : ittapi_config_apply_per_lib :  ITTAPI function NOT instrumented (not matched by --itt-config option): __itt_model_task_beginAL

1676166 : 0xf8ff97f7df9cb : 2 : ittapi_config_apply_per_lib :  ITTAPI function NOT instrumented (not matched by --itt-config option): __itt_model_iteration_taskA

1676166 : 0xf8ff97f7dff73 : 2 : ittapi_config_apply_per_lib :  ITTAPI function NOT instrumented (not matched by --itt-config option): __itt_model_iteration_taskAL

1676166 : 0xf8ff97f7e0567 : 2 : ittapi_config_apply_per_lib :  ITTAPI function NOT instrumented (not matched by --itt-config option): __itt_model_site_end_2

1676166 : 0xf8ff97f7e1ebb : 2 : ittapi_config_apply_per_lib :  ITTAPI function NOT instrumented (not matched by --itt-config option): __itt_model_task_end_2

1676166 : 0xf8ff97f7e24aa : 2 : ittapi_config_apply_per_lib :  ITTAPI function NOT instrumented (not matched by --itt-config option): __itt_model_lock_acquire_2

1676166 : 0xf8ff97f7e2a6e : 2 : ittapi_config_apply_per_lib :  ITTAPI function NOT instrumented (not matched by --itt-config option): __itt_model_lock_release_2

1676166 : 0xf8ff97f7e3043 : 2 : ittapi_config_apply_per_lib :  ITTAPI function NOT instrumented (not matched by --itt-config option): __itt_model_aggregate_task

1676166 : 0xf8ff97f7e35ed : 2 : ittapi_config_apply_per_lib :  ITTAPI function NOT instrumented (not matched by --itt-config option): __itt_model_disable_push

1676166 : 0xf8ff97f7e3bbb : 2 : ittapi_config_apply_per_lib :  ITTAPI function NOT instrumented (not matched by --itt-config option): __itt_model_disable_pop

1676166 : 0xf8ff97f7e4298 : 2 : ittapi_config_apply_per_lib :  ITTAPI function instrumented: __itt_heap_function_create
1676166 : 0xf8ff97f7e4994 : 2 : ittapi_config_apply_per_lib :  ITTAPI function instrumented: __itt_heap_allocate_begin
1676166 : 0xf8ff97f7e505a : 2 : ittapi_config_apply_per_lib :  ITTAPI function instrumented: __itt_heap_allocate_end
1676166 : 0xf8ff97f7e5729 : 2 : ittapi_config_apply_per_lib :  ITTAPI function instrumented: __itt_heap_free_begin
1676166 : 0xf8ff97f7e7bdc : 2 : ittapi_config_apply_per_lib :  ITTAPI function instrumented: __itt_heap_free_end
1676166 : 0xf8ff97f7e82cf : 2 : ittapi_config_apply_per_lib :  ITTAPI function instrumented: __itt_heap_reallocate_begin
1676166 : 0xf8ff97f7e88fe : 2 : ittapi_config_apply_per_lib :  ITTAPI function instrumented: __itt_heap_reallocate_end
1676166 : 0xf8ff97f7e90ab : 2 : ittapi_config_apply_per_lib :  ITTAPI function not implemented: __itt_heap_internal_access_begin
1676166 : 0xf8ff97f7e986e : 2 : ittapi_config_apply_per_lib :  ITTAPI function not implemented: __itt_heap_internal_access_end
1676166 : 0xf8ff97f7ea088 : 2 : ittapi_config_apply_per_lib :  ITTAPI function not implemented: __itt_heap_record_memory_growth_begin
1676166 : 0xf8ff97f7ea849 : 2 : ittapi_config_apply_per_lib :  ITTAPI function not implemented: __itt_heap_record_memory_growth_end
1676166 : 0xf8ff97f7eb003 : 2 : ittapi_config_apply_per_lib :  ITTAPI function not implemented: __itt_heap_reset_detection
1676166 : 0xf8ff97f7eb8a3 : 2 : ittapi_config_apply_per_lib :  ITTAPI function not implemented: __itt_heap_record
1676166 : 0xf8ff97f7ec024 : 2 : ittapi_config_apply_per_lib :  ITTAPI function not implemented: __itt_id_create
1676166 : 0xf8ff97f7edcd7 : 2 : ittapi_config_apply_per_lib :  ITTAPI function not implemented: __itt_id_destroy
1676166 : 0xf8ff97f7ee479 : 2 : ittapi_config_apply_per_lib :  ITTAPI function instrumented: __itt_get_timestamp
1676166 : 0xf8ff97f7eebfd : 2 : ittapi_config_apply_per_lib :  ITTAPI function not implemented: __itt_region_begin
1676166 : 0xf8ff97f7ef386 : 2 : ittapi_config_apply_per_lib :  ITTAPI function not implemented: __itt_region_end
1676166 : 0xf8ff97f7efa54 : 2 : ittapi_config_apply_per_lib :  ITTAPI function instrumented: __itt_frame_begin_v3
1676166 : 0xf8ff97f7f00f7 : 2 : ittapi_config_apply_per_lib :  ITTAPI function instrumented: __itt_frame_end_v3
1676166 : 0xf8ff97f7f0785 : 2 : ittapi_config_apply_per_lib :  ITTAPI function instrumented: __itt_frame_submit_v3
1676166 : 0xf8ff97f7f0f4d : 2 : ittapi_config_apply_per_lib :  ITTAPI function not implemented: __itt_task_group
1676166 : 0xf8ff97f7f1662 : 2 : ittapi_config_apply_per_lib :  ITTAPI function instrumented: __itt_task_begin
1676166 : 0xf8ff97f7f1d26 : 2 : ittapi_config_apply_per_lib :  ITTAPI function instrumented: __itt_task_begin_fn
1676166 : 0xf8ff97f7f3762 : 2 : ittapi_config_apply_per_lib :  ITTAPI function instrumented: __itt_task_end
1676166 : 0xf8ff97f7f3fa5 : 2 : ittapi_config_apply_per_lib :  ITTAPI function not implemented: __itt_counter_inc_v3
1676166 : 0xf8ff97f7f47a9 : 2 : ittapi_config_apply_per_lib :  ITTAPI function not implemented: __itt_counter_inc_delta_v3
1676166 : 0xf8ff97f7f4f42 : 2 : ittapi_config_apply_per_lib :  ITTAPI function not implemented: __itt_counter_dec_v3
1676166 : 0xf8ff97f7f5681 : 2 : ittapi_config_apply_per_lib :  ITTAPI function not implemented: __itt_counter_dec_delta_v3
1676166 : 0xf8ff97f7f5dd7 : 2 : ittapi_config_apply_per_lib :  ITTAPI function not implemented: __itt_marker
1676166 : 0xf8ff97f7f64be : 2 : ittapi_config_apply_per_lib :  ITTAPI function instrumented: __itt_metadata_add
1676166 : 0xf8ff97f7f6c1d : 2 : ittapi_config_apply_per_lib :  ITTAPI function not implemented: __itt_metadata_str_add
1676166 : 0xf8ff97f7f73b6 : 2 : ittapi_config_apply_per_lib :  ITTAPI function not implemented: __itt_relation_add_to_current
1676166 : 0xf8ff97f7f7b29 : 2 : ittapi_config_apply_per_lib :  ITTAPI function not implemented: __itt_relation_add
1676166 : 0xf8ff97f7f9544 : 2 : ittapi_config_apply_per_lib :  ITTAPI function instrumented: __itt_event_create
1676166 : 0xf8ff97f7f9c4c : 2 : ittapi_config_apply_per_lib :  ITTAPI function instrumented: __itt_event_start
1676166 : 0xf8ff97f7fa291 : 2 : ittapi_config_apply_per_lib :  ITTAPI function instrumented: __itt_event_end
1676166 : 0xf8ff97f7fa821 : 2 : ittapi_config_apply_per_lib :  ITTAPI function NOT instrumented (not matched by --itt-config option): __itt_sync_set_name

1676166 : 0xf8ff97f7fadf7 : 2 : ittapi_config_apply_per_lib :  ITTAPI function NOT instrumented (not matched by --itt-config option): __itt_notify_sync_name

1676166 : 0xf8ff97f7fb3bb : 2 : ittapi_config_apply_per_lib :  ITTAPI function NOT instrumented (not matched by --itt-config option): __itt_notify_sync_prepare

1676166 : 0xf8ff97f7fba02 : 2 : ittapi_config_apply_per_lib :  ITTAPI function NOT instrumented (not matched by --itt-config option): __itt_notify_sync_cancel

1676166 : 0xf8ff97f7fbfc9 : 2 : ittapi_config_apply_per_lib :  ITTAPI function NOT instrumented (not matched by --itt-config option): __itt_notify_sync_acquired

1676166 : 0xf8ff97f7fc562 : 2 : ittapi_config_apply_per_lib :  ITTAPI function NOT instrumented (not matched by --itt-config option): __itt_notify_sync_releasing

1676166 : 0xf8ff97f7fcc8e : 2 : ittapi_config_apply_per_lib :  ITTAPI function not implemented: __itt_memory_read
1676166 : 0xf8ff97f7ff273 : 2 : ittapi_config_apply_per_lib :  ITTAPI function not implemented: __itt_memory_write
1676166 : 0xf8ff97f7ffaa0 : 2 : ittapi_config_apply_per_lib :  ITTAPI function not implemented: __itt_memory_update
1676166 : 0xf8ff97f800274 : 2 : ittapi_config_apply_per_lib :  ITTAPI function not implemented: __itt_state_get
1676166 : 0xf8ff97f8009a9 : 2 : ittapi_config_apply_per_lib :  ITTAPI function not implemented: __itt_state_set
1676166 : 0xf8ff97f8010f5 : 2 : ittapi_config_apply_per_lib :  ITTAPI function not implemented: __itt_obj_mode_set
1676166 : 0xf8ff97f801888 : 2 : ittapi_config_apply_per_lib :  ITTAPI function not implemented: __itt_thr_mode_set
1676166 : 0xf8ff97f801f35 : 2 : ittapi_config_apply_per_lib :  ITTAPI function instrumented: __itt_frame_create
1676166 : 0xf8ff97f802570 : 2 : ittapi_config_apply_per_lib :  ITTAPI function instrumented: __itt_pt_region_create
1676166 : 0xf8ff97f802c02 : 2 : ittapi_config_apply_per_lib :  ITTAPI function instrumented: __itt_frame_begin
1676166 : 0xf8ff97f80329d : 2 : ittapi_config_apply_per_lib :  ITTAPI function instrumented: __itt_frame_end
1676166 : 0xf8ff97f804f84 : 2 : ittapi_config_apply_per_lib :  ITTAPI function not implemented: __itt_counter_destroy
1676166 : 0xf8ff97f8056c7 : 2 : ittapi_config_apply_per_lib :  ITTAPI function instrumented: __itt_counter_inc
1676166 : 0xf8ff97f805d6b : 2 : ittapi_config_apply_per_lib :  ITTAPI function instrumented: __itt_counter_inc_delta
1676166 : 0xf8ff97f8063c3 : 2 : ittapi_config_apply_per_lib :  ITTAPI function instrumented: __itt_counter_dec
1676166 : 0xf8ff97f806a95 : 2 : ittapi_config_apply_per_lib :  ITTAPI function instrumented: __itt_counter_dec_delta
1676166 : 0xf8ff97f807127 : 2 : ittapi_config_apply_per_lib :  ITTAPI function instrumented: __itt_counter_set_value
1676166 : 0xf8ff97f807832 : 2 : ittapi_config_apply_per_lib :  ITTAPI function not implemented: __itt_counter_set_value_ex
1676166 : 0xf8ff97f807f3c : 2 : ittapi_config_apply_per_lib :  ITTAPI function not implemented: __itt_mark_create
1676166 : 0xf8ff97f808714 : 2 : ittapi_config_apply_per_lib :  ITTAPI function not implemented: __itt_mark
1676166 : 0xf8ff97f808f17 : 2 : ittapi_config_apply_per_lib :  ITTAPI function not implemented: __itt_mark_off
1676166 : 0xf8ff97f80aba8 : 2 : ittapi_config_apply_per_lib :  ITTAPI function not implemented: __itt_mark_global
1676166 : 0xf8ff97f80b402 : 2 : ittapi_config_apply_per_lib :  ITTAPI function not implemented: __itt_mark_global_off
1676166 : 0xf8ff97f80ba7e : 2 : ittapi_config_apply_per_lib :  ITTAPI function NOT instrumented (not matched by --itt-config option): __itt_stack_caller_create

1676166 : 0xf8ff97f80c06f : 2 : ittapi_config_apply_per_lib :  ITTAPI function NOT instrumented (not matched by --itt-config option): __itt_stack_caller_destroy

1676166 : 0xf8ff97f80c643 : 2 : ittapi_config_apply_per_lib :  ITTAPI function NOT instrumented (not matched by --itt-config option): __itt_stack_callee_enter

1676166 : 0xf8ff97f80cc0f : 2 : ittapi_config_apply_per_lib :  ITTAPI function NOT instrumented (not matched by --itt-config option): __itt_stack_callee_leave

1676166 : 0xf8ff97f80d36c : 2 : ittapi_config_apply_per_lib :  ITTAPI function not implemented: __itt_clock_domain_create
1676166 : 0xf8ff97f80db98 : 2 : ittapi_config_apply_per_lib :  ITTAPI function not implemented: __itt_clock_domain_reset
1676166 : 0xf8ff97f80e302 : 2 : ittapi_config_apply_per_lib :  ITTAPI function not implemented: __itt_id_create_ex
1676166 : 0xf8ff97f80ea90 : 2 : ittapi_config_apply_per_lib :  ITTAPI function not implemented: __itt_id_destroy_ex
1676166 : 0xf8ff97f81117e : 2 : ittapi_config_apply_per_lib :  ITTAPI function not implemented: __itt_task_begin_ex
1676166 : 0xf8ff97f811964 : 2 : ittapi_config_apply_per_lib :  ITTAPI function not implemented: __itt_task_begin_fn_ex
1676166 : 0xf8ff97f812108 : 2 : ittapi_config_apply_per_lib :  ITTAPI function not implemented: __itt_task_end_ex
1676166 : 0xf8ff97f8127ff : 2 : ittapi_config_apply_per_lib :  ITTAPI function instrumented: __itt_task_begin_overlapped
1676166 : 0xf8ff97f812f45 : 2 : ittapi_config_apply_per_lib :  ITTAPI function not implemented: __itt_task_begin_overlapped_ex
1676166 : 0xf8ff97f813668 : 2 : ittapi_config_apply_per_lib :  ITTAPI function instrumented: __itt_task_end_overlapped
1676166 : 0xf8ff97f813dbc : 2 : ittapi_config_apply_per_lib :  ITTAPI function not implemented: __itt_task_end_overlapped_ex
1676166 : 0xf8ff97f8144fd : 2 : ittapi_config_apply_per_lib :  ITTAPI function not implemented: __itt_marker_ex
1676166 : 0xf8ff97f814cdc : 2 : ittapi_config_apply_per_lib :  ITTAPI function not implemented: __itt_metadata_add_with_scope
1676166 : 0xf8ff97f8154bc : 2 : ittapi_config_apply_per_lib :  ITTAPI function not implemented: __itt_metadata_str_add_with_scope
1676166 : 0xf8ff97f8173ee : 2 : ittapi_config_apply_per_lib :  ITTAPI function not implemented: __itt_relation_add_to_current_ex
1676166 : 0xf8ff97f817bc2 : 2 : ittapi_config_apply_per_lib :  ITTAPI function not implemented: __itt_relation_add_ex
1676166 : 0xf8ff97f818315 : 2 : ittapi_config_apply_per_lib :  ITTAPI function not implemented: __itt_track_group_create
1676166 : 0xf8ff97f818a04 : 2 : ittapi_config_apply_per_lib :  ITTAPI function not implemented: __itt_track_create
1676166 : 0xf8ff97f819159 : 2 : ittapi_config_apply_per_lib :  ITTAPI function not implemented: __itt_set_track
1676166 : 0xf8ff97f819835 : 2 : ittapi_config_apply_per_lib :  ITTAPI function instrumented: __itt_api_version
1676166 : 0xf8ff97f819f40 : 2 : ittapi_config_apply_per_lib :  ITTAPI function not implemented: __itt_av_save
1676166 : 0xf8ff97f81a656 : 2 : ittapi_config_apply_per_lib :  ITTAPI function instrumented: __itt_module_load
1676166 : 0xf8ff97f81ad72 : 2 : ittapi_config_apply_per_lib :  ITTAPI function not implemented: __itt_module_unload