
1883960 : 0x101389e114a62f : 1 : spill_jit_data :  Jit agent is not initialized
1883960 : 0x101389e115d4b3 : 2 : ittapi_config_mask_get :  --itt-config mask to be applied: 39
1883960 : 0x101389e115f477 : 2 : ittapi_config_apply_per_lib :  ITTAPI function instrumented: __itt_domain_create
1883960 : 0x101389e11609cb : 2 : ittapi_config_apply_per_lib :  ITTAPI function instrumented: __itt_module_load_with_sections
1883960 : 0x101389e1162654 : 2 : ittapi_config_apply_per_lib :  ITTAPI function not implemented: __itt_module_unload_with_sections
1883960 : 0x101389e1163de2 : 2 : ittapi_config_apply_per_lib :  ITTAPI function instrumented: __itt_string_handle_create
1883960 : 0x101389e1164e8f : 2 : ittapi_config_apply_per_lib :  ITTAPI function instrumented: __itt_counter_create
1883960 : 0x101389e1165e7a : 2 : ittapi_config_apply_per_lib :  ITTAPI function instrumented: __itt_counter_create_typed
1883960 : 0x101389e11670a2 : 2 : ittapi_config_apply_per_lib :  ITTAPI function instrumented: __itt_pause
1883960 : 0x101389e1168169 : 2 : ittapi_config_apply_per_lib :  ITTAPI function instrumented: __itt_resume
1883960 : 0x101389e1176fd0 : 2 : ittapi_config_apply_per_lib :  ITTAPI function instrumented: __itt_thread_set_name
1883960 : 0x101389e117859c : 2 : ittapi_config_apply_per_lib :  ITTAPI function instrumented: __itt_thread_ignore
1883960 : 0x101389e117970d : 2 : ittapi_config_apply_per_lib :  ITTAPI function instrumented: __itt_thr_name_set
1883960 : 0x101389e117a8f6 : 2 : ittapi_config_apply_per_lib :  ITTAPI function instrumented: __itt_thr_ignore
1883960 : 0x101389e117bfa9 : 2 : ittapi_config_apply_per_lib :  ITTAPI function not implemented: __itt_enable_attach
1883960 : 0x101389e117d138 : 2 : ittapi_config_apply_per_lib :  ITTAPI function instrumented: __itt_detach
1883960 : 0x101389e117e0c5 : 2 : ittapi_config_apply_per_lib :  ITTAPI function NOT instrumented (not matched by --itt-config option): __itt_sync_create

1883960 : 0x101389e117f15a : 2 : ittapi_config_apply_per_lib :  ITTAPI function NOT instrumented (not matched by --itt-config option): __itt_sync_rename

1883960 : 0x101389e117ff8c : 2 : ittapi_config_apply_per_lib :  ITTAPI function NOT instrumented (not matched by --itt-config option): __itt_sync_destroy

1883960 : 0x101389e1180ea4 : 2 : ittapi_config_apply_per_lib :  ITTAPI function NOT instrumented (not matched by --itt-config option): __itt_sync_prepare

1883960 : 0x101389e11854db : 2 : ittapi_config_apply_per_lib :  ITTAPI function NOT instrumented (not matched by --itt-config option): __itt_sync_cancel

1883960 : 0x101389e1186490 : 2 : ittapi_config_apply_per_lib :  ITTAPI function NOT instrumented (not matched by --itt-config option): __itt_sync_acquired

1883960 : 0x101389e11872e7 : 2 : ittapi_config_apply_per_lib :  ITTAPI function NOT instrumented (not matched by --itt-config option): __itt_sync_releasing

1883960 : 0x101389e118879e : 2 : ittapi_config_apply_per_lib :  ITTAPI function not implemented: __itt_suppress_push
1883960 : 0x101389e1189d81 : 2 : ittapi_config_apply_per_lib :  ITTAPI function not implemented: __itt_suppress_pop
1883960 : 0x101389e118b0e7 : 2 : ittapi_config_apply_per_lib :  ITTAPI function not implemented: __itt_suppress_mark_range
1883960 : 0x101389e118c46e : 2 : ittapi_config_apply_per_lib :  ITTAPI function not implemented: __itt_suppress_clear_range
1883960 : 0x101389e118d33a : 2 : ittapi_config_apply_per_lib :  ITTAPI function NOT instrumented (not matched by --itt-config option): __itt_sync_prepare

1883960 : 0x101389e118e16c : 2 : ittapi_config_apply_per_lib :  ITTAPI function NOT instrumented (not matched by --itt-config option): __itt_sync_cancel

1883960 : 0x101389e118ef9e : 2 : ittapi_config_apply_per_lib :  ITTAPI function NOT instrumented (not matched by --itt-config option): __itt_sync_acquired

1883960 : 0x101389e1192caa : 2 : ittapi_config_apply_per_lib :  ITTAPI function NOT instrumented (not matched by --itt-config option): __itt_sync_releasing

1883960 : 0x101389e1193ce2 : 2 : ittapi_config_apply_per_lib :  ITTAPI function NOT instrumented (not matched by --itt-config option): __itt_model_site_begin

1883960 : 0x101389e1194c18 : 2 : ittapi_config_apply_per_lib :  ITTAPI function NOT instrumented (not matched by --itt-config option): __itt_model_site_end

1883960 : 0x101389e1195b0c : 2 : ittapi_config_apply_per_lib :  ITTAPI function NOT instrumented (not matched by --itt-config option): __itt_model_task_begin

1883960 : 0x101389e119693e : 2 : ittapi_config_apply_per_lib :  ITTAPI function NOT instrumented (not matched by --itt-config option): __itt_model_task_end

1883960 : 0x101389e11978ae : 2 : ittapi_config_apply_per_lib :  ITTAPI function NOT instrumented (not matched by --itt-config option): __itt_model_lock_acquire

1883960 : 0x101389e1198780 : 2 : ittapi_config_apply_per_lib :  ITTAPI function NOT instrumented (not matched by --itt-config option): __itt_model_lock_release

1883960 : 0x101389e1199688 : 2 : ittapi_config_apply_per_lib :  ITTAPI function NOT instrumented (not matched by --itt-config option): __itt_model_record_allocation

1883960 : 0x101389e119a4c4 : 2 : ittapi_config_apply_per_lib :  ITTAPI function NOT instrumented (not matched by --itt-config option): __itt_model_record_deallocation

1883960 : 0x101389e119b357 : 2 : ittapi_config_apply_per_lib :  ITTAPI function NOT instrumented (not matched by --itt-config option): __itt_model_induction_uses

1883960 : 0x101389e11a0d22 : 2 : ittapi_config_apply_per_lib :  ITTAPI function NOT instrumented (not matched by --itt-config option): __itt_model_reduction_uses

1883960 : 0x101389e11a1da6 : 2 : ittapi_config_apply_per_lib :  ITTAPI function NOT instrumented (not matched by --itt-config option): __itt_model_observe_uses

1883960 : 0x101389e11a2c93 : 2 : ittapi_config_apply_per_lib :  ITTAPI function NOT instrumented (not matched by --itt-config option): __itt_model_clear_uses

1883960 : 0x101389e11a3b0b : 2 : ittapi_config_apply_per_lib :  ITTAPI function NOT instrumented (not matched by --itt-config option): __itt_model_site_beginA

1883960 : 0x101389e11a4a06 : 2 : ittapi_config_apply_per_lib :  ITTAPI function NOT instrumented (not matched by --itt-config option): __itt_model_site_beginAL

1883960 : 0x101389e11a5921 : 2 : ittapi_config_apply_per_lib :  ITTAPI function NOT instrumented (not matched by --itt-config option): __itt_model_task_beginA

1883960 : 0x101389e11a675e : 2 : ittapi_config_apply_per_lib :  ITTAPI function NOT instrumented (not matched by --itt-config option): __itt_model_task_beginAL

1883960 : 0x101389e11a7633 : 2 : ittapi_config_apply_per_lib :  ITTAPI function NOT instrumented (not matched by --itt-config option): __itt_model_iteration_taskA

1883960 : 0x101389e11a84a5 : 2 : ittapi_config_apply_per_lib :  ITTAPI function NOT instrumented (not matched by --itt-config option): __itt_model_iteration_taskAL

1883960 : 0x101389e11a93c8 : 2 : ittapi_config_apply_per_lib :  ITTAPI function NOT instrumented (not matched by --itt-config option): __itt_model_site_end_2

1883960 : 0x101389e11ad09b : 2 : ittapi_config_apply_per_lib :  ITTAPI function NOT instrumented (not matched by --itt-config option): __itt_model_task_end_2

1883960 : 0x101389e11adf8b : 2 : ittapi_config_apply_per_lib :  ITTAPI function NOT instrumented (not matched by --itt-config option): __itt_model_lock_acquire_2

1883960 : 0x101389e11aee07 : 2 : ittapi_config_apply_per_lib :  ITTAPI function NOT instrumented (not matched by --itt-config option): __itt_model_lock_release_2

1883960 : 0x101389e11afcae : 2 : ittapi_config_apply_per_lib :  ITTAPI function NOT instrumented (not matched by --itt-config option): __itt_model_aggregate_task

1883960 : 0x101389e11b0b44 : 2 : ittapi_config_apply_per_lib :  ITTAPI function NOT instrumented (not matched by --itt-config option): __itt_model_disable_push

1883960 : 0x101389e11b19bd : 2 : ittapi_config_apply_per_lib :  ITTAPI function NOT instrumented (not matched by --itt-config option): __itt_model_disable_pop

1883960 : 0x101389e11b2aa5 : 2 : ittapi_config_apply_per_lib :  ITTAPI function instrumented: __itt_heap_function_create
1883960 : 0x101389e11b3be1 : 2 : ittapi_config_apply_per_lib :  ITTAPI function instrumented: __itt_heap_allocate_begin
1883960 : 0x101389e11b4d19 : 2 : ittapi_config_apply_per_lib :  ITTAPI function instrumented: __itt_heap_allocate_end
1883960 : 0x101389e11b5e23 : 2 : ittapi_config_apply_per_lib :  ITTAPI function instrumented: __itt_heap_free_begin
1883960 : 0x101389e11bb74a : 2 : ittapi_config_apply_per_lib :  ITTAPI function instrumented: __itt_heap_free_end
1883960 : 0x101389e11bc95f : 2 : ittapi_config_apply_per_lib :  ITTAPI function instrumented: __itt_heap_reallocate_begin
1883960 : 0x101389e11bd96e : 2 : ittapi_config_apply_per_lib :  ITTAPI function instrumented: __itt_heap_reallocate_end
1883960 : 0x101389e11bec87 : 2 : ittapi_config_apply_per_lib :  ITTAPI function not implemented: __itt_heap_internal_access_begin
1883960 : 0x101389e11bff18 : 2 : ittapi_config_apply_per_lib :  ITTAPI function not implemented: __itt_heap_internal_access_end
1883960 : 0x101389e11c125c : 2 : ittapi_config_apply_per_lib :  ITTAPI function not implemented: __itt_heap_record_memory_growth_begin
1883960 : 0x101389e11c24e5 : 2 : ittapi_config_apply_per_lib :  ITTAPI function not implemented: __itt_heap_record_memory_growth_end
1883960 : 0x101389e11c378d : 2 : ittapi_config_apply_per_lib :  ITTAPI function not implemented: __itt_heap_reset_detection
1883960 : 0x101389e11c4baa : 2 : ittapi_config_apply_per_lib :  ITTAPI function not implemented: __itt_heap_record
1883960 : 0x101389e11c5f99 : 2 : ittapi_config_apply_per_lib :  ITTAPI function not implemented: __itt_id_create
1883960 : 0x101389e11ca24a : 2 : ittapi_config_apply_per_lib :  ITTAPI function not implemented: __itt_id_destroy
1883960 : 0x101389e11cb408 : 2 : ittapi_config_apply_per_lib :  ITTAPI function instrumented: __itt_get_timestamp
1883960 : 0x101389e11cc687 : 2 : ittapi_config_apply_per_lib :  ITTAPI function not implemented: __itt_region_begin
1883960 : 0x101389e11cd8a3 : 2 : ittapi_config_apply_per_lib :  ITTAPI function not implemented: __itt_region_end
1883960 : 0x101389e11ce9e5 : 2 : ittapi_config_apply_per_lib :  ITTAPI function instrumented: __itt_frame_begin_v3
1883960 : 0x101389e11cfb93 : 2 : ittapi_config_apply_per_lib :  ITTAPI function instrumented: __itt_frame_end_v3
1883960 : 0x101389e11d0c28 : 2 : ittapi_config_apply_per_lib :  ITTAPI function instrumented: __itt_frame_submit_v3
1883960 : 0x101389e11d1ec8 : 2 : ittapi_config_apply_per_lib :  ITTAPI function not implemented: __itt_task_group
1883960 : 0x101389e11d2fb4 : 2 : ittapi_config_apply_per_lib :  ITTAPI function instrumented: __itt_task_begin
1883960 : 0x101389e11d4085 : 2 : ittapi_config_apply_per_lib :  ITTAPI function instrumented: __itt_task_begin_fn
1883960 : 0x101389e11d803a : 2 : ittapi_config_apply_per_lib :  ITTAPI function instrumented: __itt_task_end
1883960 : 0x101389e11d934c : 2 : ittapi_config_apply_per_lib :  ITTAPI function not implemented: __itt_counter_inc_v3
1883960 : 0x101389e11da626 : 2 : ittapi_config_apply_per_lib :  ITTAPI function not implemented: __itt_counter_inc_delta_v3
1883960 : 0x101389e11db866 : 2 : ittapi_config_apply_per_lib :  ITTAPI function not implemented: __itt_counter_dec_v3
1883960 : 0x101389e11dc987 : 2 : ittapi_config_apply_per_lib :  ITTAPI function not implemented: __itt_counter_dec_delta_v3
1883960 : 0x101389e11ddbd8 : 2 : ittapi_config_apply_per_lib :  ITTAPI function not implemented: __itt_marker
1883960 : 0x101389e11ded56 : 2 : ittapi_config_apply_per_lib :  ITTAPI function instrumented: __itt_metadata_add
1883960 : 0x101389e11dff5e : 2 : ittapi_config_apply_per_lib :  ITTAPI function not implemented: __itt_metadata_str_add
1883960 : 0x101389e11e1168 : 2 : ittapi_config_apply_per_lib :  ITTAPI function not implemented: __itt_relation_add_to_current
1883960 : 0x101389e11e23a9 : 2 : ittapi_config_apply_per_lib :  ITTAPI function not implemented: __itt_relation_add
1883960 : 0x101389e11e615f : 2 : ittapi_config_apply_per_lib :  ITTAPI function instrumented: __itt_event_create
1883960 : 0x101389e11e7323 : 2 : ittapi_config_apply_per_lib :  ITTAPI function instrumented: __itt_event_start
1883960 : 0x101389e11e8389 : 2 : ittapi_config_apply_per_lib :  ITTAPI function instrumented: __itt_event_end
1883960 : 0x101389e11e91a4 : 2 : ittapi_config_apply_per_lib :  ITTAPI function NOT instrumented (not matched by --itt-config option): __itt_sync_set_name

1883960 : 0x101389e11ea05c : 2 : ittapi_config_apply_per_lib :  ITTAPI function NOT instrumented (not matched by --itt-config option): __itt_notify_sync_name

1883960 : 0x101389e11eaee8 : 2 : ittapi_config_apply_per_lib :  ITTAPI function NOT instrumented (not matched by --itt-config option): __itt_notify_sync_prepare

1883960 : 0x101389e11ebce8 : 2 : ittapi_config_apply_per_lib :  ITTAPI function NOT instrumented (not matched by --itt-config option): __itt_notify_sync_cancel

1883960 : 0x101389e11ecb75 : 2 : ittapi_config_apply_per_lib :  ITTAPI function NOT instrumented (not matched by --itt-config option): __itt_notify_sync_acquired

1883960 : 0x101389e11ed9bf : 2 : ittapi_config_apply_per_lib :  ITTAPI function NOT instrumented (not matched by --itt-config option): __itt_notify_sync_releasing

1883960 : 0x101389e11eeb86 : 2 : ittapi_config_apply_per_lib :  ITTAPI function not implemented: __itt_memory_read
1883960 : 0x101389e11f4189 : 2 : ittapi_config_apply_per_lib :  ITTAPI function not implemented: __itt_memory_write
1883960 : 0x101389e11f557b : 2 : ittapi_config_apply_per_lib :  ITTAPI function not implemented: __itt_memory_update
1883960 : 0x101389e11f67d3 : 2 : ittapi_config_apply_per_lib :  ITTAPI function not implemented: __itt_state_get
1883960 : 0x101389e11f7929 : 2 : ittapi_config_apply_per_lib :  ITTAPI function not implemented: __itt_state_set
1883960 : 0x101389e11f8a51 : 2 : ittapi_config_apply_per_lib :  ITTAPI function not implemented: __itt_obj_mode_set
1883960 : 0x101389e11f9bcc : 2 : ittapi_config_apply_per_lib :  ITTAPI function not implemented: __itt_thr_mode_set
1883960 : 0x101389e11fac22 : 2 : ittapi_config_apply_per_lib :  ITTAPI function instrumented: __itt_frame_create
1883960 : 0x101389e11fbc66 : 2 : ittapi_config_apply_per_lib :  ITTAPI function instrumented: __itt_pt_region_create
1883960 : 0x101389e11fcd66 : 2 : ittapi_config_apply_per_lib :  ITTAPI function instrumented: __itt_frame_begin
1883960 : 0x101389e11fde73 : 2 : ittapi_config_apply_per_lib :  ITTAPI function instrumented: __itt_frame_end
1883960 : 0x101389e1201f5f : 2 : ittapi_config_apply_per_lib :  ITTAPI function not implemented: __itt_counter_destroy
1883960 : 0x101389e12030f5 : 2 : ittapi_config_apply_per_lib :  ITTAPI function instrumented: __itt_counter_inc
1883960 : 0x101389e12041bf : 2 : ittapi_config_apply_per_lib :  ITTAPI function instrumented: __itt_counter_inc_delta
1883960 : 0x101389e1205225 : 2 : ittapi_config_apply_per_lib :  ITTAPI function instrumented: __itt_counter_dec
1883960 : 0x101389e1206390 : 2 : ittapi_config_apply_per_lib :  ITTAPI function instrumented: __itt_counter_dec_delta
1883960 : 0x101389e12074f7 : 2 : ittapi_config_apply_per_lib :  ITTAPI function instrumented: __itt_counter_set_value
1883960 : 0x101389e12087ff : 2 : ittapi_config_apply_per_lib :  ITTAPI function not implemented: __itt_counter_set_value_ex
1883960 : 0x101389e1209b54 : 2 : ittapi_config_apply_per_lib :  ITTAPI function not implemented: __itt_mark_create
1883960 : 0x101389e120af78 : 2 : ittapi_config_apply_per_lib :  ITTAPI function not implemented: __itt_mark
1883960 : 0x101389e120c34f : 2 : ittapi_config_apply_per_lib :  ITTAPI function not implemented: __itt_mark_off
1883960 : 0x101389e121045c : 2 : ittapi_config_apply_per_lib :  ITTAPI function not implemented: __itt_mark_global
1883960 : 0x101389e1211714 : 2 : ittapi_config_apply_per_lib :  ITTAPI function not implemented: __itt_mark_global_off
1883960 : 0x101389e1212756 : 2 : ittapi_config_apply_per_lib :  ITTAPI function NOT instrumented (not matched by --itt-config option): __itt_stack_caller_create

1883960 : 0x101389e121366b : 2 : ittapi_config_apply_per_lib :  ITTAPI function NOT instrumented (not matched by --itt-config option): __itt_stack_caller_destroy

1883960 : 0x101389e12144ed : 2 : ittapi_config_apply_per_lib :  ITTAPI function NOT instrumented (not matched by --itt-config option): __itt_stack_callee_enter

1883960 : 0x101389e12153a5 : 2 : ittapi_config_apply_per_lib :  ITTAPI function NOT instrumented (not matched by --itt-config option): __itt_stack_callee_leave

1883960 : 0x101389e1216577 : 2 : ittapi_config_apply_per_lib :  ITTAPI function not implemented: __itt_clock_domain_create
1883960 : 0x101389e1217788 : 2 : ittapi_config_apply_per_lib :  ITTAPI function not implemented: __itt_clock_domain_reset
1883960 : 0x101389e1218967 : 2 : ittapi_config_apply_per_lib :  ITTAPI function not implemented: __itt_id_create_ex
1883960 : 0x101389e1219bb8 : 2 : ittapi_config_apply_per_lib :  ITTAPI function not implemented: __itt_id_destroy_ex
1883960 : 0x101389e121f143 : 2 : ittapi_config_apply_per_lib :  ITTAPI function not implemented: __itt_task_begin_ex
1883960 : 0x101389e122045c : 2 : ittapi_config_apply_per_lib :  ITTAPI function not implemented: __itt_task_begin_fn_ex
1883960 : 0x101389e1221663 : 2 : ittapi_config_apply_per_lib :  ITTAPI function not implemented: __itt_task_end_ex
1883960 : 0x101389e12228aa : 2 : ittapi_config_apply_per_lib :  ITTAPI function instrumented: __itt_task_begin_overlapped
1883960 : 0x101389e1223ae0 : 2 : ittapi_config_apply_per_lib :  ITTAPI function not implemented: __itt_task_begin_overlapped_ex
1883960 : 0x101389e1224d52 : 2 : ittapi_config_apply_per_lib :  ITTAPI function instrumented: __itt_task_end_overlapped
1883960 : 0x101389e1225fa3 : 2 : ittapi_config_apply_per_lib :  ITTAPI function not implemented: __itt_task_end_overlapped_ex
1883960 : 0x101389e1227136 : 2 : ittapi_config_apply_per_lib :  ITTAPI function not implemented: __itt_marker_ex
1883960 : 0x101389e12283d3 : 2 : ittapi_config_apply_per_lib :  ITTAPI function not implemented: __itt_metadata_add_with_scope
1883960 : 0x101389e12296d8 : 2 : ittapi_config_apply_per_lib :  ITTAPI function not implemented: __itt_metadata_str_add_with_scope
1883960 : 0x101389e122d92f : 2 : ittapi_config_apply_per_lib :  ITTAPI function not implemented: __itt_relation_add_to_current_ex
1883960 : 0x101389e122eb12 : 2 : ittapi_config_apply_per_lib :  ITTAPI function not implemented: __itt_relation_add_ex
1883960 : 0x101389e122fc40 : 2 : ittapi_config_apply_per_lib :  ITTAPI function not implemented: __itt_track_group_create
1883960 : 0x101389e1230d0e : 2 : ittapi_config_apply_per_lib :  ITTAPI function not implemented: __itt_track_create
1883960 : 0x101389e1231efe : 2 : ittapi_config_apply_per_lib :  ITTAPI function not implemented: __itt_set_track
1883960 : 0x101389e123306f : 2 : ittapi_config_apply_per_lib :  ITTAPI function instrumented: __itt_api_version
1883960 : 0x101389e1234212 : 2 : ittapi_config_apply_per_lib :  ITTAPI function not implemented: __itt_av_save
1883960 : 0x101389e12353d0 : 2 : ittapi_config_apply_per_lib :  ITTAPI function instrumented: __itt_module_load
1883960 : 0x101389e12364ff : 2 : ittapi_config_apply_per_lib :  ITTAPI function not implemented: __itt_module_unload