
2070938 : 0x11514e928d7f2c : 1 : spill_jit_data :  Jit agent is not initialized
2070938 : 0x11514e929f6adf : 2 : ittapi_config_mask_get :  --itt-config mask to be applied: 39
2070938 : 0x11514e929fbdeb : 2 : ittapi_config_apply_per_lib :  ITTAPI function instrumented: __itt_domain_create
2070938 : 0x11514e929fd726 : 2 : ittapi_config_apply_per_lib :  ITTAPI function instrumented: __itt_module_load_with_sections
2070938 : 0x11514e929fe77e : 2 : ittapi_config_apply_per_lib :  ITTAPI function not implemented: __itt_module_unload_with_sections
2070938 : 0x11514e929ff65e : 2 : ittapi_config_apply_per_lib :  ITTAPI function instrumented: __itt_string_handle_create
2070938 : 0x11514e929fff2e : 2 : ittapi_config_apply_per_lib :  ITTAPI function instrumented: __itt_counter_create
2070938 : 0x11514e92a00705 : 2 : ittapi_config_apply_per_lib :  ITTAPI function instrumented: __itt_counter_create_typed
2070938 : 0x11514e92a00f8d : 2 : ittapi_config_apply_per_lib :  ITTAPI function instrumented: __itt_pause
2070938 : 0x11514e92a017db : 2 : ittapi_config_apply_per_lib :  ITTAPI function instrumented: __itt_resume
2070938 : 0x11514e92a0e3e4 : 2 : ittapi_config_apply_per_lib :  ITTAPI function instrumented: __itt_thread_set_name
2070938 : 0x11514e92a0eef0 : 2 : ittapi_config_apply_per_lib :  ITTAPI function instrumented: __itt_thread_ignore
2070938 : 0x11514e92a0f778 : 2 : ittapi_config_apply_per_lib :  ITTAPI function instrumented: __itt_thr_name_set
2070938 : 0x11514e92a10061 : 2 : ittapi_config_apply_per_lib :  ITTAPI function instrumented: __itt_thr_ignore
2070938 : 0x11514e92a10b4f : 2 : ittapi_config_apply_per_lib :  ITTAPI function not implemented: __itt_enable_attach
2070938 : 0x11514e92a1135e : 2 : ittapi_config_apply_per_lib :  ITTAPI function instrumented: __itt_detach
2070938 : 0x11514e92a11a99 : 2 : ittapi_config_apply_per_lib :  ITTAPI function NOT instrumented (not matched by --itt-config option): __itt_sync_create

2070938 : 0x11514e92a12295 : 2 : ittapi_config_apply_per_lib :  ITTAPI function NOT instrumented (not matched by --itt-config option): __itt_sync_rename

2070938 : 0x11514e92a12923 : 2 : ittapi_config_apply_per_lib :  ITTAPI function NOT instrumented (not matched by --itt-config option): __itt_sync_destroy

2070938 : 0x11514e92a1305e : 2 : ittapi_config_apply_per_lib :  ITTAPI function NOT instrumented (not matched by --itt-config option): __itt_sync_prepare

2070938 : 0x11514e92a15577 : 2 : ittapi_config_apply_per_lib :  ITTAPI function NOT instrumented (not matched by --itt-config option): __itt_sync_cancel

2070938 : 0x11514e92a15c9e : 2 : ittapi_config_apply_per_lib :  ITTAPI function NOT instrumented (not matched by --itt-config option): __itt_sync_acquired

2070938 : 0x11514e92a16364 : 2 : ittapi_config_apply_per_lib :  ITTAPI function NOT instrumented (not matched by --itt-config option): __itt_sync_releasing

2070938 : 0x11514e92a16cde : 2 : ittapi_config_apply_per_lib :  ITTAPI function not implemented: __itt_suppress_push
2070938 : 0x11514e92a17809 : 2 : ittapi_config_apply_per_lib :  ITTAPI function not implemented: __itt_suppress_pop
2070938 : 0x11514e92a18124 : 2 : ittapi_config_apply_per_lib :  ITTAPI function not implemented: __itt_suppress_mark_range
2070938 : 0x11514e92a18b1c : 2 : ittapi_config_apply_per_lib :  ITTAPI function not implemented: __itt_suppress_clear_range
2070938 : 0x11514e92a191e2 : 2 : ittapi_config_apply_per_lib :  ITTAPI function NOT instrumented (not matched by --itt-config option): __itt_sync_prepare

2070938 : 0x11514e92a198e7 : 2 : ittapi_config_apply_per_lib :  ITTAPI function NOT instrumented (not matched by --itt-config option): __itt_sync_cancel

2070938 : 0x11514e92a19f8b : 2 : ittapi_config_apply_per_lib :  ITTAPI function NOT instrumented (not matched by --itt-config option): __itt_sync_acquired

2070938 : 0x11514e92a1bcbc : 2 : ittapi_config_apply_per_lib :  ITTAPI function NOT instrumented (not matched by --itt-config option): __itt_sync_releasing

2070938 : 0x11514e92a1c44d : 2 : ittapi_config_apply_per_lib :  ITTAPI function NOT instrumented (not matched by --itt-config option): __itt_model_site_begin

2070938 : 0x11514e92a20782 : 2 : ittapi_config_apply_per_lib :  ITTAPI function NOT instrumented (not matched by --itt-config option): __itt_model_site_end

2070938 : 0x11514e92a20eff : 2 : ittapi_config_apply_per_lib :  ITTAPI function NOT instrumented (not matched by --itt-config option): __itt_model_task_begin

2070938 : 0x11514e92a21626 : 2 : ittapi_config_apply_per_lib :  ITTAPI function NOT instrumented (not matched by --itt-config option): __itt_model_task_end

2070938 : 0x11514e92a21db8 : 2 : ittapi_config_apply_per_lib :  ITTAPI function NOT instrumented (not matched by --itt-config option): __itt_model_lock_acquire

2070938 : 0x11514e92a224fd : 2 : ittapi_config_apply_per_lib :  ITTAPI function NOT instrumented (not matched by --itt-config option): __itt_model_lock_release

2070938 : 0x11514e92a22c32 : 2 : ittapi_config_apply_per_lib :  ITTAPI function NOT instrumented (not matched by --itt-config option): __itt_model_record_allocation

2070938 : 0x11514e92a2333a : 2 : ittapi_config_apply_per_lib :  ITTAPI function NOT instrumented (not matched by --itt-config option): __itt_model_record_deallocation

2070938 : 0x11514e92a23a6c : 2 : ittapi_config_apply_per_lib :  ITTAPI function NOT instrumented (not matched by --itt-config option): __itt_model_induction_uses

2070938 : 0x11514e92a26bbc : 2 : ittapi_config_apply_per_lib :  ITTAPI function NOT instrumented (not matched by --itt-config option): __itt_model_reduction_uses

2070938 : 0x11514e92a27409 : 2 : ittapi_config_apply_per_lib :  ITTAPI function NOT instrumented (not matched by --itt-config option): __itt_model_observe_uses

2070938 : 0x11514e92a27b7b : 2 : ittapi_config_apply_per_lib :  ITTAPI function NOT instrumented (not matched by --itt-config option): __itt_model_clear_uses

2070938 : 0x11514e92a282ec : 2 : ittapi_config_apply_per_lib :  ITTAPI function NOT instrumented (not matched by --itt-config option): __itt_model_site_beginA

2070938 : 0x11514e92a28a40 : 2 : ittapi_config_apply_per_lib :  ITTAPI function NOT instrumented (not matched by --itt-config option): __itt_model_site_beginAL

2070938 : 0x11514e92a291a5 : 2 : ittapi_config_apply_per_lib :  ITTAPI function NOT instrumented (not matched by --itt-config option): __itt_model_task_beginA

2070938 : 0x11514e92a298ad : 2 : ittapi_config_apply_per_lib :  ITTAPI function NOT instrumented (not matched by --itt-config option): __itt_model_task_beginAL

2070938 : 0x11514e92a29ff9 : 2 : ittapi_config_apply_per_lib :  ITTAPI function NOT instrumented (not matched by --itt-config option): __itt_model_iteration_taskA

2070938 : 0x11514e92a2a70a : 2 : ittapi_config_apply_per_lib :  ITTAPI function NOT instrumented (not matched by --itt-config option): __itt_model_iteration_taskAL

2070938 : 0x11514e92a2af90 : 2 : ittapi_config_apply_per_lib :  ITTAPI function NOT instrumented (not matched by --itt-config option): __itt_model_site_end_2

2070938 : 0x11514e92a2ce61 : 2 : ittapi_config_apply_per_lib :  ITTAPI function NOT instrumented (not matched by --itt-config option): __itt_model_task_end_2

2070938 : 0x11514e92a2d5d1 : 2 : ittapi_config_apply_per_lib :  ITTAPI function NOT instrumented (not matched by --itt-config option): __itt_model_lock_acquire_2

2070938 : 0x11514e92a2dd17 : 2 : ittapi_config_apply_per_lib :  ITTAPI function NOT instrumented (not matched by --itt-config option): __itt_model_lock_release_2

2070938 : 0x11514e92a2e472 : 2 : ittapi_config_apply_per_lib :  ITTAPI function NOT instrumented (not matched by --itt-config option): __itt_model_aggregate_task

2070938 : 0x11514e92a2ebbb : 2 : ittapi_config_apply_per_lib :  ITTAPI function NOT instrumented (not matched by --itt-config option): __itt_model_disable_push

2070938 : 0x11514e92a2f2f4 : 2 : ittapi_config_apply_per_lib :  ITTAPI function NOT instrumented (not matched by --itt-config option): __itt_model_disable_pop

2070938 : 0x11514e92a2fb37 : 2 : ittapi_config_apply_per_lib :  ITTAPI function instrumented: __itt_heap_function_create
2070938 : 0x11514e92a30387 : 2 : ittapi_config_apply_per_lib :  ITTAPI function instrumented: __itt_heap_allocate_begin
2070938 : 0x11514e92a30be6 : 2 : ittapi_config_apply_per_lib :  ITTAPI function instrumented: __itt_heap_allocate_end
2070938 : 0x11514e92a34c1b : 2 : ittapi_config_apply_per_lib :  ITTAPI function instrumented: __itt_heap_free_begin
2070938 : 0x11514e92a3775d : 2 : ittapi_config_apply_per_lib :  ITTAPI function instrumented: __itt_heap_free_end
2070938 : 0x11514e92a37fd9 : 2 : ittapi_config_apply_per_lib :  ITTAPI function instrumented: __itt_heap_reallocate_begin
2070938 : 0x11514e92a38768 : 2 : ittapi_config_apply_per_lib :  ITTAPI function instrumented: __itt_heap_reallocate_end
2070938 : 0x11514e92a390da : 2 : ittapi_config_apply_per_lib :  ITTAPI function not implemented: __itt_heap_internal_access_begin
2070938 : 0x11514e92a399e3 : 2 : ittapi_config_apply_per_lib :  ITTAPI function not implemented: __itt_heap_internal_access_end
2070938 : 0x11514e92a3defe : 2 : ittapi_config_apply_per_lib :  ITTAPI function not implemented: __itt_heap_record_memory_growth_begin
2070938 : 0x11514e92a3e854 : 2 : ittapi_config_apply_per_lib :  ITTAPI function not implemented: __itt_heap_record_memory_growth_end
2070938 : 0x11514e92a3f1d5 : 2 : ittapi_config_apply_per_lib :  ITTAPI function not implemented: __itt_heap_reset_detection
2070938 : 0x11514e92a3fbd5 : 2 : ittapi_config_apply_per_lib :  ITTAPI function not implemented: __itt_heap_record
2070938 : 0x11514e92a40538 : 2 : ittapi_config_apply_per_lib :  ITTAPI function not implemented: __itt_id_create
2070938 : 0x11514e92a42807 : 2 : ittapi_config_apply_per_lib :  ITTAPI function not implemented: __itt_id_destroy
2070938 : 0x11514e92a430cc : 2 : ittapi_config_apply_per_lib :  ITTAPI function instrumented: __itt_get_timestamp
2070938 : 0x11514e92a439f2 : 2 : ittapi_config_apply_per_lib :  ITTAPI function not implemented: __itt_region_begin
2070938 : 0x11514e92a44317 : 2 : ittapi_config_apply_per_lib :  ITTAPI function not implemented: __itt_region_end
2070938 : 0x11514e92a44c2f : 2 : ittapi_config_apply_per_lib :  ITTAPI function instrumented: __itt_frame_begin_v3
2070938 : 0x11514e92a454a5 : 2 : ittapi_config_apply_per_lib :  ITTAPI function instrumented: __itt_frame_end_v3
2070938 : 0x11514e92a45d0d : 2 : ittapi_config_apply_per_lib :  ITTAPI function instrumented: __itt_frame_submit_v3
2070938 : 0x11514e92a49c5f : 2 : ittapi_config_apply_per_lib :  ITTAPI function not implemented: __itt_task_group
2070938 : 0x11514e92a4a4a9 : 2 : ittapi_config_apply_per_lib :  ITTAPI function instrumented: __itt_task_begin
2070938 : 0x11514e92a4ac9a : 2 : ittapi_config_apply_per_lib :  ITTAPI function instrumented: __itt_task_begin_fn
2070938 : 0x11514e92a507e7 : 2 : ittapi_config_apply_per_lib :  ITTAPI function instrumented: __itt_task_end
2070938 : 0x11514e92a51238 : 2 : ittapi_config_apply_per_lib :  ITTAPI function not implemented: __itt_counter_inc_v3
2070938 : 0x11514e92a51bea : 2 : ittapi_config_apply_per_lib :  ITTAPI function not implemented: __itt_counter_inc_delta_v3
2070938 : 0x11514e92a52525 : 2 : ittapi_config_apply_per_lib :  ITTAPI function not implemented: __itt_counter_dec_v3
2070938 : 0x11514e92a52db1 : 2 : ittapi_config_apply_per_lib :  ITTAPI function not implemented: __itt_counter_dec_delta_v3
2070938 : 0x11514e92a536eb : 2 : ittapi_config_apply_per_lib :  ITTAPI function not implemented: __itt_marker
2070938 : 0x11514e92a53f84 : 2 : ittapi_config_apply_per_lib :  ITTAPI function instrumented: __itt_metadata_add
2070938 : 0x11514e92a54857 : 2 : ittapi_config_apply_per_lib :  ITTAPI function not implemented: __itt_metadata_str_add
2070938 : 0x11514e92a5899d : 2 : ittapi_config_apply_per_lib :  ITTAPI function not implemented: __itt_relation_add_to_current
2070938 : 0x11514e92a5923e : 2 : ittapi_config_apply_per_lib :  ITTAPI function not implemented: __itt_relation_add
2070938 : 0x11514e92a5b244 : 2 : ittapi_config_apply_per_lib :  ITTAPI function instrumented: __itt_event_create
2070938 : 0x11514e92a5ba82 : 2 : ittapi_config_apply_per_lib :  ITTAPI function instrumented: __itt_event_start
2070938 : 0x11514e92a5c236 : 2 : ittapi_config_apply_per_lib :  ITTAPI function instrumented: __itt_event_end
2070938 : 0x11514e92a5c8fd : 2 : ittapi_config_apply_per_lib :  ITTAPI function NOT instrumented (not matched by --itt-config option): __itt_sync_set_name

2070938 : 0x11514e92a5d01e : 2 : ittapi_config_apply_per_lib :  ITTAPI function NOT instrumented (not matched by --itt-config option): __itt_notify_sync_name

2070938 : 0x11514e92a5d710 : 2 : ittapi_config_apply_per_lib :  ITTAPI function NOT instrumented (not matched by --itt-config option): __itt_notify_sync_prepare

2070938 : 0x11514e92a5ddfe : 2 : ittapi_config_apply_per_lib :  ITTAPI function NOT instrumented (not matched by --itt-config option): __itt_notify_sync_cancel

2070938 : 0x11514e92a5e52f : 2 : ittapi_config_apply_per_lib :  ITTAPI function NOT instrumented (not matched by --itt-config option): __itt_notify_sync_acquired

2070938 : 0x11514e92a6263c : 2 : ittapi_config_apply_per_lib :  ITTAPI function NOT instrumented (not matched by --itt-config option): __itt_notify_sync_releasing

2070938 : 0x11514e92a62f33 : 2 : ittapi_config_apply_per_lib :  ITTAPI function not implemented: __itt_memory_read
2070938 : 0x11514e92a65c74 : 2 : ittapi_config_apply_per_lib :  ITTAPI function not implemented: __itt_memory_write
2070938 : 0x11514e92a6660e : 2 : ittapi_config_apply_per_lib :  ITTAPI function not implemented: __itt_memory_update
2070938 : 0x11514e92a66f95 : 2 : ittapi_config_apply_per_lib :  ITTAPI function not implemented: __itt_state_get
2070938 : 0x11514e92a67823 : 2 : ittapi_config_apply_per_lib :  ITTAPI function not implemented: __itt_state_set
2070938 : 0x11514e92a680bf : 2 : ittapi_config_apply_per_lib :  ITTAPI function not implemented: __itt_obj_mode_set
2070938 : 0x11514e92a6c0a6 : 2 : ittapi_config_apply_per_lib :  ITTAPI function not implemented: __itt_thr_mode_set
2070938 : 0x11514e92a6c8dc : 2 : ittapi_config_apply_per_lib :  ITTAPI function instrumented: __itt_frame_create
2070938 : 0x11514e92a6d06b : 2 : ittapi_config_apply_per_lib :  ITTAPI function instrumented: __itt_pt_region_create
2070938 : 0x11514e92a6d8bf : 2 : ittapi_config_apply_per_lib :  ITTAPI function instrumented: __itt_frame_begin
2070938 : 0x11514e92a6e0ea : 2 : ittapi_config_apply_per_lib :  ITTAPI function instrumented: __itt_frame_end
2070938 : 0x11514e92a70161 : 2 : ittapi_config_apply_per_lib :  ITTAPI function not implemented: __itt_counter_destroy
2070938 : 0x11514e92a70a5d : 2 : ittapi_config_apply_per_lib :  ITTAPI function instrumented: __itt_counter_inc
2070938 : 0x11514e92a7509b : 2 : ittapi_config_apply_per_lib :  ITTAPI function instrumented: __itt_counter_inc_delta
2070938 : 0x11514e92a75930 : 2 : ittapi_config_apply_per_lib :  ITTAPI function instrumented: __itt_counter_dec
2070938 : 0x11514e92a7621b : 2 : ittapi_config_apply_per_lib :  ITTAPI function instrumented: __itt_counter_dec_delta
2070938 : 0x11514e92a76a61 : 2 : ittapi_config_apply_per_lib :  ITTAPI function instrumented: __itt_counter_set_value
2070938 : 0x11514e92a773cc : 2 : ittapi_config_apply_per_lib :  ITTAPI function not implemented: __itt_counter_set_value_ex
2070938 : 0x11514e92a77c59 : 2 : ittapi_config_apply_per_lib :  ITTAPI function not implemented: __itt_mark_create
2070938 : 0x11514e92a785f3 : 2 : ittapi_config_apply_per_lib :  ITTAPI function not implemented: __itt_mark
2070938 : 0x11514e92a78feb : 2 : ittapi_config_apply_per_lib :  ITTAPI function not implemented: __itt_mark_off
2070938 : 0x11514e92a7b0f5 : 2 : ittapi_config_apply_per_lib :  ITTAPI function not implemented: __itt_mark_global
2070938 : 0x11514e92a7baed : 2 : ittapi_config_apply_per_lib :  ITTAPI function not implemented: __itt_mark_global_off
2070938 : 0x11514e92a7c310 : 2 : ittapi_config_apply_per_lib :  ITTAPI function NOT instrumented (not matched by --itt-config option): __itt_stack_caller_create

2070938 : 0x11514e92a7ca97 : 2 : ittapi_config_apply_per_lib :  ITTAPI function NOT instrumented (not matched by --itt-config option): __itt_stack_caller_destroy

2070938 : 0x11514e92a7d219 : 2 : ittapi_config_apply_per_lib :  ITTAPI function NOT instrumented (not matched by --itt-config option): __itt_stack_callee_enter

2070938 : 0x11514e92a7d94d : 2 : ittapi_config_apply_per_lib :  ITTAPI function NOT instrumented (not matched by --itt-config option): __itt_stack_callee_leave

2070938 : 0x11514e92a7e22e : 2 : ittapi_config_apply_per_lib :  ITTAPI function not implemented: __itt_clock_domain_create
2070938 : 0x11514e92a7eb79 : 2 : ittapi_config_apply_per_lib :  ITTAPI function not implemented: __itt_clock_domain_reset
2070938 : 0x11514e92a7f496 : 2 : ittapi_config_apply_per_lib :  ITTAPI function not implemented: __itt_id_create_ex
2070938 : 0x11514e92a7fd84 : 2 : ittapi_config_apply_per_lib :  ITTAPI function not implemented: __itt_id_destroy_ex
2070938 : 0x11514e92a89f64 : 2 : ittapi_config_apply_per_lib :  ITTAPI function not implemented: __itt_task_begin_ex
2070938 : 0x11514e92a8a961 : 2 : ittapi_config_apply_per_lib :  ITTAPI function not implemented: __itt_task_begin_fn_ex
2070938 : 0x11514e92a8b26c : 2 : ittapi_config_apply_per_lib :  ITTAPI function not implemented: __itt_task_end_ex
2070938 : 0x11514e92a8bb40 : 2 : ittapi_config_apply_per_lib :  ITTAPI function instrumented: __itt_task_begin_overlapped
2070938 : 0x11514e92a8c3d4 : 2 : ittapi_config_apply_per_lib :  ITTAPI function not implemented: __itt_task_begin_overlapped_ex
2070938 : 0x11514e92a8ccbc : 2 : ittapi_config_apply_per_lib :  ITTAPI function instrumented: __itt_task_end_overlapped
2070938 : 0x11514e92a8d5f4 : 2 : ittapi_config_apply_per_lib :  ITTAPI function not implemented: __itt_task_end_overlapped_ex
2070938 : 0x11514e92a8de7f : 2 : ittapi_config_apply_per_lib :  ITTAPI function not implemented: __itt_marker_ex
2070938 : 0x11514e92a8e831 : 2 : ittapi_config_apply_per_lib :  ITTAPI function not implemented: __itt_metadata_add_with_scope
2070938 : 0x11514e92a8f204 : 2 : ittapi_config_apply_per_lib :  ITTAPI function not implemented: __itt_metadata_str_add_with_scope
2070938 : 0x11514e92a915c1 : 2 : ittapi_config_apply_per_lib :  ITTAPI function not implemented: __itt_relation_add_to_current_ex
2070938 : 0x11514e92a91ea9 : 2 : ittapi_config_apply_per_lib :  ITTAPI function not implemented: __itt_relation_add_ex
2070938 : 0x11514e92a92753 : 2 : ittapi_config_apply_per_lib :  ITTAPI function not implemented: __itt_track_group_create
2070938 : 0x11514e92a92fa0 : 2 : ittapi_config_apply_per_lib :  ITTAPI function not implemented: __itt_track_create
2070938 : 0x11514e92a93834 : 2 : ittapi_config_apply_per_lib :  ITTAPI function not implemented: __itt_set_track
2070938 : 0x11514e92a940d2 : 2 : ittapi_config_apply_per_lib :  ITTAPI function instrumented: __itt_api_version
2070938 : 0x11514e92a9495a : 2 : ittapi_config_apply_per_lib :  ITTAPI function not implemented: __itt_av_save
2070938 : 0x11514e92a951ab : 2 : ittapi_config_apply_per_lib :  ITTAPI function instrumented: __itt_module_load
2070938 : 0x11514e92a95a31 : 2 : ittapi_config_apply_per_lib :  ITTAPI function not implemented: __itt_module_unload