
2065182 : 0x114fb246b080c8 : 1 : spill_jit_data :  Jit agent is not initialized
2065182 : 0x114fb246b25a0d : 2 : ittapi_config_mask_get :  --itt-config mask to be applied: 39
2065182 : 0x114fb246b2a4b5 : 2 : ittapi_config_apply_per_lib :  ITTAPI function instrumented: __itt_domain_create
2065182 : 0x114fb246b2bbf4 : 2 : ittapi_config_apply_per_lib :  ITTAPI function instrumented: __itt_module_load_with_sections
2065182 : 0x114fb246b2d9d1 : 2 : ittapi_config_apply_per_lib :  ITTAPI function not implemented: __itt_module_unload_with_sections
2065182 : 0x114fb246b2f33d : 2 : ittapi_config_apply_per_lib :  ITTAPI function instrumented: __itt_string_handle_create
2065182 : 0x114fb246b3049d : 2 : ittapi_config_apply_per_lib :  ITTAPI function instrumented: __itt_counter_create
2065182 : 0x114fb246b314f3 : 2 : ittapi_config_apply_per_lib :  ITTAPI function instrumented: __itt_counter_create_typed
2065182 : 0x114fb246b32768 : 2 : ittapi_config_apply_per_lib :  ITTAPI function instrumented: __itt_pause
2065182 : 0x114fb246b338fb : 2 : ittapi_config_apply_per_lib :  ITTAPI function instrumented: __itt_resume
2065182 : 0x114fb246b4980a : 2 : ittapi_config_apply_per_lib :  ITTAPI function instrumented: __itt_thread_set_name
2065182 : 0x114fb246b4adbb : 2 : ittapi_config_apply_per_lib :  ITTAPI function instrumented: __itt_thread_ignore
2065182 : 0x114fb246b4bf72 : 2 : ittapi_config_apply_per_lib :  ITTAPI function instrumented: __itt_thr_name_set
2065182 : 0x114fb246b4d15f : 2 : ittapi_config_apply_per_lib :  ITTAPI function instrumented: __itt_thr_ignore
2065182 : 0x114fb246b4e86b : 2 : ittapi_config_apply_per_lib :  ITTAPI function not implemented: __itt_enable_attach
2065182 : 0x114fb246b4f9c1 : 2 : ittapi_config_apply_per_lib :  ITTAPI function instrumented: __itt_detach
2065182 : 0x114fb246b50945 : 2 : ittapi_config_apply_per_lib :  ITTAPI function NOT instrumented (not matched by --itt-config option): __itt_sync_create

2065182 : 0x114fb246b51a3a : 2 : ittapi_config_apply_per_lib :  ITTAPI function NOT instrumented (not matched by --itt-config option): __itt_sync_rename

2065182 : 0x114fb246b52870 : 2 : ittapi_config_apply_per_lib :  ITTAPI function NOT instrumented (not matched by --itt-config option): __itt_sync_destroy

2065182 : 0x114fb246b53781 : 2 : ittapi_config_apply_per_lib :  ITTAPI function NOT instrumented (not matched by --itt-config option): __itt_sync_prepare

2065182 : 0x114fb246b57f88 : 2 : ittapi_config_apply_per_lib :  ITTAPI function NOT instrumented (not matched by --itt-config option): __itt_sync_cancel

2065182 : 0x114fb246b58f54 : 2 : ittapi_config_apply_per_lib :  ITTAPI function NOT instrumented (not matched by --itt-config option): __itt_sync_acquired

2065182 : 0x114fb246b59dff : 2 : ittapi_config_apply_per_lib :  ITTAPI function NOT instrumented (not matched by --itt-config option): __itt_sync_releasing

2065182 : 0x114fb246b5b18d : 2 : ittapi_config_apply_per_lib :  ITTAPI function not implemented: __itt_suppress_push
2065182 : 0x114fb246b5e302 : 2 : ittapi_config_apply_per_lib :  ITTAPI function not implemented: __itt_suppress_pop
2065182 : 0x114fb246b5f791 : 2 : ittapi_config_apply_per_lib :  ITTAPI function not implemented: __itt_suppress_mark_range
2065182 : 0x114fb246b60bc9 : 2 : ittapi_config_apply_per_lib :  ITTAPI function not implemented: __itt_suppress_clear_range
2065182 : 0x114fb246b61a48 : 2 : ittapi_config_apply_per_lib :  ITTAPI function NOT instrumented (not matched by --itt-config option): __itt_sync_prepare

2065182 : 0x114fb246b62924 : 2 : ittapi_config_apply_per_lib :  ITTAPI function NOT instrumented (not matched by --itt-config option): __itt_sync_cancel

2065182 : 0x114fb246b636f2 : 2 : ittapi_config_apply_per_lib :  ITTAPI function NOT instrumented (not matched by --itt-config option): __itt_sync_acquired

2065182 : 0x114fb246b673e3 : 2 : ittapi_config_apply_per_lib :  ITTAPI function NOT instrumented (not matched by --itt-config option): __itt_sync_releasing

2065182 : 0x114fb246b683d8 : 2 : ittapi_config_apply_per_lib :  ITTAPI function NOT instrumented (not matched by --itt-config option): __itt_model_site_begin

2065182 : 0x114fb246b69302 : 2 : ittapi_config_apply_per_lib :  ITTAPI function NOT instrumented (not matched by --itt-config option): __itt_model_site_end

2065182 : 0x114fb246b6a2b3 : 2 : ittapi_config_apply_per_lib :  ITTAPI function NOT instrumented (not matched by --itt-config option): __itt_model_task_begin

2065182 : 0x114fb246b6b1c6 : 2 : ittapi_config_apply_per_lib :  ITTAPI function NOT instrumented (not matched by --itt-config option): __itt_model_task_end

2065182 : 0x114fb246b6c159 : 2 : ittapi_config_apply_per_lib :  ITTAPI function NOT instrumented (not matched by --itt-config option): __itt_model_lock_acquire

2065182 : 0x114fb246b6d033 : 2 : ittapi_config_apply_per_lib :  ITTAPI function NOT instrumented (not matched by --itt-config option): __itt_model_lock_release

2065182 : 0x114fb246b6df1c : 2 : ittapi_config_apply_per_lib :  ITTAPI function NOT instrumented (not matched by --itt-config option): __itt_model_record_allocation

2065182 : 0x114fb246b6edac : 2 : ittapi_config_apply_per_lib :  ITTAPI function NOT instrumented (not matched by --itt-config option): __itt_model_record_deallocation

2065182 : 0x114fb246b6fc6a : 2 : ittapi_config_apply_per_lib :  ITTAPI function NOT instrumented (not matched by --itt-config option): __itt_model_induction_uses

2065182 : 0x114fb246b757d9 : 2 : ittapi_config_apply_per_lib :  ITTAPI function NOT instrumented (not matched by --itt-config option): __itt_model_reduction_uses

2065182 : 0x114fb246b7687c : 2 : ittapi_config_apply_per_lib :  ITTAPI function NOT instrumented (not matched by --itt-config option): __itt_model_observe_uses

2065182 : 0x114fb246b77773 : 2 : ittapi_config_apply_per_lib :  ITTAPI function NOT instrumented (not matched by --itt-config option): __itt_model_clear_uses

2065182 : 0x114fb246b7860d : 2 : ittapi_config_apply_per_lib :  ITTAPI function NOT instrumented (not matched by --itt-config option): __itt_model_site_beginA

2065182 : 0x114fb246b7950a : 2 : ittapi_config_apply_per_lib :  ITTAPI function NOT instrumented (not matched by --itt-config option): __itt_model_site_beginAL

2065182 : 0x114fb246b7a430 : 2 : ittapi_config_apply_per_lib :  ITTAPI function NOT instrumented (not matched by --itt-config option): __itt_model_task_beginA

2065182 : 0x114fb246b7b2c6 : 2 : ittapi_config_apply_per_lib :  ITTAPI function NOT instrumented (not matched by --itt-config option): __itt_model_task_beginAL

2065182 : 0x114fb246b7c199 : 2 : ittapi_config_apply_per_lib :  ITTAPI function NOT instrumented (not matched by --itt-config option): __itt_model_iteration_taskA

2065182 : 0x114fb246b7d001 : 2 : ittapi_config_apply_per_lib :  ITTAPI function NOT instrumented (not matched by --itt-config option): __itt_model_iteration_taskAL

2065182 : 0x114fb246b7df6c : 2 : ittapi_config_apply_per_lib :  ITTAPI function NOT instrumented (not matched by --itt-config option): __itt_model_site_end_2

2065182 : 0x114fb246b82ad3 : 2 : ittapi_config_apply_per_lib :  ITTAPI function NOT instrumented (not matched by --itt-config option): __itt_model_task_end_2

2065182 : 0x114fb246b839f2 : 2 : ittapi_config_apply_per_lib :  ITTAPI function NOT instrumented (not matched by --itt-config option): __itt_model_lock_acquire_2

2065182 : 0x114fb246b848ce : 2 : ittapi_config_apply_per_lib :  ITTAPI function NOT instrumented (not matched by --itt-config option): __itt_model_lock_release_2

2065182 : 0x114fb246b857d9 : 2 : ittapi_config_apply_per_lib :  ITTAPI function NOT instrumented (not matched by --itt-config option): __itt_model_aggregate_task

2065182 : 0x114fb246b866a2 : 2 : ittapi_config_apply_per_lib :  ITTAPI function NOT instrumented (not matched by --itt-config option): __itt_model_disable_push

2065182 : 0x114fb246b87571 : 2 : ittapi_config_apply_per_lib :  ITTAPI function NOT instrumented (not matched by --itt-config option): __itt_model_disable_pop

2065182 : 0x114fb246b886d1 : 2 : ittapi_config_apply_per_lib :  ITTAPI function instrumented: __itt_heap_function_create
2065182 : 0x114fb246b899b8 : 2 : ittapi_config_apply_per_lib :  ITTAPI function instrumented: __itt_heap_allocate_begin
2065182 : 0x114fb246b8ab84 : 2 : ittapi_config_apply_per_lib :  ITTAPI function instrumented: __itt_heap_allocate_end
2065182 : 0x114fb246b8bc73 : 2 : ittapi_config_apply_per_lib :  ITTAPI function instrumented: __itt_heap_free_begin
2065182 : 0x114fb246b90fd7 : 2 : ittapi_config_apply_per_lib :  ITTAPI function instrumented: __itt_heap_free_end
2065182 : 0x114fb246b9373f : 2 : ittapi_config_apply_per_lib :  ITTAPI function instrumented: __itt_heap_reallocate_begin
2065182 : 0x114fb246b947e5 : 2 : ittapi_config_apply_per_lib :  ITTAPI function instrumented: __itt_heap_reallocate_end
2065182 : 0x114fb246b95b9e : 2 : ittapi_config_apply_per_lib :  ITTAPI function not implemented: __itt_heap_internal_access_begin
2065182 : 0x114fb246b993b9 : 2 : ittapi_config_apply_per_lib :  ITTAPI function not implemented: __itt_heap_internal_access_end
2065182 : 0x114fb246b9a6e0 : 2 : ittapi_config_apply_per_lib :  ITTAPI function not implemented: __itt_heap_record_memory_growth_begin
2065182 : 0x114fb246b9b94e : 2 : ittapi_config_apply_per_lib :  ITTAPI function not implemented: __itt_heap_record_memory_growth_end
2065182 : 0x114fb246b9cc03 : 2 : ittapi_config_apply_per_lib :  ITTAPI function not implemented: __itt_heap_reset_detection
2065182 : 0x114fb246b9dfeb : 2 : ittapi_config_apply_per_lib :  ITTAPI function not implemented: __itt_heap_record
2065182 : 0x114fb246ba0eae : 2 : ittapi_config_apply_per_lib :  ITTAPI function not implemented: __itt_id_create
2065182 : 0x114fb246ba50e0 : 2 : ittapi_config_apply_per_lib :  ITTAPI function not implemented: __itt_id_destroy
2065182 : 0x114fb246ba62bf : 2 : ittapi_config_apply_per_lib :  ITTAPI function instrumented: __itt_get_timestamp
2065182 : 0x114fb246ba7599 : 2 : ittapi_config_apply_per_lib :  ITTAPI function not implemented: __itt_region_begin
2065182 : 0x114fb246ba8790 : 2 : ittapi_config_apply_per_lib :  ITTAPI function not implemented: __itt_region_end
2065182 : 0x114fb246ba98c5 : 2 : ittapi_config_apply_per_lib :  ITTAPI function instrumented: __itt_frame_begin_v3
2065182 : 0x114fb246baaa5e : 2 : ittapi_config_apply_per_lib :  ITTAPI function instrumented: __itt_frame_end_v3
2065182 : 0x114fb246babbc2 : 2 : ittapi_config_apply_per_lib :  ITTAPI function instrumented: __itt_frame_submit_v3
2065182 : 0x114fb246bacf00 : 2 : ittapi_config_apply_per_lib :  ITTAPI function not implemented: __itt_task_group
2065182 : 0x114fb246bafe0f : 2 : ittapi_config_apply_per_lib :  ITTAPI function instrumented: __itt_task_begin
2065182 : 0x114fb246bb0fbc : 2 : ittapi_config_apply_per_lib :  ITTAPI function instrumented: __itt_task_begin_fn
2065182 : 0x114fb246bb4ef6 : 2 : ittapi_config_apply_per_lib :  ITTAPI function instrumented: __itt_task_end
2065182 : 0x114fb246bb62ab : 2 : ittapi_config_apply_per_lib :  ITTAPI function not implemented: __itt_counter_inc_v3
2065182 : 0x114fb246bb75fd : 2 : ittapi_config_apply_per_lib :  ITTAPI function not implemented: __itt_counter_inc_delta_v3
2065182 : 0x114fb246bb8844 : 2 : ittapi_config_apply_per_lib :  ITTAPI function not implemented: __itt_counter_dec_v3
2065182 : 0x114fb246bb9979 : 2 : ittapi_config_apply_per_lib :  ITTAPI function not implemented: __itt_counter_dec_delta_v3
2065182 : 0x114fb246bbabde : 2 : ittapi_config_apply_per_lib :  ITTAPI function not implemented: __itt_marker
2065182 : 0x114fb246bbbd60 : 2 : ittapi_config_apply_per_lib :  ITTAPI function instrumented: __itt_metadata_add
2065182 : 0x114fb246bbcf96 : 2 : ittapi_config_apply_per_lib :  ITTAPI function not implemented: __itt_metadata_str_add
2065182 : 0x114fb246bbe24e : 2 : ittapi_config_apply_per_lib :  ITTAPI function not implemented: __itt_relation_add_to_current
2065182 : 0x114fb246bc062e : 2 : ittapi_config_apply_per_lib :  ITTAPI function not implemented: __itt_relation_add
2065182 : 0x114fb246bc6f78 : 2 : ittapi_config_apply_per_lib :  ITTAPI function instrumented: __itt_event_create
2065182 : 0x114fb246bc81d7 : 2 : ittapi_config_apply_per_lib :  ITTAPI function instrumented: __itt_event_start
2065182 : 0x114fb246bc9268 : 2 : ittapi_config_apply_per_lib :  ITTAPI function instrumented: __itt_event_end
2065182 : 0x114fb246bca0cd : 2 : ittapi_config_apply_per_lib :  ITTAPI function NOT instrumented (not matched by --itt-config option): __itt_sync_set_name

2065182 : 0x114fb246bcafbd : 2 : ittapi_config_apply_per_lib :  ITTAPI function NOT instrumented (not matched by --itt-config option): __itt_notify_sync_name

2065182 : 0x114fb246bcbe54 : 2 : ittapi_config_apply_per_lib :  ITTAPI function NOT instrumented (not matched by --itt-config option): __itt_notify_sync_prepare

2065182 : 0x114fb246bced02 : 2 : ittapi_config_apply_per_lib :  ITTAPI function NOT instrumented (not matched by --itt-config option): __itt_notify_sync_cancel

2065182 : 0x114fb246bcfb4c : 2 : ittapi_config_apply_per_lib :  ITTAPI function NOT instrumented (not matched by --itt-config option): __itt_notify_sync_acquired

2065182 : 0x114fb246bd09d1 : 2 : ittapi_config_apply_per_lib :  ITTAPI function NOT instrumented (not matched by --itt-config option): __itt_notify_sync_releasing

2065182 : 0x114fb246bd1b85 : 2 : ittapi_config_apply_per_lib :  ITTAPI function not implemented: __itt_memory_read
2065182 : 0x114fb246bd713b : 2 : ittapi_config_apply_per_lib :  ITTAPI function not implemented: __itt_memory_write
2065182 : 0x114fb246bd850f : 2 : ittapi_config_apply_per_lib :  ITTAPI function not implemented: __itt_memory_update
2065182 : 0x114fb246bd973b : 2 : ittapi_config_apply_per_lib :  ITTAPI function not implemented: __itt_state_get
2065182 : 0x114fb246bda8e8 : 2 : ittapi_config_apply_per_lib :  ITTAPI function not implemented: __itt_state_set
2065182 : 0x114fb246bdbb1b : 2 : ittapi_config_apply_per_lib :  ITTAPI function not implemented: __itt_obj_mode_set
2065182 : 0x114fb246bdcd9e : 2 : ittapi_config_apply_per_lib :  ITTAPI function not implemented: __itt_thr_mode_set
2065182 : 0x114fb246bdde18 : 2 : ittapi_config_apply_per_lib :  ITTAPI function instrumented: __itt_frame_create
2065182 : 0x114fb246bdee21 : 2 : ittapi_config_apply_per_lib :  ITTAPI function instrumented: __itt_pt_region_create
2065182 : 0x114fb246bdff27 : 2 : ittapi_config_apply_per_lib :  ITTAPI function instrumented: __itt_frame_begin
2065182 : 0x114fb246be1092 : 2 : ittapi_config_apply_per_lib :  ITTAPI function instrumented: __itt_frame_end
2065182 : 0x114fb246be538c : 2 : ittapi_config_apply_per_lib :  ITTAPI function not implemented: __itt_counter_destroy
2065182 : 0x114fb246be6562 : 2 : ittapi_config_apply_per_lib :  ITTAPI function instrumented: __itt_counter_inc
2065182 : 0x114fb246be761f : 2 : ittapi_config_apply_per_lib :  ITTAPI function instrumented: __itt_counter_inc_delta
2065182 : 0x114fb246be86b0 : 2 : ittapi_config_apply_per_lib :  ITTAPI function instrumented: __itt_counter_dec
2065182 : 0x114fb246be989a : 2 : ittapi_config_apply_per_lib :  ITTAPI function instrumented: __itt_counter_dec_delta
2065182 : 0x114fb246beaa36 : 2 : ittapi_config_apply_per_lib :  ITTAPI function instrumented: __itt_counter_set_value
2065182 : 0x114fb246bebbfe : 2 : ittapi_config_apply_per_lib :  ITTAPI function not implemented: __itt_counter_set_value_ex
2065182 : 0x114fb246becd76 : 2 : ittapi_config_apply_per_lib :  ITTAPI function not implemented: __itt_mark_create
2065182 : 0x114fb246bee05a : 2 : ittapi_config_apply_per_lib :  ITTAPI function not implemented: __itt_mark
2065182 : 0x114fb246bef503 : 2 : ittapi_config_apply_per_lib :  ITTAPI function not implemented: __itt_mark_off
2065182 : 0x114fb246bf35d0 : 2 : ittapi_config_apply_per_lib :  ITTAPI function not implemented: __itt_mark_global
2065182 : 0x114fb246bf487f : 2 : ittapi_config_apply_per_lib :  ITTAPI function not implemented: __itt_mark_global_off
2065182 : 0x114fb246bf5964 : 2 : ittapi_config_apply_per_lib :  ITTAPI function NOT instrumented (not matched by --itt-config option): __itt_stack_caller_create

2065182 : 0x114fb246bf68c5 : 2 : ittapi_config_apply_per_lib :  ITTAPI function NOT instrumented (not matched by --itt-config option): __itt_stack_caller_destroy

2065182 : 0x114fb246bf776d : 2 : ittapi_config_apply_per_lib :  ITTAPI function NOT instrumented (not matched by --itt-config option): __itt_stack_callee_enter

2065182 : 0x114fb246bf8621 : 2 : ittapi_config_apply_per_lib :  ITTAPI function NOT instrumented (not matched by --itt-config option): __itt_stack_callee_leave

2065182 : 0x114fb246bf982f : 2 : ittapi_config_apply_per_lib :  ITTAPI function not implemented: __itt_clock_domain_create
2065182 : 0x114fb246bfaa6f : 2 : ittapi_config_apply_per_lib :  ITTAPI function not implemented: __itt_clock_domain_reset
2065182 : 0x114fb246bfbca2 : 2 : ittapi_config_apply_per_lib :  ITTAPI function not implemented: __itt_id_create_ex
2065182 : 0x114fb246bfce59 : 2 : ittapi_config_apply_per_lib :  ITTAPI function not implemented: __itt_id_destroy_ex
2065182 : 0x114fb246c026fe : 2 : ittapi_config_apply_per_lib :  ITTAPI function not implemented: __itt_task_begin_ex
2065182 : 0x114fb246c03a89 : 2 : ittapi_config_apply_per_lib :  ITTAPI function not implemented: __itt_task_begin_fn_ex
2065182 : 0x114fb246c05d7b : 2 : ittapi_config_apply_per_lib :  ITTAPI function not implemented: __itt_task_end_ex
2065182 : 0x114fb246c06ef3 : 2 : ittapi_config_apply_per_lib :  ITTAPI function instrumented: __itt_task_begin_overlapped
2065182 : 0x114fb246c08093 : 2 : ittapi_config_apply_per_lib :  ITTAPI function not implemented: __itt_task_begin_overlapped_ex
2065182 : 0x114fb246c092a5 : 2 : ittapi_config_apply_per_lib :  ITTAPI function instrumented: __itt_task_end_overlapped
2065182 : 0x114fb246c0a4d7 : 2 : ittapi_config_apply_per_lib :  ITTAPI function not implemented: __itt_task_end_overlapped_ex
2065182 : 0x114fb246c0b6c4 : 2 : ittapi_config_apply_per_lib :  ITTAPI function not implemented: __itt_marker_ex
2065182 : 0x114fb246c0c9ae : 2 : ittapi_config_apply_per_lib :  ITTAPI function not implemented: __itt_metadata_add_with_scope
2065182 : 0x114fb246c0dd28 : 2 : ittapi_config_apply_per_lib :  ITTAPI function not implemented: __itt_metadata_str_add_with_scope
2065182 : 0x114fb246c11e4f : 2 : ittapi_config_apply_per_lib :  ITTAPI function not implemented: __itt_relation_add_to_current_ex
2065182 : 0x114fb246c13136 : 2 : ittapi_config_apply_per_lib :  ITTAPI function not implemented: __itt_relation_add_ex
2065182 : 0x114fb246c142bf : 2 : ittapi_config_apply_per_lib :  ITTAPI function not implemented: __itt_track_group_create
2065182 : 0x114fb246c1542d : 2 : ittapi_config_apply_per_lib :  ITTAPI function not implemented: __itt_track_create
2065182 : 0x114fb246c1666a : 2 : ittapi_config_apply_per_lib :  ITTAPI function not implemented: __itt_set_track
2065182 : 0x114fb246c17842 : 2 : ittapi_config_apply_per_lib :  ITTAPI function instrumented: __itt_api_version
2065182 : 0x114fb246c189f6 : 2 : ittapi_config_apply_per_lib :  ITTAPI function not implemented: __itt_av_save
2065182 : 0x114fb246c19bb4 : 2 : ittapi_config_apply_per_lib :  ITTAPI function instrumented: __itt_module_load
2065182 : 0x114fb246c1ad47 : 2 : ittapi_config_apply_per_lib :  ITTAPI function not implemented: __itt_module_unload