
1678809 : 0xfac0560e4b3cf : 1 : spill_jit_data :  Jit agent is not initialized
1678809 : 0xfac0560efb345 : 2 : ittapi_config_mask_get :  --itt-config mask to be applied: 39
1678809 : 0xfac0560efc42b : 2 : ittapi_config_apply_per_lib :  ITTAPI function instrumented: __itt_domain_create
1678809 : 0xfac0560efd8a4 : 2 : ittapi_config_apply_per_lib :  ITTAPI function instrumented: __itt_module_load_with_sections
1678809 : 0xfac0560efe4a2 : 2 : ittapi_config_apply_per_lib :  ITTAPI function not implemented: __itt_module_unload_with_sections
1678809 : 0xfac0560efee4a : 2 : ittapi_config_apply_per_lib :  ITTAPI function instrumented: __itt_string_handle_create
1678809 : 0xfac0560eff507 : 2 : ittapi_config_apply_per_lib :  ITTAPI function instrumented: __itt_counter_create
1678809 : 0xfac0560effb75 : 2 : ittapi_config_apply_per_lib :  ITTAPI function instrumented: __itt_counter_create_typed
1678809 : 0xfac0560f00259 : 2 : ittapi_config_apply_per_lib :  ITTAPI function instrumented: __itt_pause
1678809 : 0xfac0560f008d6 : 2 : ittapi_config_apply_per_lib :  ITTAPI function instrumented: __itt_resume
1678809 : 0xfac0560f08a6f : 2 : ittapi_config_apply_per_lib :  ITTAPI function instrumented: __itt_thread_set_name
1678809 : 0xfac0560f093c3 : 2 : ittapi_config_apply_per_lib :  ITTAPI function instrumented: __itt_thread_ignore
1678809 : 0xfac0560f09a85 : 2 : ittapi_config_apply_per_lib :  ITTAPI function instrumented: __itt_thr_name_set
1678809 : 0xfac0560f0a185 : 2 : ittapi_config_apply_per_lib :  ITTAPI function instrumented: __itt_thr_ignore
1678809 : 0xfac0560f0aabf : 2 : ittapi_config_apply_per_lib :  ITTAPI function not implemented: __itt_enable_attach
1678809 : 0xfac0560f0b1d4 : 2 : ittapi_config_apply_per_lib :  ITTAPI function instrumented: __itt_detach
1678809 : 0xfac0560f0b7d0 : 2 : ittapi_config_apply_per_lib :  ITTAPI function NOT instrumented (not matched by --itt-config option): __itt_sync_create

1678809 : 0xfac0560f0bea5 : 2 : ittapi_config_apply_per_lib :  ITTAPI function NOT instrumented (not matched by --itt-config option): __itt_sync_rename

1678809 : 0xfac0560f0c423 : 2 : ittapi_config_apply_per_lib :  ITTAPI function NOT instrumented (not matched by --itt-config option): __itt_sync_destroy

1678809 : 0xfac0560f0ca2c : 2 : ittapi_config_apply_per_lib :  ITTAPI function NOT instrumented (not matched by --itt-config option): __itt_sync_prepare

1678809 : 0xfac0560f0e841 : 2 : ittapi_config_apply_per_lib :  ITTAPI function NOT instrumented (not matched by --itt-config option): __itt_sync_cancel

1678809 : 0xfac0560f0ee40 : 2 : ittapi_config_apply_per_lib :  ITTAPI function NOT instrumented (not matched by --itt-config option): __itt_sync_acquired

1678809 : 0xfac0560f0f3f3 : 2 : ittapi_config_apply_per_lib :  ITTAPI function NOT instrumented (not matched by --itt-config option): __itt_sync_releasing

1678809 : 0xfac0560f0fba9 : 2 : ittapi_config_apply_per_lib :  ITTAPI function not implemented: __itt_suppress_push
1678809 : 0xfac0560f104c4 : 2 : ittapi_config_apply_per_lib :  ITTAPI function not implemented: __itt_suppress_pop
1678809 : 0xfac0560f10c65 : 2 : ittapi_config_apply_per_lib :  ITTAPI function not implemented: __itt_suppress_mark_range
1678809 : 0xfac0560f1142f : 2 : ittapi_config_apply_per_lib :  ITTAPI function not implemented: __itt_suppress_clear_range
1678809 : 0xfac0560f119e3 : 2 : ittapi_config_apply_per_lib :  ITTAPI function NOT instrumented (not matched by --itt-config option): __itt_sync_prepare

1678809 : 0xfac0560f11f9a : 2 : ittapi_config_apply_per_lib :  ITTAPI function NOT instrumented (not matched by --itt-config option): __itt_sync_cancel

1678809 : 0xfac0560f12517 : 2 : ittapi_config_apply_per_lib :  ITTAPI function NOT instrumented (not matched by --itt-config option): __itt_sync_acquired

1678809 : 0xfac0560f13ea2 : 2 : ittapi_config_apply_per_lib :  ITTAPI function NOT instrumented (not matched by --itt-config option): __itt_sync_releasing

1678809 : 0xfac0560f144d0 : 2 : ittapi_config_apply_per_lib :  ITTAPI function NOT instrumented (not matched by --itt-config option): __itt_model_site_begin

1678809 : 0xfac0560f14ab5 : 2 : ittapi_config_apply_per_lib :  ITTAPI function NOT instrumented (not matched by --itt-config option): __itt_model_site_end

1678809 : 0xfac0560f15094 : 2 : ittapi_config_apply_per_lib :  ITTAPI function NOT instrumented (not matched by --itt-config option): __itt_model_task_begin

1678809 : 0xfac0560f15641 : 2 : ittapi_config_apply_per_lib :  ITTAPI function NOT instrumented (not matched by --itt-config option): __itt_model_task_end

1678809 : 0xfac0560f15c2c : 2 : ittapi_config_apply_per_lib :  ITTAPI function NOT instrumented (not matched by --itt-config option): __itt_model_lock_acquire

1678809 : 0xfac0560f161f0 : 2 : ittapi_config_apply_per_lib :  ITTAPI function NOT instrumented (not matched by --itt-config option): __itt_model_lock_release

1678809 : 0xfac0560f167b5 : 2 : ittapi_config_apply_per_lib :  ITTAPI function NOT instrumented (not matched by --itt-config option): __itt_model_record_allocation

1678809 : 0xfac0560f16d6b : 2 : ittapi_config_apply_per_lib :  ITTAPI function NOT instrumented (not matched by --itt-config option): __itt_model_record_deallocation

1678809 : 0xfac0560f17326 : 2 : ittapi_config_apply_per_lib :  ITTAPI function NOT instrumented (not matched by --itt-config option): __itt_model_induction_uses

1678809 : 0xfac0560f198c4 : 2 : ittapi_config_apply_per_lib :  ITTAPI function NOT instrumented (not matched by --itt-config option): __itt_model_reduction_uses

1678809 : 0xfac0560f19f00 : 2 : ittapi_config_apply_per_lib :  ITTAPI function NOT instrumented (not matched by --itt-config option): __itt_model_observe_uses

1678809 : 0xfac0560f1a4e8 : 2 : ittapi_config_apply_per_lib :  ITTAPI function NOT instrumented (not matched by --itt-config option): __itt_model_clear_uses

1678809 : 0xfac0560f1aad4 : 2 : ittapi_config_apply_per_lib :  ITTAPI function NOT instrumented (not matched by --itt-config option): __itt_model_site_beginA

1678809 : 0xfac0560f1b0b1 : 2 : ittapi_config_apply_per_lib :  ITTAPI function NOT instrumented (not matched by --itt-config option): __itt_model_site_beginAL

1678809 : 0xfac0560f1b69f : 2 : ittapi_config_apply_per_lib :  ITTAPI function NOT instrumented (not matched by --itt-config option): __itt_model_task_beginA

1678809 : 0xfac0560f1bc37 : 2 : ittapi_config_apply_per_lib :  ITTAPI function NOT instrumented (not matched by --itt-config option): __itt_model_task_beginAL

1678809 : 0xfac0560f1c20d : 2 : ittapi_config_apply_per_lib :  ITTAPI function NOT instrumented (not matched by --itt-config option): __itt_model_iteration_taskA

1678809 : 0xfac0560f1c7c5 : 2 : ittapi_config_apply_per_lib :  ITTAPI function NOT instrumented (not matched by --itt-config option): __itt_model_iteration_taskAL

1678809 : 0xfac0560f1d023 : 2 : ittapi_config_apply_per_lib :  ITTAPI function NOT instrumented (not matched by --itt-config option): __itt_model_site_end_2

1678809 : 0xfac0560f1e8d5 : 2 : ittapi_config_apply_per_lib :  ITTAPI function NOT instrumented (not matched by --itt-config option): __itt_model_task_end_2

1678809 : 0xfac0560f1ee92 : 2 : ittapi_config_apply_per_lib :  ITTAPI function NOT instrumented (not matched by --itt-config option): __itt_model_lock_acquire_2

1678809 : 0xfac0560f1f48a : 2 : ittapi_config_apply_per_lib :  ITTAPI function NOT instrumented (not matched by --itt-config option): __itt_model_lock_release_2

1678809 : 0xfac0560f1fa61 : 2 : ittapi_config_apply_per_lib :  ITTAPI function NOT instrumented (not matched by --itt-config option): __itt_model_aggregate_task

1678809 : 0xfac0560f20026 : 2 : ittapi_config_apply_per_lib :  ITTAPI function NOT instrumented (not matched by --itt-config option): __itt_model_disable_push

1678809 : 0xfac0560f205e5 : 2 : ittapi_config_apply_per_lib :  ITTAPI function NOT instrumented (not matched by --itt-config option): __itt_model_disable_pop

1678809 : 0xfac0560f20ca9 : 2 : ittapi_config_apply_per_lib :  ITTAPI function instrumented: __itt_heap_function_create
1678809 : 0xfac0560f2137e : 2 : ittapi_config_apply_per_lib :  ITTAPI function instrumented: __itt_heap_allocate_begin
1678809 : 0xfac0560f21a36 : 2 : ittapi_config_apply_per_lib :  ITTAPI function instrumented: __itt_heap_allocate_end
1678809 : 0xfac0560f220f9 : 2 : ittapi_config_apply_per_lib :  ITTAPI function instrumented: __itt_heap_free_begin
1678809 : 0xfac0560f24562 : 2 : ittapi_config_apply_per_lib :  ITTAPI function instrumented: __itt_heap_free_end
1678809 : 0xfac0560f24c68 : 2 : ittapi_config_apply_per_lib :  ITTAPI function instrumented: __itt_heap_reallocate_begin
1678809 : 0xfac0560f252b2 : 2 : ittapi_config_apply_per_lib :  ITTAPI function instrumented: __itt_heap_reallocate_end
1678809 : 0xfac0560f259cc : 2 : ittapi_config_apply_per_lib :  ITTAPI function not implemented: __itt_heap_internal_access_begin
1678809 : 0xfac0560f260f8 : 2 : ittapi_config_apply_per_lib :  ITTAPI function not implemented: __itt_heap_internal_access_end
1678809 : 0xfac0560f268cb : 2 : ittapi_config_apply_per_lib :  ITTAPI function not implemented: __itt_heap_record_memory_growth_begin
1678809 : 0xfac0560f27045 : 2 : ittapi_config_apply_per_lib :  ITTAPI function not implemented: __itt_heap_record_memory_growth_end
1678809 : 0xfac0560f277ce : 2 : ittapi_config_apply_per_lib :  ITTAPI function not implemented: __itt_heap_reset_detection
1678809 : 0xfac0560f2800e : 2 : ittapi_config_apply_per_lib :  ITTAPI function not implemented: __itt_heap_record
1678809 : 0xfac0560f28747 : 2 : ittapi_config_apply_per_lib :  ITTAPI function not implemented: __itt_id_create
1678809 : 0xfac0560f2a226 : 2 : ittapi_config_apply_per_lib :  ITTAPI function not implemented: __itt_id_destroy
1678809 : 0xfac0560f2a8ee : 2 : ittapi_config_apply_per_lib :  ITTAPI function instrumented: __itt_get_timestamp
1678809 : 0xfac0560f2affc : 2 : ittapi_config_apply_per_lib :  ITTAPI function not implemented: __itt_region_begin
1678809 : 0xfac0560f2b720 : 2 : ittapi_config_apply_per_lib :  ITTAPI function not implemented: __itt_region_end
1678809 : 0xfac0560f2bde0 : 2 : ittapi_config_apply_per_lib :  ITTAPI function instrumented: __itt_frame_begin_v3
1678809 : 0xfac0560f2c4b6 : 2 : ittapi_config_apply_per_lib :  ITTAPI function instrumented: __itt_frame_end_v3
1678809 : 0xfac0560f2cb34 : 2 : ittapi_config_apply_per_lib :  ITTAPI function instrumented: __itt_frame_submit_v3
1678809 : 0xfac0560f2d2ad : 2 : ittapi_config_apply_per_lib :  ITTAPI function not implemented: __itt_task_group
1678809 : 0xfac0560f2da14 : 2 : ittapi_config_apply_per_lib :  ITTAPI function instrumented: __itt_task_begin
1678809 : 0xfac0560f2e0a5 : 2 : ittapi_config_apply_per_lib :  ITTAPI function instrumented: __itt_task_begin_fn
1678809 : 0xfac0560f2fa92 : 2 : ittapi_config_apply_per_lib :  ITTAPI function instrumented: __itt_task_end
1678809 : 0xfac0560f30265 : 2 : ittapi_config_apply_per_lib :  ITTAPI function not implemented: __itt_counter_inc_v3
1678809 : 0xfac0560f309e5 : 2 : ittapi_config_apply_per_lib :  ITTAPI function not implemented: __itt_counter_inc_delta_v3
1678809 : 0xfac0560f31132 : 2 : ittapi_config_apply_per_lib :  ITTAPI function not implemented: __itt_counter_dec_v3
1678809 : 0xfac0560f31800 : 2 : ittapi_config_apply_per_lib :  ITTAPI function not implemented: __itt_counter_dec_delta_v3
1678809 : 0xfac0560f31f03 : 2 : ittapi_config_apply_per_lib :  ITTAPI function not implemented: __itt_marker
1678809 : 0xfac0560f3263f : 2 : ittapi_config_apply_per_lib :  ITTAPI function instrumented: __itt_metadata_add
1678809 : 0xfac0560f32d40 : 2 : ittapi_config_apply_per_lib :  ITTAPI function not implemented: __itt_metadata_str_add
1678809 : 0xfac0560f33446 : 2 : ittapi_config_apply_per_lib :  ITTAPI function not implemented: __itt_relation_add_to_current
1678809 : 0xfac0560f33b52 : 2 : ittapi_config_apply_per_lib :  ITTAPI function not implemented: __itt_relation_add
1678809 : 0xfac0560f3559d : 2 : ittapi_config_apply_per_lib :  ITTAPI function instrumented: __itt_event_create
1678809 : 0xfac0560f35c88 : 2 : ittapi_config_apply_per_lib :  ITTAPI function instrumented: __itt_event_start
1678809 : 0xfac0560f362ed : 2 : ittapi_config_apply_per_lib :  ITTAPI function instrumented: __itt_event_end
1678809 : 0xfac0560f36891 : 2 : ittapi_config_apply_per_lib :  ITTAPI function NOT instrumented (not matched by --itt-config option): __itt_sync_set_name

1678809 : 0xfac0560f36e7e : 2 : ittapi_config_apply_per_lib :  ITTAPI function NOT instrumented (not matched by --itt-config option): __itt_notify_sync_name

1678809 : 0xfac0560f37447 : 2 : ittapi_config_apply_per_lib :  ITTAPI function NOT instrumented (not matched by --itt-config option): __itt_notify_sync_prepare

1678809 : 0xfac0560f37a0a : 2 : ittapi_config_apply_per_lib :  ITTAPI function NOT instrumented (not matched by --itt-config option): __itt_notify_sync_cancel

1678809 : 0xfac0560f37fd1 : 2 : ittapi_config_apply_per_lib :  ITTAPI function NOT instrumented (not matched by --itt-config option): __itt_notify_sync_acquired

1678809 : 0xfac0560f385cd : 2 : ittapi_config_apply_per_lib :  ITTAPI function NOT instrumented (not matched by --itt-config option): __itt_notify_sync_releasing

1678809 : 0xfac0560f38ca5 : 2 : ittapi_config_apply_per_lib :  ITTAPI function not implemented: __itt_memory_read
1678809 : 0xfac0560f3b2af : 2 : ittapi_config_apply_per_lib :  ITTAPI function not implemented: __itt_memory_write
1678809 : 0xfac0560f3ba5d : 2 : ittapi_config_apply_per_lib :  ITTAPI function not implemented: __itt_memory_update
1678809 : 0xfac0560f3c182 : 2 : ittapi_config_apply_per_lib :  ITTAPI function not implemented: __itt_state_get
1678809 : 0xfac0560f3c864 : 2 : ittapi_config_apply_per_lib :  ITTAPI function not implemented: __itt_state_set
1678809 : 0xfac0560f3cf47 : 2 : ittapi_config_apply_per_lib :  ITTAPI function not implemented: __itt_obj_mode_set
1678809 : 0xfac0560f3d67b : 2 : ittapi_config_apply_per_lib :  ITTAPI function not implemented: __itt_thr_mode_set
1678809 : 0xfac0560f3dcf8 : 2 : ittapi_config_apply_per_lib :  ITTAPI function instrumented: __itt_frame_create
1678809 : 0xfac0560f3e355 : 2 : ittapi_config_apply_per_lib :  ITTAPI function instrumented: __itt_pt_region_create
1678809 : 0xfac0560f3ea38 : 2 : ittapi_config_apply_per_lib :  ITTAPI function instrumented: __itt_frame_begin
1678809 : 0xfac0560f3f0f6 : 2 : ittapi_config_apply_per_lib :  ITTAPI function instrumented: __itt_frame_end
1678809 : 0xfac0560f40cef : 2 : ittapi_config_apply_per_lib :  ITTAPI function not implemented: __itt_counter_destroy
1678809 : 0xfac0560f41416 : 2 : ittapi_config_apply_per_lib :  ITTAPI function instrumented: __itt_counter_inc
1678809 : 0xfac0560f41aaf : 2 : ittapi_config_apply_per_lib :  ITTAPI function instrumented: __itt_counter_inc_delta
1678809 : 0xfac0560f42124 : 2 : ittapi_config_apply_per_lib :  ITTAPI function instrumented: __itt_counter_dec
1678809 : 0xfac0560f42821 : 2 : ittapi_config_apply_per_lib :  ITTAPI function instrumented: __itt_counter_dec_delta
1678809 : 0xfac0560f42ebe : 2 : ittapi_config_apply_per_lib :  ITTAPI function instrumented: __itt_counter_set_value
1678809 : 0xfac0560f43596 : 2 : ittapi_config_apply_per_lib :  ITTAPI function not implemented: __itt_counter_set_value_ex
1678809 : 0xfac0560f43c5a : 2 : ittapi_config_apply_per_lib :  ITTAPI function not implemented: __itt_mark_create
1678809 : 0xfac0560f4442a : 2 : ittapi_config_apply_per_lib :  ITTAPI function not implemented: __itt_mark
1678809 : 0xfac0560f44bf4 : 2 : ittapi_config_apply_per_lib :  ITTAPI function not implemented: __itt_mark_off
1678809 : 0xfac0560f46760 : 2 : ittapi_config_apply_per_lib :  ITTAPI function not implemented: __itt_mark_global
1678809 : 0xfac0560f46f4a : 2 : ittapi_config_apply_per_lib :  ITTAPI function not implemented: __itt_mark_global_off
1678809 : 0xfac0560f47613 : 2 : ittapi_config_apply_per_lib :  ITTAPI function NOT instrumented (not matched by --itt-config option): __itt_stack_caller_create

1678809 : 0xfac0560f47c06 : 2 : ittapi_config_apply_per_lib :  ITTAPI function NOT instrumented (not matched by --itt-config option): __itt_stack_caller_destroy

1678809 : 0xfac0560f481ff : 2 : ittapi_config_apply_per_lib :  ITTAPI function NOT instrumented (not matched by --itt-config option): __itt_stack_callee_enter

1678809 : 0xfac0560f487e9 : 2 : ittapi_config_apply_per_lib :  ITTAPI function NOT instrumented (not matched by --itt-config option): __itt_stack_callee_leave

1678809 : 0xfac0560f48f1e : 2 : ittapi_config_apply_per_lib :  ITTAPI function not implemented: __itt_clock_domain_create
1678809 : 0xfac0560f4969d : 2 : ittapi_config_apply_per_lib :  ITTAPI function not implemented: __itt_clock_domain_reset
1678809 : 0xfac0560f49d5a : 2 : ittapi_config_apply_per_lib :  ITTAPI function not implemented: __itt_id_create_ex
1678809 : 0xfac0560f4a468 : 2 : ittapi_config_apply_per_lib :  ITTAPI function not implemented: __itt_id_destroy_ex
1678809 : 0xfac0560f4ca8b : 2 : ittapi_config_apply_per_lib :  ITTAPI function not implemented: __itt_task_begin_ex
1678809 : 0xfac0560f4d234 : 2 : ittapi_config_apply_per_lib :  ITTAPI function not implemented: __itt_task_begin_fn_ex
1678809 : 0xfac0560f4d987 : 2 : ittapi_config_apply_per_lib :  ITTAPI function not implemented: __itt_task_end_ex
1678809 : 0xfac0560f4e08b : 2 : ittapi_config_apply_per_lib :  ITTAPI function instrumented: __itt_task_begin_overlapped
1678809 : 0xfac0560f4e785 : 2 : ittapi_config_apply_per_lib :  ITTAPI function not implemented: __itt_task_begin_overlapped_ex
1678809 : 0xfac0560f4ee83 : 2 : ittapi_config_apply_per_lib :  ITTAPI function instrumented: __itt_task_end_overlapped
1678809 : 0xfac0560f4f591 : 2 : ittapi_config_apply_per_lib :  ITTAPI function not implemented: __itt_task_end_overlapped_ex
1678809 : 0xfac0560f4fc6a : 2 : ittapi_config_apply_per_lib :  ITTAPI function not implemented: __itt_marker_ex
1678809 : 0xfac0560f503e7 : 2 : ittapi_config_apply_per_lib :  ITTAPI function not implemented: __itt_metadata_add_with_scope
1678809 : 0xfac0560f50b70 : 2 : ittapi_config_apply_per_lib :  ITTAPI function not implemented: __itt_metadata_str_add_with_scope
1678809 : 0xfac0560f52807 : 2 : ittapi_config_apply_per_lib :  ITTAPI function not implemented: __itt_relation_add_to_current_ex
1678809 : 0xfac0560f52f01 : 2 : ittapi_config_apply_per_lib :  ITTAPI function not implemented: __itt_relation_add_ex
1678809 : 0xfac0560f535f8 : 2 : ittapi_config_apply_per_lib :  ITTAPI function not implemented: __itt_track_group_create
1678809 : 0xfac0560f53c77 : 2 : ittapi_config_apply_per_lib :  ITTAPI function not implemented: __itt_track_create
1678809 : 0xfac0560f5436d : 2 : ittapi_config_apply_per_lib :  ITTAPI function not implemented: __itt_set_track
1678809 : 0xfac0560f54a2d : 2 : ittapi_config_apply_per_lib :  ITTAPI function instrumented: __itt_api_version
1678809 : 0xfac0560f55115 : 2 : ittapi_config_apply_per_lib :  ITTAPI function not implemented: __itt_av_save
1678809 : 0xfac0560f557d4 : 2 : ittapi_config_apply_per_lib :  ITTAPI function instrumented: __itt_module_load
1678809 : 0xfac0560f55eac : 2 : ittapi_config_apply_per_lib :  ITTAPI function not implemented: __itt_module_unload