
1679511 : 0xfacd497f362fd : 1 : spill_jit_data :  Jit agent is not initialized
1679511 : 0xfacd497fe1782 : 2 : ittapi_config_mask_get :  --itt-config mask to be applied: 39
1679511 : 0xfacd497fe25e9 : 2 : ittapi_config_apply_per_lib :  ITTAPI function instrumented: __itt_domain_create
1679511 : 0xfacd497fe38b7 : 2 : ittapi_config_apply_per_lib :  ITTAPI function instrumented: __itt_module_load_with_sections
1679511 : 0xfacd497fe4443 : 2 : ittapi_config_apply_per_lib :  ITTAPI function not implemented: __itt_module_unload_with_sections
1679511 : 0xfacd497fe4df7 : 2 : ittapi_config_apply_per_lib :  ITTAPI function instrumented: __itt_string_handle_create
1679511 : 0xfacd497fe5484 : 2 : ittapi_config_apply_per_lib :  ITTAPI function instrumented: __itt_counter_create
1679511 : 0xfacd497fe5abf : 2 : ittapi_config_apply_per_lib :  ITTAPI function instrumented: __itt_counter_create_typed
1679511 : 0xfacd497fe6192 : 2 : ittapi_config_apply_per_lib :  ITTAPI function instrumented: __itt_pause
1679511 : 0xfacd497fe6813 : 2 : ittapi_config_apply_per_lib :  ITTAPI function instrumented: __itt_resume
1679511 : 0xfacd497fedf6d : 2 : ittapi_config_apply_per_lib :  ITTAPI function instrumented: __itt_thread_set_name
1679511 : 0xfacd497fee867 : 2 : ittapi_config_apply_per_lib :  ITTAPI function instrumented: __itt_thread_ignore
1679511 : 0xfacd497feef59 : 2 : ittapi_config_apply_per_lib :  ITTAPI function instrumented: __itt_thr_name_set
1679511 : 0xfacd497fef63f : 2 : ittapi_config_apply_per_lib :  ITTAPI function instrumented: __itt_thr_ignore
1679511 : 0xfacd497feff8b : 2 : ittapi_config_apply_per_lib :  ITTAPI function not implemented: __itt_enable_attach
1679511 : 0xfacd497ff06d3 : 2 : ittapi_config_apply_per_lib :  ITTAPI function instrumented: __itt_detach
1679511 : 0xfacd497ff0cd4 : 2 : ittapi_config_apply_per_lib :  ITTAPI function NOT instrumented (not matched by --itt-config option): __itt_sync_create

1679511 : 0xfacd497ff13b1 : 2 : ittapi_config_apply_per_lib :  ITTAPI function NOT instrumented (not matched by --itt-config option): __itt_sync_rename

1679511 : 0xfacd497ff1936 : 2 : ittapi_config_apply_per_lib :  ITTAPI function NOT instrumented (not matched by --itt-config option): __itt_sync_destroy

1679511 : 0xfacd497ff1f46 : 2 : ittapi_config_apply_per_lib :  ITTAPI function NOT instrumented (not matched by --itt-config option): __itt_sync_prepare

1679511 : 0xfacd497ff3d1c : 2 : ittapi_config_apply_per_lib :  ITTAPI function NOT instrumented (not matched by --itt-config option): __itt_sync_cancel

1679511 : 0xfacd497ff4335 : 2 : ittapi_config_apply_per_lib :  ITTAPI function NOT instrumented (not matched by --itt-config option): __itt_sync_acquired

1679511 : 0xfacd497ff48dc : 2 : ittapi_config_apply_per_lib :  ITTAPI function NOT instrumented (not matched by --itt-config option): __itt_sync_releasing

1679511 : 0xfacd497ff5055 : 2 : ittapi_config_apply_per_lib :  ITTAPI function not implemented: __itt_suppress_push
1679511 : 0xfacd497ff5a0e : 2 : ittapi_config_apply_per_lib :  ITTAPI function not implemented: __itt_suppress_pop
1679511 : 0xfacd497ff618e : 2 : ittapi_config_apply_per_lib :  ITTAPI function not implemented: __itt_suppress_mark_range
1679511 : 0xfacd497ff696a : 2 : ittapi_config_apply_per_lib :  ITTAPI function not implemented: __itt_suppress_clear_range
1679511 : 0xfacd497ff6f0d : 2 : ittapi_config_apply_per_lib :  ITTAPI function NOT instrumented (not matched by --itt-config option): __itt_sync_prepare

1679511 : 0xfacd497ff74d1 : 2 : ittapi_config_apply_per_lib :  ITTAPI function NOT instrumented (not matched by --itt-config option): __itt_sync_cancel

1679511 : 0xfacd497ff7a44 : 2 : ittapi_config_apply_per_lib :  ITTAPI function NOT instrumented (not matched by --itt-config option): __itt_sync_acquired

1679511 : 0xfacd497ff9336 : 2 : ittapi_config_apply_per_lib :  ITTAPI function NOT instrumented (not matched by --itt-config option): __itt_sync_releasing

1679511 : 0xfacd497ff994b : 2 : ittapi_config_apply_per_lib :  ITTAPI function NOT instrumented (not matched by --itt-config option): __itt_model_site_begin

1679511 : 0xfacd497ff9f45 : 2 : ittapi_config_apply_per_lib :  ITTAPI function NOT instrumented (not matched by --itt-config option): __itt_model_site_end

1679511 : 0xfacd497ffa520 : 2 : ittapi_config_apply_per_lib :  ITTAPI function NOT instrumented (not matched by --itt-config option): __itt_model_task_begin

1679511 : 0xfacd497ffaac9 : 2 : ittapi_config_apply_per_lib :  ITTAPI function NOT instrumented (not matched by --itt-config option): __itt_model_task_end

1679511 : 0xfacd497ffb0bf : 2 : ittapi_config_apply_per_lib :  ITTAPI function NOT instrumented (not matched by --itt-config option): __itt_model_lock_acquire

1679511 : 0xfacd497ffb67e : 2 : ittapi_config_apply_per_lib :  ITTAPI function NOT instrumented (not matched by --itt-config option): __itt_model_lock_release

1679511 : 0xfacd497ffbc52 : 2 : ittapi_config_apply_per_lib :  ITTAPI function NOT instrumented (not matched by --itt-config option): __itt_model_record_allocation

1679511 : 0xfacd497ffc1fc : 2 : ittapi_config_apply_per_lib :  ITTAPI function NOT instrumented (not matched by --itt-config option): __itt_model_record_deallocation

1679511 : 0xfacd497ffc7e1 : 2 : ittapi_config_apply_per_lib :  ITTAPI function NOT instrumented (not matched by --itt-config option): __itt_model_induction_uses

1679511 : 0xfacd497fff53f : 2 : ittapi_config_apply_per_lib :  ITTAPI function NOT instrumented (not matched by --itt-config option): __itt_model_reduction_uses

1679511 : 0xfacd497fffbaf : 2 : ittapi_config_apply_per_lib :  ITTAPI function NOT instrumented (not matched by --itt-config option): __itt_model_observe_uses

1679511 : 0xfacd498000197 : 2 : ittapi_config_apply_per_lib :  ITTAPI function NOT instrumented (not matched by --itt-config option): __itt_model_clear_uses

1679511 : 0xfacd498000784 : 2 : ittapi_config_apply_per_lib :  ITTAPI function NOT instrumented (not matched by --itt-config option): __itt_model_site_beginA

1679511 : 0xfacd498000d77 : 2 : ittapi_config_apply_per_lib :  ITTAPI function NOT instrumented (not matched by --itt-config option): __itt_model_site_beginAL

1679511 : 0xfacd49800139c : 2 : ittapi_config_apply_per_lib :  ITTAPI function NOT instrumented (not matched by --itt-config option): __itt_model_task_beginA

1679511 : 0xfacd498001922 : 2 : ittapi_config_apply_per_lib :  ITTAPI function NOT instrumented (not matched by --itt-config option): __itt_model_task_beginAL

1679511 : 0xfacd498001eed : 2 : ittapi_config_apply_per_lib :  ITTAPI function NOT instrumented (not matched by --itt-config option): __itt_model_iteration_taskA

1679511 : 0xfacd49800249f : 2 : ittapi_config_apply_per_lib :  ITTAPI function NOT instrumented (not matched by --itt-config option): __itt_model_iteration_taskAL

1679511 : 0xfacd498002a75 : 2 : ittapi_config_apply_per_lib :  ITTAPI function NOT instrumented (not matched by --itt-config option): __itt_model_site_end_2

1679511 : 0xfacd4980042aa : 2 : ittapi_config_apply_per_lib :  ITTAPI function NOT instrumented (not matched by --itt-config option): __itt_model_task_end_2

1679511 : 0xfacd49800487b : 2 : ittapi_config_apply_per_lib :  ITTAPI function NOT instrumented (not matched by --itt-config option): __itt_model_lock_acquire_2

1679511 : 0xfacd498004e6b : 2 : ittapi_config_apply_per_lib :  ITTAPI function NOT instrumented (not matched by --itt-config option): __itt_model_lock_release_2

1679511 : 0xfacd49800545e : 2 : ittapi_config_apply_per_lib :  ITTAPI function NOT instrumented (not matched by --itt-config option): __itt_model_aggregate_task

1679511 : 0xfacd498005a1f : 2 : ittapi_config_apply_per_lib :  ITTAPI function NOT instrumented (not matched by --itt-config option): __itt_model_disable_push

1679511 : 0xfacd498005fe8 : 2 : ittapi_config_apply_per_lib :  ITTAPI function NOT instrumented (not matched by --itt-config option): __itt_model_disable_pop

1679511 : 0xfacd4980066b3 : 2 : ittapi_config_apply_per_lib :  ITTAPI function instrumented: __itt_heap_function_create
1679511 : 0xfacd498006d6e : 2 : ittapi_config_apply_per_lib :  ITTAPI function instrumented: __itt_heap_allocate_begin
1679511 : 0xfacd498007426 : 2 : ittapi_config_apply_per_lib :  ITTAPI function instrumented: __itt_heap_allocate_end
1679511 : 0xfacd498007adf : 2 : ittapi_config_apply_per_lib :  ITTAPI function instrumented: __itt_heap_free_begin
1679511 : 0xfacd498009eaa : 2 : ittapi_config_apply_per_lib :  ITTAPI function instrumented: __itt_heap_free_end
1679511 : 0xfacd49800a598 : 2 : ittapi_config_apply_per_lib :  ITTAPI function instrumented: __itt_heap_reallocate_begin
1679511 : 0xfacd49800ac08 : 2 : ittapi_config_apply_per_lib :  ITTAPI function instrumented: __itt_heap_reallocate_end
1679511 : 0xfacd49800b3ad : 2 : ittapi_config_apply_per_lib :  ITTAPI function not implemented: __itt_heap_internal_access_begin
1679511 : 0xfacd49800bae3 : 2 : ittapi_config_apply_per_lib :  ITTAPI function not implemented: __itt_heap_internal_access_end
1679511 : 0xfacd49800c2f9 : 2 : ittapi_config_apply_per_lib :  ITTAPI function not implemented: __itt_heap_record_memory_growth_begin
1679511 : 0xfacd49800ca5c : 2 : ittapi_config_apply_per_lib :  ITTAPI function not implemented: __itt_heap_record_memory_growth_end
1679511 : 0xfacd49800d1ba : 2 : ittapi_config_apply_per_lib :  ITTAPI function not implemented: __itt_heap_reset_detection
1679511 : 0xfacd49800d9f8 : 2 : ittapi_config_apply_per_lib :  ITTAPI function not implemented: __itt_heap_record
1679511 : 0xfacd49800e100 : 2 : ittapi_config_apply_per_lib :  ITTAPI function not implemented: __itt_id_create
1679511 : 0xfacd49800fb80 : 2 : ittapi_config_apply_per_lib :  ITTAPI function not implemented: __itt_id_destroy
1679511 : 0xfacd4980102e7 : 2 : ittapi_config_apply_per_lib :  ITTAPI function instrumented: __itt_get_timestamp
1679511 : 0xfacd498010a25 : 2 : ittapi_config_apply_per_lib :  ITTAPI function not implemented: __itt_region_begin
1679511 : 0xfacd49801113d : 2 : ittapi_config_apply_per_lib :  ITTAPI function not implemented: __itt_region_end
1679511 : 0xfacd4980117cc : 2 : ittapi_config_apply_per_lib :  ITTAPI function instrumented: __itt_frame_begin_v3
1679511 : 0xfacd498011ea2 : 2 : ittapi_config_apply_per_lib :  ITTAPI function instrumented: __itt_frame_end_v3
1679511 : 0xfacd4980124ee : 2 : ittapi_config_apply_per_lib :  ITTAPI function instrumented: __itt_frame_submit_v3
1679511 : 0xfacd498012c85 : 2 : ittapi_config_apply_per_lib :  ITTAPI function not implemented: __itt_task_group
1679511 : 0xfacd49801334c : 2 : ittapi_config_apply_per_lib :  ITTAPI function instrumented: __itt_task_begin
1679511 : 0xfacd4980139c1 : 2 : ittapi_config_apply_per_lib :  ITTAPI function instrumented: __itt_task_begin_fn
1679511 : 0xfacd4980152ea : 2 : ittapi_config_apply_per_lib :  ITTAPI function instrumented: __itt_task_end
1679511 : 0xfacd498015ab0 : 2 : ittapi_config_apply_per_lib :  ITTAPI function not implemented: __itt_counter_inc_v3
1679511 : 0xfacd498016209 : 2 : ittapi_config_apply_per_lib :  ITTAPI function not implemented: __itt_counter_inc_delta_v3
1679511 : 0xfacd498016925 : 2 : ittapi_config_apply_per_lib :  ITTAPI function not implemented: __itt_counter_dec_v3
1679511 : 0xfacd498016ff1 : 2 : ittapi_config_apply_per_lib :  ITTAPI function not implemented: __itt_counter_dec_delta_v3
1679511 : 0xfacd498017708 : 2 : ittapi_config_apply_per_lib :  ITTAPI function not implemented: __itt_marker
1679511 : 0xfacd498017ded : 2 : ittapi_config_apply_per_lib :  ITTAPI function instrumented: __itt_metadata_add
1679511 : 0xfacd49801850e : 2 : ittapi_config_apply_per_lib :  ITTAPI function not implemented: __itt_metadata_str_add
1679511 : 0xfacd498018c47 : 2 : ittapi_config_apply_per_lib :  ITTAPI function not implemented: __itt_relation_add_to_current
1679511 : 0xfacd49801932a : 2 : ittapi_config_apply_per_lib :  ITTAPI function not implemented: __itt_relation_add
1679511 : 0xfacd49801abb9 : 2 : ittapi_config_apply_per_lib :  ITTAPI function instrumented: __itt_event_create
1679511 : 0xfacd49801b26d : 2 : ittapi_config_apply_per_lib :  ITTAPI function instrumented: __itt_event_start
1679511 : 0xfacd49801b8ef : 2 : ittapi_config_apply_per_lib :  ITTAPI function instrumented: __itt_event_end
1679511 : 0xfacd49801be88 : 2 : ittapi_config_apply_per_lib :  ITTAPI function NOT instrumented (not matched by --itt-config option): __itt_sync_set_name

1679511 : 0xfacd49801c473 : 2 : ittapi_config_apply_per_lib :  ITTAPI function NOT instrumented (not matched by --itt-config option): __itt_notify_sync_name

1679511 : 0xfacd49801ca3f : 2 : ittapi_config_apply_per_lib :  ITTAPI function NOT instrumented (not matched by --itt-config option): __itt_notify_sync_prepare

1679511 : 0xfacd49801cfdc : 2 : ittapi_config_apply_per_lib :  ITTAPI function NOT instrumented (not matched by --itt-config option): __itt_notify_sync_cancel

1679511 : 0xfacd49801d57b : 2 : ittapi_config_apply_per_lib :  ITTAPI function NOT instrumented (not matched by --itt-config option): __itt_notify_sync_acquired

1679511 : 0xfacd49801db19 : 2 : ittapi_config_apply_per_lib :  ITTAPI function NOT instrumented (not matched by --itt-config option): __itt_notify_sync_releasing

1679511 : 0xfacd49801e20d : 2 : ittapi_config_apply_per_lib :  ITTAPI function not implemented: __itt_memory_read
1679511 : 0xfacd498020567 : 2 : ittapi_config_apply_per_lib :  ITTAPI function not implemented: __itt_memory_write
1679511 : 0xfacd498020cee : 2 : ittapi_config_apply_per_lib :  ITTAPI function not implemented: __itt_memory_update
1679511 : 0xfacd49802143a : 2 : ittapi_config_apply_per_lib :  ITTAPI function not implemented: __itt_state_get
1679511 : 0xfacd498021b3d : 2 : ittapi_config_apply_per_lib :  ITTAPI function not implemented: __itt_state_set
1679511 : 0xfacd498022201 : 2 : ittapi_config_apply_per_lib :  ITTAPI function not implemented: __itt_obj_mode_set
1679511 : 0xfacd49802294e : 2 : ittapi_config_apply_per_lib :  ITTAPI function not implemented: __itt_thr_mode_set
1679511 : 0xfacd498022fc5 : 2 : ittapi_config_apply_per_lib :  ITTAPI function instrumented: __itt_frame_create
1679511 : 0xfacd4980235e9 : 2 : ittapi_config_apply_per_lib :  ITTAPI function instrumented: __itt_pt_region_create
1679511 : 0xfacd498023ca4 : 2 : ittapi_config_apply_per_lib :  ITTAPI function instrumented: __itt_frame_begin
1679511 : 0xfacd498024325 : 2 : ittapi_config_apply_per_lib :  ITTAPI function instrumented: __itt_frame_end
1679511 : 0xfacd498025df4 : 2 : ittapi_config_apply_per_lib :  ITTAPI function not implemented: __itt_counter_destroy
1679511 : 0xfacd4980264ea : 2 : ittapi_config_apply_per_lib :  ITTAPI function instrumented: __itt_counter_inc
1679511 : 0xfacd498026b55 : 2 : ittapi_config_apply_per_lib :  ITTAPI function instrumented: __itt_counter_inc_delta
1679511 : 0xfacd4980271ae : 2 : ittapi_config_apply_per_lib :  ITTAPI function instrumented: __itt_counter_dec
1679511 : 0xfacd4980278a9 : 2 : ittapi_config_apply_per_lib :  ITTAPI function instrumented: __itt_counter_dec_delta
1679511 : 0xfacd498027f40 : 2 : ittapi_config_apply_per_lib :  ITTAPI function instrumented: __itt_counter_set_value
1679511 : 0xfacd498028613 : 2 : ittapi_config_apply_per_lib :  ITTAPI function not implemented: __itt_counter_set_value_ex
1679511 : 0xfacd498028cce : 2 : ittapi_config_apply_per_lib :  ITTAPI function not implemented: __itt_mark_create
1679511 : 0xfacd498029455 : 2 : ittapi_config_apply_per_lib :  ITTAPI function not implemented: __itt_mark
1679511 : 0xfacd498029c2e : 2 : ittapi_config_apply_per_lib :  ITTAPI function not implemented: __itt_mark_off
1679511 : 0xfacd49802b71d : 2 : ittapi_config_apply_per_lib :  ITTAPI function not implemented: __itt_mark_global
1679511 : 0xfacd49802bee2 : 2 : ittapi_config_apply_per_lib :  ITTAPI function not implemented: __itt_mark_global_off
1679511 : 0xfacd49802c534 : 2 : ittapi_config_apply_per_lib :  ITTAPI function NOT instrumented (not matched by --itt-config option): __itt_stack_caller_create

1679511 : 0xfacd49802cb1b : 2 : ittapi_config_apply_per_lib :  ITTAPI function NOT instrumented (not matched by --itt-config option): __itt_stack_caller_destroy

1679511 : 0xfacd49802d0ed : 2 : ittapi_config_apply_per_lib :  ITTAPI function NOT instrumented (not matched by --itt-config option): __itt_stack_callee_enter

1679511 : 0xfacd49802d6ae : 2 : ittapi_config_apply_per_lib :  ITTAPI function NOT instrumented (not matched by --itt-config option): __itt_stack_callee_leave

1679511 : 0xfacd49802dd8a : 2 : ittapi_config_apply_per_lib :  ITTAPI function not implemented: __itt_clock_domain_create
1679511 : 0xfacd49802e4ce : 2 : ittapi_config_apply_per_lib :  ITTAPI function not implemented: __itt_clock_domain_reset
1679511 : 0xfacd49802ebc3 : 2 : ittapi_config_apply_per_lib :  ITTAPI function not implemented: __itt_id_create_ex
1679511 : 0xfacd49802f2b2 : 2 : ittapi_config_apply_per_lib :  ITTAPI function not implemented: __itt_id_destroy_ex
1679511 : 0xfacd4980317e0 : 2 : ittapi_config_apply_per_lib :  ITTAPI function not implemented: __itt_task_begin_ex
1679511 : 0xfacd498031f3c : 2 : ittapi_config_apply_per_lib :  ITTAPI function not implemented: __itt_task_begin_fn_ex
1679511 : 0xfacd498032672 : 2 : ittapi_config_apply_per_lib :  ITTAPI function not implemented: __itt_task_end_ex
1679511 : 0xfacd498032d3e : 2 : ittapi_config_apply_per_lib :  ITTAPI function instrumented: __itt_task_begin_overlapped
1679511 : 0xfacd498033441 : 2 : ittapi_config_apply_per_lib :  ITTAPI function not implemented: __itt_task_begin_overlapped_ex
1679511 : 0xfacd498033b43 : 2 : ittapi_config_apply_per_lib :  ITTAPI function instrumented: __itt_task_end_overlapped
1679511 : 0xfacd49803426f : 2 : ittapi_config_apply_per_lib :  ITTAPI function not implemented: __itt_task_end_overlapped_ex
1679511 : 0xfacd498034930 : 2 : ittapi_config_apply_per_lib :  ITTAPI function not implemented: __itt_marker_ex
1679511 : 0xfacd4980350f8 : 2 : ittapi_config_apply_per_lib :  ITTAPI function not implemented: __itt_metadata_add_with_scope
1679511 : 0xfacd498035886 : 2 : ittapi_config_apply_per_lib :  ITTAPI function not implemented: __itt_metadata_str_add_with_scope
1679511 : 0xfacd4980375ea : 2 : ittapi_config_apply_per_lib :  ITTAPI function not implemented: __itt_relation_add_to_current_ex
1679511 : 0xfacd498037d40 : 2 : ittapi_config_apply_per_lib :  ITTAPI function not implemented: __itt_relation_add_ex
1679511 : 0xfacd4980383f8 : 2 : ittapi_config_apply_per_lib :  ITTAPI function not implemented: __itt_track_group_create
1679511 : 0xfacd498038a8e : 2 : ittapi_config_apply_per_lib :  ITTAPI function not implemented: __itt_track_create
1679511 : 0xfacd498039159 : 2 : ittapi_config_apply_per_lib :  ITTAPI function not implemented: __itt_set_track
1679511 : 0xfacd498039827 : 2 : ittapi_config_apply_per_lib :  ITTAPI function instrumented: __itt_api_version
1679511 : 0xfacd498039eec : 2 : ittapi_config_apply_per_lib :  ITTAPI function not implemented: __itt_av_save
1679511 : 0xfacd49803a59f : 2 : ittapi_config_apply_per_lib :  ITTAPI function instrumented: __itt_module_load
1679511 : 0xfacd49803acf5 : 2 : ittapi_config_apply_per_lib :  ITTAPI function not implemented: __itt_module_unload