
1675737 : 0xf8d34d11f3b7b : 1 : spill_jit_data :  Jit agent is not initialized
1675737 : 0xf8d34d129eec3 : 2 : ittapi_config_mask_get :  --itt-config mask to be applied: 39
1675737 : 0xf8d34d129feb3 : 2 : ittapi_config_apply_per_lib :  ITTAPI function instrumented: __itt_domain_create
1675737 : 0xf8d34d12a115a : 2 : ittapi_config_apply_per_lib :  ITTAPI function instrumented: __itt_module_load_with_sections
1675737 : 0xf8d34d12a1daf : 2 : ittapi_config_apply_per_lib :  ITTAPI function not implemented: __itt_module_unload_with_sections
1675737 : 0xf8d34d12a2721 : 2 : ittapi_config_apply_per_lib :  ITTAPI function instrumented: __itt_string_handle_create
1675737 : 0xf8d34d12a2d7f : 2 : ittapi_config_apply_per_lib :  ITTAPI function instrumented: __itt_counter_create
1675737 : 0xf8d34d12a33b8 : 2 : ittapi_config_apply_per_lib :  ITTAPI function instrumented: __itt_counter_create_typed
1675737 : 0xf8d34d12a3a7d : 2 : ittapi_config_apply_per_lib :  ITTAPI function instrumented: __itt_pause
1675737 : 0xf8d34d12a40de : 2 : ittapi_config_apply_per_lib :  ITTAPI function instrumented: __itt_resume
1675737 : 0xf8d34d12ac1f1 : 2 : ittapi_config_apply_per_lib :  ITTAPI function instrumented: __itt_thread_set_name
1675737 : 0xf8d34d12acb21 : 2 : ittapi_config_apply_per_lib :  ITTAPI function instrumented: __itt_thread_ignore
1675737 : 0xf8d34d12ad216 : 2 : ittapi_config_apply_per_lib :  ITTAPI function instrumented: __itt_thr_name_set
1675737 : 0xf8d34d12ad90b : 2 : ittapi_config_apply_per_lib :  ITTAPI function instrumented: __itt_thr_ignore
1675737 : 0xf8d34d12ae239 : 2 : ittapi_config_apply_per_lib :  ITTAPI function not implemented: __itt_enable_attach
1675737 : 0xf8d34d12ae917 : 2 : ittapi_config_apply_per_lib :  ITTAPI function instrumented: __itt_detach
1675737 : 0xf8d34d12aef21 : 2 : ittapi_config_apply_per_lib :  ITTAPI function NOT instrumented (not matched by --itt-config option): __itt_sync_create

1675737 : 0xf8d34d12af603 : 2 : ittapi_config_apply_per_lib :  ITTAPI function NOT instrumented (not matched by --itt-config option): __itt_sync_rename

1675737 : 0xf8d34d12afb77 : 2 : ittapi_config_apply_per_lib :  ITTAPI function NOT instrumented (not matched by --itt-config option): __itt_sync_destroy

1675737 : 0xf8d34d12b0181 : 2 : ittapi_config_apply_per_lib :  ITTAPI function NOT instrumented (not matched by --itt-config option): __itt_sync_prepare

1675737 : 0xf8d34d12b2079 : 2 : ittapi_config_apply_per_lib :  ITTAPI function NOT instrumented (not matched by --itt-config option): __itt_sync_cancel

1675737 : 0xf8d34d12b26b5 : 2 : ittapi_config_apply_per_lib :  ITTAPI function NOT instrumented (not matched by --itt-config option): __itt_sync_acquired

1675737 : 0xf8d34d12b2c56 : 2 : ittapi_config_apply_per_lib :  ITTAPI function NOT instrumented (not matched by --itt-config option): __itt_sync_releasing

1675737 : 0xf8d34d12b3449 : 2 : ittapi_config_apply_per_lib :  ITTAPI function not implemented: __itt_suppress_push
1675737 : 0xf8d34d12b3d91 : 2 : ittapi_config_apply_per_lib :  ITTAPI function not implemented: __itt_suppress_pop
1675737 : 0xf8d34d12b44fd : 2 : ittapi_config_apply_per_lib :  ITTAPI function not implemented: __itt_suppress_mark_range
1675737 : 0xf8d34d12b4cbc : 2 : ittapi_config_apply_per_lib :  ITTAPI function not implemented: __itt_suppress_clear_range
1675737 : 0xf8d34d12b5277 : 2 : ittapi_config_apply_per_lib :  ITTAPI function NOT instrumented (not matched by --itt-config option): __itt_sync_prepare

1675737 : 0xf8d34d12b583b : 2 : ittapi_config_apply_per_lib :  ITTAPI function NOT instrumented (not matched by --itt-config option): __itt_sync_cancel

1675737 : 0xf8d34d12b5d96 : 2 : ittapi_config_apply_per_lib :  ITTAPI function NOT instrumented (not matched by --itt-config option): __itt_sync_acquired

1675737 : 0xf8d34d12b76e6 : 2 : ittapi_config_apply_per_lib :  ITTAPI function NOT instrumented (not matched by --itt-config option): __itt_sync_releasing

1675737 : 0xf8d34d12b7d10 : 2 : ittapi_config_apply_per_lib :  ITTAPI function NOT instrumented (not matched by --itt-config option): __itt_model_site_begin

1675737 : 0xf8d34d12b831c : 2 : ittapi_config_apply_per_lib :  ITTAPI function NOT instrumented (not matched by --itt-config option): __itt_model_site_end

1675737 : 0xf8d34d12b88f5 : 2 : ittapi_config_apply_per_lib :  ITTAPI function NOT instrumented (not matched by --itt-config option): __itt_model_task_begin

1675737 : 0xf8d34d12b8eab : 2 : ittapi_config_apply_per_lib :  ITTAPI function NOT instrumented (not matched by --itt-config option): __itt_model_task_end

1675737 : 0xf8d34d12b94a6 : 2 : ittapi_config_apply_per_lib :  ITTAPI function NOT instrumented (not matched by --itt-config option): __itt_model_lock_acquire

1675737 : 0xf8d34d12b9a6d : 2 : ittapi_config_apply_per_lib :  ITTAPI function NOT instrumented (not matched by --itt-config option): __itt_model_lock_release

1675737 : 0xf8d34d12ba02e : 2 : ittapi_config_apply_per_lib :  ITTAPI function NOT instrumented (not matched by --itt-config option): __itt_model_record_allocation

1675737 : 0xf8d34d12ba5d5 : 2 : ittapi_config_apply_per_lib :  ITTAPI function NOT instrumented (not matched by --itt-config option): __itt_model_record_deallocation

1675737 : 0xf8d34d12bab80 : 2 : ittapi_config_apply_per_lib :  ITTAPI function NOT instrumented (not matched by --itt-config option): __itt_model_induction_uses

1675737 : 0xf8d34d12bd45f : 2 : ittapi_config_apply_per_lib :  ITTAPI function NOT instrumented (not matched by --itt-config option): __itt_model_reduction_uses

1675737 : 0xf8d34d12bdb11 : 2 : ittapi_config_apply_per_lib :  ITTAPI function NOT instrumented (not matched by --itt-config option): __itt_model_observe_uses

1675737 : 0xf8d34d12be0d8 : 2 : ittapi_config_apply_per_lib :  ITTAPI function NOT instrumented (not matched by --itt-config option): __itt_model_clear_uses

1675737 : 0xf8d34d12be6c1 : 2 : ittapi_config_apply_per_lib :  ITTAPI function NOT instrumented (not matched by --itt-config option): __itt_model_site_beginA

1675737 : 0xf8d34d12bec99 : 2 : ittapi_config_apply_per_lib :  ITTAPI function NOT instrumented (not matched by --itt-config option): __itt_model_site_beginAL

1675737 : 0xf8d34d12bf290 : 2 : ittapi_config_apply_per_lib :  ITTAPI function NOT instrumented (not matched by --itt-config option): __itt_model_task_beginA

1675737 : 0xf8d34d12bf82e : 2 : ittapi_config_apply_per_lib :  ITTAPI function NOT instrumented (not matched by --itt-config option): __itt_model_task_beginAL

1675737 : 0xf8d34d12bfdf2 : 2 : ittapi_config_apply_per_lib :  ITTAPI function NOT instrumented (not matched by --itt-config option): __itt_model_iteration_taskA

1675737 : 0xf8d34d12c0392 : 2 : ittapi_config_apply_per_lib :  ITTAPI function NOT instrumented (not matched by --itt-config option): __itt_model_iteration_taskAL

1675737 : 0xf8d34d12c097c : 2 : ittapi_config_apply_per_lib :  ITTAPI function NOT instrumented (not matched by --itt-config option): __itt_model_site_end_2

1675737 : 0xf8d34d12c2281 : 2 : ittapi_config_apply_per_lib :  ITTAPI function NOT instrumented (not matched by --itt-config option): __itt_model_task_end_2

1675737 : 0xf8d34d12c2879 : 2 : ittapi_config_apply_per_lib :  ITTAPI function NOT instrumented (not matched by --itt-config option): __itt_model_lock_acquire_2

1675737 : 0xf8d34d12c2e6b : 2 : ittapi_config_apply_per_lib :  ITTAPI function NOT instrumented (not matched by --itt-config option): __itt_model_lock_release_2

1675737 : 0xf8d34d12c3453 : 2 : ittapi_config_apply_per_lib :  ITTAPI function NOT instrumented (not matched by --itt-config option): __itt_model_aggregate_task

1675737 : 0xf8d34d12c3a03 : 2 : ittapi_config_apply_per_lib :  ITTAPI function NOT instrumented (not matched by --itt-config option): __itt_model_disable_push

1675737 : 0xf8d34d12c3fc9 : 2 : ittapi_config_apply_per_lib :  ITTAPI function NOT instrumented (not matched by --itt-config option): __itt_model_disable_pop

1675737 : 0xf8d34d12c4665 : 2 : ittapi_config_apply_per_lib :  ITTAPI function instrumented: __itt_heap_function_create
1675737 : 0xf8d34d12c4e87 : 2 : ittapi_config_apply_per_lib :  ITTAPI function instrumented: __itt_heap_allocate_begin
1675737 : 0xf8d34d12c5581 : 2 : ittapi_config_apply_per_lib :  ITTAPI function instrumented: __itt_heap_allocate_end
1675737 : 0xf8d34d12c5c42 : 2 : ittapi_config_apply_per_lib :  ITTAPI function instrumented: __itt_heap_free_begin
1675737 : 0xf8d34d12c81c7 : 2 : ittapi_config_apply_per_lib :  ITTAPI function instrumented: __itt_heap_free_end
1675737 : 0xf8d34d12c88e4 : 2 : ittapi_config_apply_per_lib :  ITTAPI function instrumented: __itt_heap_reallocate_begin
1675737 : 0xf8d34d12c8f47 : 2 : ittapi_config_apply_per_lib :  ITTAPI function instrumented: __itt_heap_reallocate_end
1675737 : 0xf8d34d12c976f : 2 : ittapi_config_apply_per_lib :  ITTAPI function not implemented: __itt_heap_internal_access_begin
1675737 : 0xf8d34d12c9eb2 : 2 : ittapi_config_apply_per_lib :  ITTAPI function not implemented: __itt_heap_internal_access_end
1675737 : 0xf8d34d12ca623 : 2 : ittapi_config_apply_per_lib :  ITTAPI function not implemented: __itt_heap_record_memory_growth_begin
1675737 : 0xf8d34d12cad67 : 2 : ittapi_config_apply_per_lib :  ITTAPI function not implemented: __itt_heap_record_memory_growth_end
1675737 : 0xf8d34d12cb51f : 2 : ittapi_config_apply_per_lib :  ITTAPI function not implemented: __itt_heap_reset_detection
1675737 : 0xf8d34d12cbd40 : 2 : ittapi_config_apply_per_lib :  ITTAPI function not implemented: __itt_heap_record
1675737 : 0xf8d34d12cc44f : 2 : ittapi_config_apply_per_lib :  ITTAPI function not implemented: __itt_id_create
1675737 : 0xf8d34d12ce002 : 2 : ittapi_config_apply_per_lib :  ITTAPI function not implemented: __itt_id_destroy
1675737 : 0xf8d34d12ce77f : 2 : ittapi_config_apply_per_lib :  ITTAPI function instrumented: __itt_get_timestamp
1675737 : 0xf8d34d12ceeb4 : 2 : ittapi_config_apply_per_lib :  ITTAPI function not implemented: __itt_region_begin
1675737 : 0xf8d34d12cf5bf : 2 : ittapi_config_apply_per_lib :  ITTAPI function not implemented: __itt_region_end
1675737 : 0xf8d34d12cfc7e : 2 : ittapi_config_apply_per_lib :  ITTAPI function instrumented: __itt_frame_begin_v3
1675737 : 0xf8d34d12d034e : 2 : ittapi_config_apply_per_lib :  ITTAPI function instrumented: __itt_frame_end_v3
1675737 : 0xf8d34d12d09c0 : 2 : ittapi_config_apply_per_lib :  ITTAPI function instrumented: __itt_frame_submit_v3
1675737 : 0xf8d34d12d1136 : 2 : ittapi_config_apply_per_lib :  ITTAPI function not implemented: __itt_task_group
1675737 : 0xf8d34d12d1816 : 2 : ittapi_config_apply_per_lib :  ITTAPI function instrumented: __itt_task_begin
1675737 : 0xf8d34d12d1ed1 : 2 : ittapi_config_apply_per_lib :  ITTAPI function instrumented: __itt_task_begin_fn
1675737 : 0xf8d34d12d3869 : 2 : ittapi_config_apply_per_lib :  ITTAPI function instrumented: __itt_task_end
1675737 : 0xf8d34d12d404e : 2 : ittapi_config_apply_per_lib :  ITTAPI function not implemented: __itt_counter_inc_v3
1675737 : 0xf8d34d12d47cc : 2 : ittapi_config_apply_per_lib :  ITTAPI function not implemented: __itt_counter_inc_delta_v3
1675737 : 0xf8d34d12d4eb9 : 2 : ittapi_config_apply_per_lib :  ITTAPI function not implemented: __itt_counter_dec_v3
1675737 : 0xf8d34d12d55a6 : 2 : ittapi_config_apply_per_lib :  ITTAPI function not implemented: __itt_counter_dec_delta_v3
1675737 : 0xf8d34d12d5cc5 : 2 : ittapi_config_apply_per_lib :  ITTAPI function not implemented: __itt_marker
1675737 : 0xf8d34d12d637d : 2 : ittapi_config_apply_per_lib :  ITTAPI function instrumented: __itt_metadata_add
1675737 : 0xf8d34d12d6a8d : 2 : ittapi_config_apply_per_lib :  ITTAPI function not implemented: __itt_metadata_str_add
1675737 : 0xf8d34d12d719b : 2 : ittapi_config_apply_per_lib :  ITTAPI function not implemented: __itt_relation_add_to_current
1675737 : 0xf8d34d12d789c : 2 : ittapi_config_apply_per_lib :  ITTAPI function not implemented: __itt_relation_add
1675737 : 0xf8d34d12d9220 : 2 : ittapi_config_apply_per_lib :  ITTAPI function instrumented: __itt_event_create
1675737 : 0xf8d34d12d9932 : 2 : ittapi_config_apply_per_lib :  ITTAPI function instrumented: __itt_event_start
1675737 : 0xf8d34d12d9f7a : 2 : ittapi_config_apply_per_lib :  ITTAPI function instrumented: __itt_event_end
1675737 : 0xf8d34d12da515 : 2 : ittapi_config_apply_per_lib :  ITTAPI function NOT instrumented (not matched by --itt-config option): __itt_sync_set_name

1675737 : 0xf8d34d12daaec : 2 : ittapi_config_apply_per_lib :  ITTAPI function NOT instrumented (not matched by --itt-config option): __itt_notify_sync_name

1675737 : 0xf8d34d12db0a0 : 2 : ittapi_config_apply_per_lib :  ITTAPI function NOT instrumented (not matched by --itt-config option): __itt_notify_sync_prepare

1675737 : 0xf8d34d12db657 : 2 : ittapi_config_apply_per_lib :  ITTAPI function NOT instrumented (not matched by --itt-config option): __itt_notify_sync_cancel

1675737 : 0xf8d34d12dbc06 : 2 : ittapi_config_apply_per_lib :  ITTAPI function NOT instrumented (not matched by --itt-config option): __itt_notify_sync_acquired

1675737 : 0xf8d34d12dc198 : 2 : ittapi_config_apply_per_lib :  ITTAPI function NOT instrumented (not matched by --itt-config option): __itt_notify_sync_releasing

1675737 : 0xf8d34d12dc8b7 : 2 : ittapi_config_apply_per_lib :  ITTAPI function not implemented: __itt_memory_read
1675737 : 0xf8d34d12dee02 : 2 : ittapi_config_apply_per_lib :  ITTAPI function not implemented: __itt_memory_write
1675737 : 0xf8d34d12df5a7 : 2 : ittapi_config_apply_per_lib :  ITTAPI function not implemented: __itt_memory_update
1675737 : 0xf8d34d12dfcdf : 2 : ittapi_config_apply_per_lib :  ITTAPI function not implemented: __itt_state_get
1675737 : 0xf8d34d12e03c4 : 2 : ittapi_config_apply_per_lib :  ITTAPI function not implemented: __itt_state_set
1675737 : 0xf8d34d12e0a98 : 2 : ittapi_config_apply_per_lib :  ITTAPI function not implemented: __itt_obj_mode_set
1675737 : 0xf8d34d12e11ce : 2 : ittapi_config_apply_per_lib :  ITTAPI function not implemented: __itt_thr_mode_set
1675737 : 0xf8d34d12e1818 : 2 : ittapi_config_apply_per_lib :  ITTAPI function instrumented: __itt_frame_create
1675737 : 0xf8d34d12e1e51 : 2 : ittapi_config_apply_per_lib :  ITTAPI function instrumented: __itt_pt_region_create
1675737 : 0xf8d34d12e24dc : 2 : ittapi_config_apply_per_lib :  ITTAPI function instrumented: __itt_frame_begin
1675737 : 0xf8d34d12e2b6d : 2 : ittapi_config_apply_per_lib :  ITTAPI function instrumented: __itt_frame_end
1675737 : 0xf8d34d12e4871 : 2 : ittapi_config_apply_per_lib :  ITTAPI function not implemented: __itt_counter_destroy
1675737 : 0xf8d34d12e5008 : 2 : ittapi_config_apply_per_lib :  ITTAPI function instrumented: __itt_counter_inc
1675737 : 0xf8d34d12e5678 : 2 : ittapi_config_apply_per_lib :  ITTAPI function instrumented: __itt_counter_inc_delta
1675737 : 0xf8d34d12e5cc5 : 2 : ittapi_config_apply_per_lib :  ITTAPI function instrumented: __itt_counter_dec
1675737 : 0xf8d34d12e637d : 2 : ittapi_config_apply_per_lib :  ITTAPI function instrumented: __itt_counter_dec_delta
1675737 : 0xf8d34d12e6a29 : 2 : ittapi_config_apply_per_lib :  ITTAPI function instrumented: __itt_counter_set_value
1675737 : 0xf8d34d12e70f5 : 2 : ittapi_config_apply_per_lib :  ITTAPI function not implemented: __itt_counter_set_value_ex
1675737 : 0xf8d34d12e77c3 : 2 : ittapi_config_apply_per_lib :  ITTAPI function not implemented: __itt_mark_create
1675737 : 0xf8d34d12e7f1c : 2 : ittapi_config_apply_per_lib :  ITTAPI function not implemented: __itt_mark
1675737 : 0xf8d34d12e86d9 : 2 : ittapi_config_apply_per_lib :  ITTAPI function not implemented: __itt_mark_off
1675737 : 0xf8d34d12ea274 : 2 : ittapi_config_apply_per_lib :  ITTAPI function not implemented: __itt_mark_global
1675737 : 0xf8d34d12eaa75 : 2 : ittapi_config_apply_per_lib :  ITTAPI function not implemented: __itt_mark_global_off
1675737 : 0xf8d34d12eb0c4 : 2 : ittapi_config_apply_per_lib :  ITTAPI function NOT instrumented (not matched by --itt-config option): __itt_stack_caller_create

1675737 : 0xf8d34d12eb6cf : 2 : ittapi_config_apply_per_lib :  ITTAPI function NOT instrumented (not matched by --itt-config option): __itt_stack_caller_destroy

1675737 : 0xf8d34d12ebcfa : 2 : ittapi_config_apply_per_lib :  ITTAPI function NOT instrumented (not matched by --itt-config option): __itt_stack_callee_enter

1675737 : 0xf8d34d12ec2ac : 2 : ittapi_config_apply_per_lib :  ITTAPI function NOT instrumented (not matched by --itt-config option): __itt_stack_callee_leave

1675737 : 0xf8d34d12ec9c2 : 2 : ittapi_config_apply_per_lib :  ITTAPI function not implemented: __itt_clock_domain_create
1675737 : 0xf8d34d12ed117 : 2 : ittapi_config_apply_per_lib :  ITTAPI function not implemented: __itt_clock_domain_reset
1675737 : 0xf8d34d12ed7e1 : 2 : ittapi_config_apply_per_lib :  ITTAPI function not implemented: __itt_id_create_ex
1675737 : 0xf8d34d12edf08 : 2 : ittapi_config_apply_per_lib :  ITTAPI function not implemented: __itt_id_destroy_ex
1675737 : 0xf8d34d12f0653 : 2 : ittapi_config_apply_per_lib :  ITTAPI function not implemented: __itt_task_begin_ex
1675737 : 0xf8d34d12f0e1c : 2 : ittapi_config_apply_per_lib :  ITTAPI function not implemented: __itt_task_begin_fn_ex
1675737 : 0xf8d34d12f1538 : 2 : ittapi_config_apply_per_lib :  ITTAPI function not implemented: __itt_task_end_ex
1675737 : 0xf8d34d12f1c00 : 2 : ittapi_config_apply_per_lib :  ITTAPI function instrumented: __itt_task_begin_overlapped
1675737 : 0xf8d34d12f22e3 : 2 : ittapi_config_apply_per_lib :  ITTAPI function not implemented: __itt_task_begin_overlapped_ex
1675737 : 0xf8d34d12f2a9b : 2 : ittapi_config_apply_per_lib :  ITTAPI function instrumented: __itt_task_end_overlapped
1675737 : 0xf8d34d12f319d : 2 : ittapi_config_apply_per_lib :  ITTAPI function not implemented: __itt_task_end_overlapped_ex
1675737 : 0xf8d34d12f3868 : 2 : ittapi_config_apply_per_lib :  ITTAPI function not implemented: __itt_marker_ex
1675737 : 0xf8d34d12f3fe6 : 2 : ittapi_config_apply_per_lib :  ITTAPI function not implemented: __itt_metadata_add_with_scope
1675737 : 0xf8d34d12f47da : 2 : ittapi_config_apply_per_lib :  ITTAPI function not implemented: __itt_metadata_str_add_with_scope
1675737 : 0xf8d34d12f65e7 : 2 : ittapi_config_apply_per_lib :  ITTAPI function not implemented: __itt_relation_add_to_current_ex
1675737 : 0xf8d34d12f6d5c : 2 : ittapi_config_apply_per_lib :  ITTAPI function not implemented: __itt_relation_add_ex
1675737 : 0xf8d34d12f7445 : 2 : ittapi_config_apply_per_lib :  ITTAPI function not implemented: __itt_track_group_create
1675737 : 0xf8d34d12f7aac : 2 : ittapi_config_apply_per_lib :  ITTAPI function not implemented: __itt_track_create
1675737 : 0xf8d34d12f8190 : 2 : ittapi_config_apply_per_lib :  ITTAPI function not implemented: __itt_set_track
1675737 : 0xf8d34d12f881b : 2 : ittapi_config_apply_per_lib :  ITTAPI function instrumented: __itt_api_version
1675737 : 0xf8d34d12f8ee5 : 2 : ittapi_config_apply_per_lib :  ITTAPI function not implemented: __itt_av_save
1675737 : 0xf8d34d12f958b : 2 : ittapi_config_apply_per_lib :  ITTAPI function instrumented: __itt_module_load
1675737 : 0xf8d34d12f9c4c : 2 : ittapi_config_apply_per_lib :  ITTAPI function not implemented: __itt_module_unload