
1663575 : 0xf7a1d8a2737d7 : 1 : spill_jit_data :  Jit agent is not initialized
1663575 : 0xf7a1d8a3c390e : 2 : ittapi_config_mask_get :  --itt-config mask to be applied: 39
1663575 : 0xf7a1d8a3c5b7c : 2 : ittapi_config_apply_per_lib :  ITTAPI function instrumented: __itt_domain_create
1663575 : 0xf7a1d8a3c86a5 : 2 : ittapi_config_apply_per_lib :  ITTAPI function instrumented: __itt_module_load_with_sections
1663575 : 0xf7a1d8a3ca497 : 2 : ittapi_config_apply_per_lib :  ITTAPI function not implemented: __itt_module_unload_with_sections
1663575 : 0xf7a1d8a3cbc68 : 2 : ittapi_config_apply_per_lib :  ITTAPI function instrumented: __itt_string_handle_create
1663575 : 0xf7a1d8a3cccf6 : 2 : ittapi_config_apply_per_lib :  ITTAPI function instrumented: __itt_counter_create
1663575 : 0xf7a1d8a3cdc83 : 2 : ittapi_config_apply_per_lib :  ITTAPI function instrumented: __itt_counter_create_typed
1663575 : 0xf7a1d8a3cee9f : 2 : ittapi_config_apply_per_lib :  ITTAPI function instrumented: __itt_pause
1663575 : 0xf7a1d8a3cfeee : 2 : ittapi_config_apply_per_lib :  ITTAPI function instrumented: __itt_resume
1663575 : 0xf7a1d8a3e1834 : 2 : ittapi_config_apply_per_lib :  ITTAPI function instrumented: __itt_thread_set_name
1663575 : 0xf7a1d8a3e2d45 : 2 : ittapi_config_apply_per_lib :  ITTAPI function instrumented: __itt_thread_ignore
1663575 : 0xf7a1d8a3e3e7e : 2 : ittapi_config_apply_per_lib :  ITTAPI function instrumented: __itt_thr_name_set
1663575 : 0xf7a1d8a3e4fec : 2 : ittapi_config_apply_per_lib :  ITTAPI function instrumented: __itt_thr_ignore
1663575 : 0xf7a1d8a3e672d : 2 : ittapi_config_apply_per_lib :  ITTAPI function not implemented: __itt_enable_attach
1663575 : 0xf7a1d8a3e785c : 2 : ittapi_config_apply_per_lib :  ITTAPI function instrumented: __itt_detach
1663575 : 0xf7a1d8a3e87b7 : 2 : ittapi_config_apply_per_lib :  ITTAPI function NOT instrumented (not matched by --itt-config option): __itt_sync_create

1663575 : 0xf7a1d8a3e9806 : 2 : ittapi_config_apply_per_lib :  ITTAPI function NOT instrumented (not matched by --itt-config option): __itt_sync_rename

1663575 : 0xf7a1d8a3ea609 : 2 : ittapi_config_apply_per_lib :  ITTAPI function NOT instrumented (not matched by --itt-config option): __itt_sync_destroy

1663575 : 0xf7a1d8a3eb565 : 2 : ittapi_config_apply_per_lib :  ITTAPI function NOT instrumented (not matched by --itt-config option): __itt_sync_prepare

1663575 : 0xf7a1d8a3efc4c : 2 : ittapi_config_apply_per_lib :  ITTAPI function NOT instrumented (not matched by --itt-config option): __itt_sync_cancel

1663575 : 0xf7a1d8a3f0b75 : 2 : ittapi_config_apply_per_lib :  ITTAPI function NOT instrumented (not matched by --itt-config option): __itt_sync_acquired

1663575 : 0xf7a1d8a3f1a08 : 2 : ittapi_config_apply_per_lib :  ITTAPI function NOT instrumented (not matched by --itt-config option): __itt_sync_releasing

1663575 : 0xf7a1d8a3f2e75 : 2 : ittapi_config_apply_per_lib :  ITTAPI function not implemented: __itt_suppress_push
1663575 : 0xf7a1d8a3f448a : 2 : ittapi_config_apply_per_lib :  ITTAPI function not implemented: __itt_suppress_pop
1663575 : 0xf7a1d8a3f579d : 2 : ittapi_config_apply_per_lib :  ITTAPI function not implemented: __itt_suppress_mark_range
1663575 : 0xf7a1d8a3f6b42 : 2 : ittapi_config_apply_per_lib :  ITTAPI function not implemented: __itt_suppress_clear_range
1663575 : 0xf7a1d8a3f79a3 : 2 : ittapi_config_apply_per_lib :  ITTAPI function NOT instrumented (not matched by --itt-config option): __itt_sync_prepare

1663575 : 0xf7a1d8a3f8868 : 2 : ittapi_config_apply_per_lib :  ITTAPI function NOT instrumented (not matched by --itt-config option): __itt_sync_cancel

1663575 : 0xf7a1d8a3f9662 : 2 : ittapi_config_apply_per_lib :  ITTAPI function NOT instrumented (not matched by --itt-config option): __itt_sync_acquired

1663575 : 0xf7a1d8a3fd321 : 2 : ittapi_config_apply_per_lib :  ITTAPI function NOT instrumented (not matched by --itt-config option): __itt_sync_releasing

1663575 : 0xf7a1d8a3fe355 : 2 : ittapi_config_apply_per_lib :  ITTAPI function NOT instrumented (not matched by --itt-config option): __itt_model_site_begin

1663575 : 0xf7a1d8a3ff2df : 2 : ittapi_config_apply_per_lib :  ITTAPI function NOT instrumented (not matched by --itt-config option): __itt_model_site_end

1663575 : 0xf7a1d8a4001ab : 2 : ittapi_config_apply_per_lib :  ITTAPI function NOT instrumented (not matched by --itt-config option): __itt_model_task_begin

1663575 : 0xf7a1d8a401008 : 2 : ittapi_config_apply_per_lib :  ITTAPI function NOT instrumented (not matched by --itt-config option): __itt_model_task_end

1663575 : 0xf7a1d8a401f7e : 2 : ittapi_config_apply_per_lib :  ITTAPI function NOT instrumented (not matched by --itt-config option): __itt_model_lock_acquire

1663575 : 0xf7a1d8a402e5b : 2 : ittapi_config_apply_per_lib :  ITTAPI function NOT instrumented (not matched by --itt-config option): __itt_model_lock_release

1663575 : 0xf7a1d8a403d2d : 2 : ittapi_config_apply_per_lib :  ITTAPI function NOT instrumented (not matched by --itt-config option): __itt_model_record_allocation

1663575 : 0xf7a1d8a404b8b : 2 : ittapi_config_apply_per_lib :  ITTAPI function NOT instrumented (not matched by --itt-config option): __itt_model_record_deallocation

1663575 : 0xf7a1d8a4059db : 2 : ittapi_config_apply_per_lib :  ITTAPI function NOT instrumented (not matched by --itt-config option): __itt_model_induction_uses

1663575 : 0xf7a1d8a40dfb9 : 2 : ittapi_config_apply_per_lib :  ITTAPI function NOT instrumented (not matched by --itt-config option): __itt_model_reduction_uses

1663575 : 0xf7a1d8a40e844 : 2 : ittapi_config_apply_per_lib :  ITTAPI function NOT instrumented (not matched by --itt-config option): __itt_model_observe_uses

1663575 : 0xf7a1d8a40ef91 : 2 : ittapi_config_apply_per_lib :  ITTAPI function NOT instrumented (not matched by --itt-config option): __itt_model_clear_uses

1663575 : 0xf7a1d8a412fe8 : 2 : ittapi_config_apply_per_lib :  ITTAPI function NOT instrumented (not matched by --itt-config option): __itt_model_site_beginA

1663575 : 0xf7a1d8a4136e6 : 2 : ittapi_config_apply_per_lib :  ITTAPI function NOT instrumented (not matched by --itt-config option): __itt_model_site_beginAL

1663575 : 0xf7a1d8a413dfc : 2 : ittapi_config_apply_per_lib :  ITTAPI function NOT instrumented (not matched by --itt-config option): __itt_model_task_beginA

1663575 : 0xf7a1d8a4144ac : 2 : ittapi_config_apply_per_lib :  ITTAPI function NOT instrumented (not matched by --itt-config option): __itt_model_task_beginAL

1663575 : 0xf7a1d8a414ba7 : 2 : ittapi_config_apply_per_lib :  ITTAPI function NOT instrumented (not matched by --itt-config option): __itt_model_iteration_taskA

1663575 : 0xf7a1d8a418b87 : 2 : ittapi_config_apply_per_lib :  ITTAPI function NOT instrumented (not matched by --itt-config option): __itt_model_iteration_taskAL

1663575 : 0xf7a1d8a419166 : 2 : ittapi_config_apply_per_lib :  ITTAPI function NOT instrumented (not matched by --itt-config option): __itt_model_site_end_2

1663575 : 0xf7a1d8a41abcb : 2 : ittapi_config_apply_per_lib :  ITTAPI function NOT instrumented (not matched by --itt-config option): __itt_model_task_end_2

1663575 : 0xf7a1d8a41b194 : 2 : ittapi_config_apply_per_lib :  ITTAPI function NOT instrumented (not matched by --itt-config option): __itt_model_lock_acquire_2

1663575 : 0xf7a1d8a41b76a : 2 : ittapi_config_apply_per_lib :  ITTAPI function NOT instrumented (not matched by --itt-config option): __itt_model_lock_release_2

1663575 : 0xf7a1d8a41bd4f : 2 : ittapi_config_apply_per_lib :  ITTAPI function NOT instrumented (not matched by --itt-config option): __itt_model_aggregate_task

1663575 : 0xf7a1d8a41c324 : 2 : ittapi_config_apply_per_lib :  ITTAPI function NOT instrumented (not matched by --itt-config option): __itt_model_disable_push

1663575 : 0xf7a1d8a41c8e6 : 2 : ittapi_config_apply_per_lib :  ITTAPI function NOT instrumented (not matched by --itt-config option): __itt_model_disable_pop

1663575 : 0xf7a1d8a41cfd1 : 2 : ittapi_config_apply_per_lib :  ITTAPI function instrumented: __itt_heap_function_create
1663575 : 0xf7a1d8a41d69e : 2 : ittapi_config_apply_per_lib :  ITTAPI function instrumented: __itt_heap_allocate_begin
1663575 : 0xf7a1d8a41dd7e : 2 : ittapi_config_apply_per_lib :  ITTAPI function instrumented: __itt_heap_allocate_end
1663575 : 0xf7a1d8a41e427 : 2 : ittapi_config_apply_per_lib :  ITTAPI function instrumented: __itt_heap_free_begin
1663575 : 0xf7a1d8a4208e7 : 2 : ittapi_config_apply_per_lib :  ITTAPI function instrumented: __itt_heap_free_end
1663575 : 0xf7a1d8a420fb3 : 2 : ittapi_config_apply_per_lib :  ITTAPI function instrumented: __itt_heap_reallocate_begin
1663575 : 0xf7a1d8a4215f3 : 2 : ittapi_config_apply_per_lib :  ITTAPI function instrumented: __itt_heap_reallocate_end
1663575 : 0xf7a1d8a421dce : 2 : ittapi_config_apply_per_lib :  ITTAPI function not implemented: __itt_heap_internal_access_begin
1663575 : 0xf7a1d8a422530 : 2 : ittapi_config_apply_per_lib :  ITTAPI function not implemented: __itt_heap_internal_access_end
1663575 : 0xf7a1d8a422cf7 : 2 : ittapi_config_apply_per_lib :  ITTAPI function not implemented: __itt_heap_record_memory_growth_begin
1663575 : 0xf7a1d8a423407 : 2 : ittapi_config_apply_per_lib :  ITTAPI function not implemented: __itt_heap_record_memory_growth_end
1663575 : 0xf7a1d8a423b44 : 2 : ittapi_config_apply_per_lib :  ITTAPI function not implemented: __itt_heap_reset_detection
1663575 : 0xf7a1d8a4243f0 : 2 : ittapi_config_apply_per_lib :  ITTAPI function not implemented: __itt_heap_record
1663575 : 0xf7a1d8a424b37 : 2 : ittapi_config_apply_per_lib :  ITTAPI function not implemented: __itt_id_create
1663575 : 0xf7a1d8a426817 : 2 : ittapi_config_apply_per_lib :  ITTAPI function not implemented: __itt_id_destroy
1663575 : 0xf7a1d8a426f00 : 2 : ittapi_config_apply_per_lib :  ITTAPI function instrumented: __itt_get_timestamp
1663575 : 0xf7a1d8a427628 : 2 : ittapi_config_apply_per_lib :  ITTAPI function not implemented: __itt_region_begin
1663575 : 0xf7a1d8a427d43 : 2 : ittapi_config_apply_per_lib :  ITTAPI function not implemented: __itt_region_end
1663575 : 0xf7a1d8a42846d : 2 : ittapi_config_apply_per_lib :  ITTAPI function instrumented: __itt_frame_begin_v3
1663575 : 0xf7a1d8a428b57 : 2 : ittapi_config_apply_per_lib :  ITTAPI function instrumented: __itt_frame_end_v3
1663575 : 0xf7a1d8a4291ef : 2 : ittapi_config_apply_per_lib :  ITTAPI function instrumented: __itt_frame_submit_v3
1663575 : 0xf7a1d8a429984 : 2 : ittapi_config_apply_per_lib :  ITTAPI function not implemented: __itt_task_group
1663575 : 0xf7a1d8a42a029 : 2 : ittapi_config_apply_per_lib :  ITTAPI function instrumented: __itt_task_begin
1663575 : 0xf7a1d8a42a693 : 2 : ittapi_config_apply_per_lib :  ITTAPI function instrumented: __itt_task_begin_fn
1663575 : 0xf7a1d8a42c0fc : 2 : ittapi_config_apply_per_lib :  ITTAPI function instrumented: __itt_task_end
1663575 : 0xf7a1d8a42c8ac : 2 : ittapi_config_apply_per_lib :  ITTAPI function not implemented: __itt_counter_inc_v3
1663575 : 0xf7a1d8a42d030 : 2 : ittapi_config_apply_per_lib :  ITTAPI function not implemented: __itt_counter_inc_delta_v3
1663575 : 0xf7a1d8a42d724 : 2 : ittapi_config_apply_per_lib :  ITTAPI function not implemented: __itt_counter_dec_v3
1663575 : 0xf7a1d8a42ddca : 2 : ittapi_config_apply_per_lib :  ITTAPI function not implemented: __itt_counter_dec_delta_v3
1663575 : 0xf7a1d8a42e4c8 : 2 : ittapi_config_apply_per_lib :  ITTAPI function not implemented: __itt_marker
1663575 : 0xf7a1d8a42eb89 : 2 : ittapi_config_apply_per_lib :  ITTAPI function instrumented: __itt_metadata_add
1663575 : 0xf7a1d8a42f28e : 2 : ittapi_config_apply_per_lib :  ITTAPI function not implemented: __itt_metadata_str_add
1663575 : 0xf7a1d8a42f9aa : 2 : ittapi_config_apply_per_lib :  ITTAPI function not implemented: __itt_relation_add_to_current
1663575 : 0xf7a1d8a4300b4 : 2 : ittapi_config_apply_per_lib :  ITTAPI function not implemented: __itt_relation_add
1663575 : 0xf7a1d8a4319d7 : 2 : ittapi_config_apply_per_lib :  ITTAPI function instrumented: __itt_event_create
1663575 : 0xf7a1d8a432093 : 2 : ittapi_config_apply_per_lib :  ITTAPI function instrumented: __itt_event_start
1663575 : 0xf7a1d8a4326f4 : 2 : ittapi_config_apply_per_lib :  ITTAPI function instrumented: __itt_event_end
1663575 : 0xf7a1d8a432c8f : 2 : ittapi_config_apply_per_lib :  ITTAPI function NOT instrumented (not matched by --itt-config option): __itt_sync_set_name

1663575 : 0xf7a1d8a43328b : 2 : ittapi_config_apply_per_lib :  ITTAPI function NOT instrumented (not matched by --itt-config option): __itt_notify_sync_name

1663575 : 0xf7a1d8a433850 : 2 : ittapi_config_apply_per_lib :  ITTAPI function NOT instrumented (not matched by --itt-config option): __itt_notify_sync_prepare

1663575 : 0xf7a1d8a433dee : 2 : ittapi_config_apply_per_lib :  ITTAPI function NOT instrumented (not matched by --itt-config option): __itt_notify_sync_cancel

1663575 : 0xf7a1d8a434394 : 2 : ittapi_config_apply_per_lib :  ITTAPI function NOT instrumented (not matched by --itt-config option): __itt_notify_sync_acquired

1663575 : 0xf7a1d8a434935 : 2 : ittapi_config_apply_per_lib :  ITTAPI function NOT instrumented (not matched by --itt-config option): __itt_notify_sync_releasing

1663575 : 0xf7a1d8a43507a : 2 : ittapi_config_apply_per_lib :  ITTAPI function not implemented: __itt_memory_read
1663575 : 0xf7a1d8a43749b : 2 : ittapi_config_apply_per_lib :  ITTAPI function not implemented: __itt_memory_write
1663575 : 0xf7a1d8a437c3f : 2 : ittapi_config_apply_per_lib :  ITTAPI function not implemented: __itt_memory_update
1663575 : 0xf7a1d8a438387 : 2 : ittapi_config_apply_per_lib :  ITTAPI function not implemented: __itt_state_get
1663575 : 0xf7a1d8a438a71 : 2 : ittapi_config_apply_per_lib :  ITTAPI function not implemented: __itt_state_set
1663575 : 0xf7a1d8a43914c : 2 : ittapi_config_apply_per_lib :  ITTAPI function not implemented: __itt_obj_mode_set
1663575 : 0xf7a1d8a439864 : 2 : ittapi_config_apply_per_lib :  ITTAPI function not implemented: __itt_thr_mode_set
1663575 : 0xf7a1d8a439ef5 : 2 : ittapi_config_apply_per_lib :  ITTAPI function instrumented: __itt_frame_create
1663575 : 0xf7a1d8a43a557 : 2 : ittapi_config_apply_per_lib :  ITTAPI function instrumented: __itt_pt_region_create
1663575 : 0xf7a1d8a43ac0c : 2 : ittapi_config_apply_per_lib :  ITTAPI function instrumented: __itt_frame_begin
1663575 : 0xf7a1d8a43b290 : 2 : ittapi_config_apply_per_lib :  ITTAPI function instrumented: __itt_frame_end
1663575 : 0xf7a1d8a43cd3c : 2 : ittapi_config_apply_per_lib :  ITTAPI function not implemented: __itt_counter_destroy
1663575 : 0xf7a1d8a43d41b : 2 : ittapi_config_apply_per_lib :  ITTAPI function instrumented: __itt_counter_inc
1663575 : 0xf7a1d8a43da87 : 2 : ittapi_config_apply_per_lib :  ITTAPI function instrumented: __itt_counter_inc_delta
1663575 : 0xf7a1d8a43e0f0 : 2 : ittapi_config_apply_per_lib :  ITTAPI function instrumented: __itt_counter_dec
1663575 : 0xf7a1d8a43e7db : 2 : ittapi_config_apply_per_lib :  ITTAPI function instrumented: __itt_counter_dec_delta
1663575 : 0xf7a1d8a43ee9b : 2 : ittapi_config_apply_per_lib :  ITTAPI function instrumented: __itt_counter_set_value
1663575 : 0xf7a1d8a43f583 : 2 : ittapi_config_apply_per_lib :  ITTAPI function not implemented: __itt_counter_set_value_ex
1663575 : 0xf7a1d8a43fc33 : 2 : ittapi_config_apply_per_lib :  ITTAPI function not implemented: __itt_mark_create
1663575 : 0xf7a1d8a44035d : 2 : ittapi_config_apply_per_lib :  ITTAPI function not implemented: __itt_mark
1663575 : 0xf7a1d8a440b35 : 2 : ittapi_config_apply_per_lib :  ITTAPI function not implemented: __itt_mark_off
1663575 : 0xf7a1d8a442610 : 2 : ittapi_config_apply_per_lib :  ITTAPI function not implemented: __itt_mark_global
1663575 : 0xf7a1d8a442d7b : 2 : ittapi_config_apply_per_lib :  ITTAPI function not implemented: __itt_mark_global_off
1663575 : 0xf7a1d8a443456 : 2 : ittapi_config_apply_per_lib :  ITTAPI function NOT instrumented (not matched by --itt-config option): __itt_stack_caller_create

1663575 : 0xf7a1d8a443a9a : 2 : ittapi_config_apply_per_lib :  ITTAPI function NOT instrumented (not matched by --itt-config option): __itt_stack_caller_destroy

1663575 : 0xf7a1d8a444098 : 2 : ittapi_config_apply_per_lib :  ITTAPI function NOT instrumented (not matched by --itt-config option): __itt_stack_callee_enter

1663575 : 0xf7a1d8a444672 : 2 : ittapi_config_apply_per_lib :  ITTAPI function NOT instrumented (not matched by --itt-config option): __itt_stack_callee_leave

1663575 : 0xf7a1d8a444d82 : 2 : ittapi_config_apply_per_lib :  ITTAPI function not implemented: __itt_clock_domain_create
1663575 : 0xf7a1d8a445510 : 2 : ittapi_config_apply_per_lib :  ITTAPI function not implemented: __itt_clock_domain_reset
1663575 : 0xf7a1d8a445c0f : 2 : ittapi_config_apply_per_lib :  ITTAPI function not implemented: __itt_id_create_ex
1663575 : 0xf7a1d8a44632c : 2 : ittapi_config_apply_per_lib :  ITTAPI function not implemented: __itt_id_destroy_ex
1663575 : 0xf7a1d8a44880d : 2 : ittapi_config_apply_per_lib :  ITTAPI function not implemented: __itt_task_begin_ex
1663575 : 0xf7a1d8a448f92 : 2 : ittapi_config_apply_per_lib :  ITTAPI function not implemented: __itt_task_begin_fn_ex
1663575 : 0xf7a1d8a4496ed : 2 : ittapi_config_apply_per_lib :  ITTAPI function not implemented: __itt_task_end_ex
1663575 : 0xf7a1d8a449de5 : 2 : ittapi_config_apply_per_lib :  ITTAPI function instrumented: __itt_task_begin_overlapped
1663575 : 0xf7a1d8a44a4de : 2 : ittapi_config_apply_per_lib :  ITTAPI function not implemented: __itt_task_begin_overlapped_ex
1663575 : 0xf7a1d8a44ac27 : 2 : ittapi_config_apply_per_lib :  ITTAPI function instrumented: __itt_task_end_overlapped
1663575 : 0xf7a1d8a44b314 : 2 : ittapi_config_apply_per_lib :  ITTAPI function not implemented: __itt_task_end_overlapped_ex
1663575 : 0xf7a1d8a44ba23 : 2 : ittapi_config_apply_per_lib :  ITTAPI function not implemented: __itt_marker_ex
1663575 : 0xf7a1d8a44c1b6 : 2 : ittapi_config_apply_per_lib :  ITTAPI function not implemented: __itt_metadata_add_with_scope
1663575 : 0xf7a1d8a44c914 : 2 : ittapi_config_apply_per_lib :  ITTAPI function not implemented: __itt_metadata_str_add_with_scope
1663575 : 0xf7a1d8a44e58c : 2 : ittapi_config_apply_per_lib :  ITTAPI function not implemented: __itt_relation_add_to_current_ex
1663575 : 0xf7a1d8a44ecc5 : 2 : ittapi_config_apply_per_lib :  ITTAPI function not implemented: __itt_relation_add_ex
1663575 : 0xf7a1d8a44f39e : 2 : ittapi_config_apply_per_lib :  ITTAPI function not implemented: __itt_track_group_create
1663575 : 0xf7a1d8a44fa31 : 2 : ittapi_config_apply_per_lib :  ITTAPI function not implemented: __itt_track_create
1663575 : 0xf7a1d8a45012b : 2 : ittapi_config_apply_per_lib :  ITTAPI function not implemented: __itt_set_track
1663575 : 0xf7a1d8a4507f8 : 2 : ittapi_config_apply_per_lib :  ITTAPI function instrumented: __itt_api_version
1663575 : 0xf7a1d8a450ebf : 2 : ittapi_config_apply_per_lib :  ITTAPI function not implemented: __itt_av_save
1663575 : 0xf7a1d8a451595 : 2 : ittapi_config_apply_per_lib :  ITTAPI function instrumented: __itt_module_load
1663575 : 0xf7a1d8a451c7d : 2 : ittapi_config_apply_per_lib :  ITTAPI function not implemented: __itt_module_unload