
2067374 : 0x11507ef43a5782 : 1 : spill_jit_data :  Jit agent is not initialized
2067374 : 0x11507ef449eeda : 2 : ittapi_config_mask_get :  --itt-config mask to be applied: 39
2067374 : 0x11507ef44a034f : 2 : ittapi_config_apply_per_lib :  ITTAPI function instrumented: __itt_domain_create
2067374 : 0x11507ef44a0ddd : 2 : ittapi_config_apply_per_lib :  ITTAPI function instrumented: __itt_module_load_with_sections
2067374 : 0x11507ef44a1e92 : 2 : ittapi_config_apply_per_lib :  ITTAPI function not implemented: __itt_module_unload_with_sections
2067374 : 0x11507ef44a2b69 : 2 : ittapi_config_apply_per_lib :  ITTAPI function instrumented: __itt_string_handle_create
2067374 : 0x11507ef44a3378 : 2 : ittapi_config_apply_per_lib :  ITTAPI function instrumented: __itt_counter_create
2067374 : 0x11507ef44a3aa7 : 2 : ittapi_config_apply_per_lib :  ITTAPI function instrumented: __itt_counter_create_typed
2067374 : 0x11507ef44a430d : 2 : ittapi_config_apply_per_lib :  ITTAPI function instrumented: __itt_pause
2067374 : 0x11507ef44a4b45 : 2 : ittapi_config_apply_per_lib :  ITTAPI function instrumented: __itt_resume
2067374 : 0x11507ef44b17e9 : 2 : ittapi_config_apply_per_lib :  ITTAPI function instrumented: __itt_thread_set_name
2067374 : 0x11507ef44b2376 : 2 : ittapi_config_apply_per_lib :  ITTAPI function instrumented: __itt_thread_ignore
2067374 : 0x11507ef44b2bc5 : 2 : ittapi_config_apply_per_lib :  ITTAPI function instrumented: __itt_thr_name_set
2067374 : 0x11507ef44b344a : 2 : ittapi_config_apply_per_lib :  ITTAPI function instrumented: __itt_thr_ignore
2067374 : 0x11507ef44b3f09 : 2 : ittapi_config_apply_per_lib :  ITTAPI function not implemented: __itt_enable_attach
2067374 : 0x11507ef44b4742 : 2 : ittapi_config_apply_per_lib :  ITTAPI function instrumented: __itt_detach
2067374 : 0x11507ef44b4e31 : 2 : ittapi_config_apply_per_lib :  ITTAPI function NOT instrumented (not matched by --itt-config option): __itt_sync_create

2067374 : 0x11507ef44b561b : 2 : ittapi_config_apply_per_lib :  ITTAPI function NOT instrumented (not matched by --itt-config option): __itt_sync_rename

2067374 : 0x11507ef44b5c78 : 2 : ittapi_config_apply_per_lib :  ITTAPI function NOT instrumented (not matched by --itt-config option): __itt_sync_destroy

2067374 : 0x11507ef44b6359 : 2 : ittapi_config_apply_per_lib :  ITTAPI function NOT instrumented (not matched by --itt-config option): __itt_sync_prepare

2067374 : 0x11507ef44bbca3 : 2 : ittapi_config_apply_per_lib :  ITTAPI function NOT instrumented (not matched by --itt-config option): __itt_sync_cancel

2067374 : 0x11507ef44bc35d : 2 : ittapi_config_apply_per_lib :  ITTAPI function NOT instrumented (not matched by --itt-config option): __itt_sync_acquired

2067374 : 0x11507ef44bc990 : 2 : ittapi_config_apply_per_lib :  ITTAPI function NOT instrumented (not matched by --itt-config option): __itt_sync_releasing

2067374 : 0x11507ef44bd2a5 : 2 : ittapi_config_apply_per_lib :  ITTAPI function not implemented: __itt_suppress_push
2067374 : 0x11507ef44bdcde : 2 : ittapi_config_apply_per_lib :  ITTAPI function not implemented: __itt_suppress_pop
2067374 : 0x11507ef44be59d : 2 : ittapi_config_apply_per_lib :  ITTAPI function not implemented: __itt_suppress_mark_range
2067374 : 0x11507ef44bee94 : 2 : ittapi_config_apply_per_lib :  ITTAPI function not implemented: __itt_suppress_clear_range
2067374 : 0x11507ef44bf4fb : 2 : ittapi_config_apply_per_lib :  ITTAPI function NOT instrumented (not matched by --itt-config option): __itt_sync_prepare

2067374 : 0x11507ef44bfb9d : 2 : ittapi_config_apply_per_lib :  ITTAPI function NOT instrumented (not matched by --itt-config option): __itt_sync_cancel

2067374 : 0x11507ef44c01a7 : 2 : ittapi_config_apply_per_lib :  ITTAPI function NOT instrumented (not matched by --itt-config option): __itt_sync_acquired

2067374 : 0x11507ef44c1c48 : 2 : ittapi_config_apply_per_lib :  ITTAPI function NOT instrumented (not matched by --itt-config option): __itt_sync_releasing

2067374 : 0x11507ef44c2343 : 2 : ittapi_config_apply_per_lib :  ITTAPI function NOT instrumented (not matched by --itt-config option): __itt_model_site_begin

2067374 : 0x11507ef44c29fa : 2 : ittapi_config_apply_per_lib :  ITTAPI function NOT instrumented (not matched by --itt-config option): __itt_model_site_end

2067374 : 0x11507ef44c6c95 : 2 : ittapi_config_apply_per_lib :  ITTAPI function NOT instrumented (not matched by --itt-config option): __itt_model_task_begin

2067374 : 0x11507ef44c7307 : 2 : ittapi_config_apply_per_lib :  ITTAPI function NOT instrumented (not matched by --itt-config option): __itt_model_task_end

2067374 : 0x11507ef44c7a09 : 2 : ittapi_config_apply_per_lib :  ITTAPI function NOT instrumented (not matched by --itt-config option): __itt_model_lock_acquire

2067374 : 0x11507ef44c8105 : 2 : ittapi_config_apply_per_lib :  ITTAPI function NOT instrumented (not matched by --itt-config option): __itt_model_lock_release

2067374 : 0x11507ef44c87a3 : 2 : ittapi_config_apply_per_lib :  ITTAPI function NOT instrumented (not matched by --itt-config option): __itt_model_record_allocation

2067374 : 0x11507ef44c8e22 : 2 : ittapi_config_apply_per_lib :  ITTAPI function NOT instrumented (not matched by --itt-config option): __itt_model_record_deallocation

2067374 : 0x11507ef44c94a0 : 2 : ittapi_config_apply_per_lib :  ITTAPI function NOT instrumented (not matched by --itt-config option): __itt_model_induction_uses

2067374 : 0x11507ef44cca6c : 2 : ittapi_config_apply_per_lib :  ITTAPI function NOT instrumented (not matched by --itt-config option): __itt_model_reduction_uses

2067374 : 0x11507ef44cd209 : 2 : ittapi_config_apply_per_lib :  ITTAPI function NOT instrumented (not matched by --itt-config option): __itt_model_observe_uses

2067374 : 0x11507ef44cd8e2 : 2 : ittapi_config_apply_per_lib :  ITTAPI function NOT instrumented (not matched by --itt-config option): __itt_model_clear_uses

2067374 : 0x11507ef44cdf4e : 2 : ittapi_config_apply_per_lib :  ITTAPI function NOT instrumented (not matched by --itt-config option): __itt_model_site_beginA

2067374 : 0x11507ef44ce651 : 2 : ittapi_config_apply_per_lib :  ITTAPI function NOT instrumented (not matched by --itt-config option): __itt_model_site_beginAL

2067374 : 0x11507ef44ced0f : 2 : ittapi_config_apply_per_lib :  ITTAPI function NOT instrumented (not matched by --itt-config option): __itt_model_task_beginA

2067374 : 0x11507ef44cf36e : 2 : ittapi_config_apply_per_lib :  ITTAPI function NOT instrumented (not matched by --itt-config option): __itt_model_task_beginAL

2067374 : 0x11507ef44cfa58 : 2 : ittapi_config_apply_per_lib :  ITTAPI function NOT instrumented (not matched by --itt-config option): __itt_model_iteration_taskA

2067374 : 0x11507ef44d00e9 : 2 : ittapi_config_apply_per_lib :  ITTAPI function NOT instrumented (not matched by --itt-config option): __itt_model_iteration_taskAL

2067374 : 0x11507ef44d07ec : 2 : ittapi_config_apply_per_lib :  ITTAPI function NOT instrumented (not matched by --itt-config option): __itt_model_site_end_2

2067374 : 0x11507ef44d2461 : 2 : ittapi_config_apply_per_lib :  ITTAPI function NOT instrumented (not matched by --itt-config option): __itt_model_task_end_2

2067374 : 0x11507ef44d2b01 : 2 : ittapi_config_apply_per_lib :  ITTAPI function NOT instrumented (not matched by --itt-config option): __itt_model_lock_acquire_2

2067374 : 0x11507ef44d31d8 : 2 : ittapi_config_apply_per_lib :  ITTAPI function NOT instrumented (not matched by --itt-config option): __itt_model_lock_release_2

2067374 : 0x11507ef44d388f : 2 : ittapi_config_apply_per_lib :  ITTAPI function NOT instrumented (not matched by --itt-config option): __itt_model_aggregate_task

2067374 : 0x11507ef44d3f2f : 2 : ittapi_config_apply_per_lib :  ITTAPI function NOT instrumented (not matched by --itt-config option): __itt_model_disable_push

2067374 : 0x11507ef44d45c7 : 2 : ittapi_config_apply_per_lib :  ITTAPI function NOT instrumented (not matched by --itt-config option): __itt_model_disable_pop

2067374 : 0x11507ef44d4db3 : 2 : ittapi_config_apply_per_lib :  ITTAPI function instrumented: __itt_heap_function_create
2067374 : 0x11507ef44d563b : 2 : ittapi_config_apply_per_lib :  ITTAPI function instrumented: __itt_heap_allocate_begin
2067374 : 0x11507ef44d5ded : 2 : ittapi_config_apply_per_lib :  ITTAPI function instrumented: __itt_heap_allocate_end
2067374 : 0x11507ef44d66ae : 2 : ittapi_config_apply_per_lib :  ITTAPI function instrumented: __itt_heap_free_begin
2067374 : 0x11507ef44d8fd7 : 2 : ittapi_config_apply_per_lib :  ITTAPI function instrumented: __itt_heap_free_end
2067374 : 0x11507ef44d9839 : 2 : ittapi_config_apply_per_lib :  ITTAPI function instrumented: __itt_heap_reallocate_begin
2067374 : 0x11507ef44d9f7b : 2 : ittapi_config_apply_per_lib :  ITTAPI function instrumented: __itt_heap_reallocate_end
2067374 : 0x11507ef44da86d : 2 : ittapi_config_apply_per_lib :  ITTAPI function not implemented: __itt_heap_internal_access_begin
2067374 : 0x11507ef44db157 : 2 : ittapi_config_apply_per_lib :  ITTAPI function not implemented: __itt_heap_internal_access_end
2067374 : 0x11507ef44dba41 : 2 : ittapi_config_apply_per_lib :  ITTAPI function not implemented: __itt_heap_record_memory_growth_begin
2067374 : 0x11507ef44dc442 : 2 : ittapi_config_apply_per_lib :  ITTAPI function not implemented: __itt_heap_record_memory_growth_end
2067374 : 0x11507ef44dcd18 : 2 : ittapi_config_apply_per_lib :  ITTAPI function not implemented: __itt_heap_reset_detection
2067374 : 0x11507ef44dd632 : 2 : ittapi_config_apply_per_lib :  ITTAPI function not implemented: __itt_heap_record
2067374 : 0x11507ef44ddf43 : 2 : ittapi_config_apply_per_lib :  ITTAPI function not implemented: __itt_id_create
2067374 : 0x11507ef44dfe4d : 2 : ittapi_config_apply_per_lib :  ITTAPI function not implemented: __itt_id_destroy
2067374 : 0x11507ef44e067c : 2 : ittapi_config_apply_per_lib :  ITTAPI function instrumented: __itt_get_timestamp
2067374 : 0x11507ef44e0f28 : 2 : ittapi_config_apply_per_lib :  ITTAPI function not implemented: __itt_region_begin
2067374 : 0x11507ef44e178a : 2 : ittapi_config_apply_per_lib :  ITTAPI function not implemented: __itt_region_end
2067374 : 0x11507ef44e1fc3 : 2 : ittapi_config_apply_per_lib :  ITTAPI function instrumented: __itt_frame_begin_v3
2067374 : 0x11507ef44e27af : 2 : ittapi_config_apply_per_lib :  ITTAPI function instrumented: __itt_frame_end_v3
2067374 : 0x11507ef44e2f56 : 2 : ittapi_config_apply_per_lib :  ITTAPI function instrumented: __itt_frame_submit_v3
2067374 : 0x11507ef44e384d : 2 : ittapi_config_apply_per_lib :  ITTAPI function not implemented: __itt_task_group
2067374 : 0x11507ef44e4023 : 2 : ittapi_config_apply_per_lib :  ITTAPI function instrumented: __itt_task_begin
2067374 : 0x11507ef44e47d1 : 2 : ittapi_config_apply_per_lib :  ITTAPI function instrumented: __itt_task_begin_fn
2067374 : 0x11507ef44e6647 : 2 : ittapi_config_apply_per_lib :  ITTAPI function instrumented: __itt_task_end
2067374 : 0x11507ef44e6f64 : 2 : ittapi_config_apply_per_lib :  ITTAPI function not implemented: __itt_counter_inc_v3
2067374 : 0x11507ef44e783b : 2 : ittapi_config_apply_per_lib :  ITTAPI function not implemented: __itt_counter_inc_delta_v3
2067374 : 0x11507ef44e806b : 2 : ittapi_config_apply_per_lib :  ITTAPI function not implemented: __itt_counter_dec_v3
2067374 : 0x11507ef44e8837 : 2 : ittapi_config_apply_per_lib :  ITTAPI function not implemented: __itt_counter_dec_delta_v3
2067374 : 0x11507ef44e90e8 : 2 : ittapi_config_apply_per_lib :  ITTAPI function not implemented: __itt_marker
2067374 : 0x11507ef44e98d8 : 2 : ittapi_config_apply_per_lib :  ITTAPI function instrumented: __itt_metadata_add
2067374 : 0x11507ef44ea148 : 2 : ittapi_config_apply_per_lib :  ITTAPI function not implemented: __itt_metadata_str_add
2067374 : 0x11507ef44ea977 : 2 : ittapi_config_apply_per_lib :  ITTAPI function not implemented: __itt_relation_add_to_current
2067374 : 0x11507ef44eb1db : 2 : ittapi_config_apply_per_lib :  ITTAPI function not implemented: __itt_relation_add
2067374 : 0x11507ef44ecfc0 : 2 : ittapi_config_apply_per_lib :  ITTAPI function instrumented: __itt_event_create
2067374 : 0x11507ef44ed7ac : 2 : ittapi_config_apply_per_lib :  ITTAPI function instrumented: __itt_event_start
2067374 : 0x11507ef44edee3 : 2 : ittapi_config_apply_per_lib :  ITTAPI function instrumented: __itt_event_end
2067374 : 0x11507ef44ee548 : 2 : ittapi_config_apply_per_lib :  ITTAPI function NOT instrumented (not matched by --itt-config option): __itt_sync_set_name

2067374 : 0x11507ef44eebdf : 2 : ittapi_config_apply_per_lib :  ITTAPI function NOT instrumented (not matched by --itt-config option): __itt_notify_sync_name

2067374 : 0x11507ef44ef261 : 2 : ittapi_config_apply_per_lib :  ITTAPI function NOT instrumented (not matched by --itt-config option): __itt_notify_sync_prepare

2067374 : 0x11507ef44ef8ba : 2 : ittapi_config_apply_per_lib :  ITTAPI function NOT instrumented (not matched by --itt-config option): __itt_notify_sync_cancel

2067374 : 0x11507ef44eff37 : 2 : ittapi_config_apply_per_lib :  ITTAPI function NOT instrumented (not matched by --itt-config option): __itt_notify_sync_acquired

2067374 : 0x11507ef44f058b : 2 : ittapi_config_apply_per_lib :  ITTAPI function NOT instrumented (not matched by --itt-config option): __itt_notify_sync_releasing

2067374 : 0x11507ef44f0dde : 2 : ittapi_config_apply_per_lib :  ITTAPI function not implemented: __itt_memory_read
2067374 : 0x11507ef44f38d5 : 2 : ittapi_config_apply_per_lib :  ITTAPI function not implemented: __itt_memory_write
2067374 : 0x11507ef44f41dc : 2 : ittapi_config_apply_per_lib :  ITTAPI function not implemented: __itt_memory_update
2067374 : 0x11507ef44f4a20 : 2 : ittapi_config_apply_per_lib :  ITTAPI function not implemented: __itt_state_get
2067374 : 0x11507ef44f5227 : 2 : ittapi_config_apply_per_lib :  ITTAPI function not implemented: __itt_state_set
2067374 : 0x11507ef44f5a48 : 2 : ittapi_config_apply_per_lib :  ITTAPI function not implemented: __itt_obj_mode_set
2067374 : 0x11507ef44f9d52 : 2 : ittapi_config_apply_per_lib :  ITTAPI function not implemented: __itt_thr_mode_set
2067374 : 0x11507ef44fa553 : 2 : ittapi_config_apply_per_lib :  ITTAPI function instrumented: __itt_frame_create
2067374 : 0x11507ef44faccc : 2 : ittapi_config_apply_per_lib :  ITTAPI function instrumented: __itt_pt_region_create
2067374 : 0x11507ef44fb4d0 : 2 : ittapi_config_apply_per_lib :  ITTAPI function instrumented: __itt_frame_begin
2067374 : 0x11507ef44fbcdf : 2 : ittapi_config_apply_per_lib :  ITTAPI function instrumented: __itt_frame_end
2067374 : 0x11507ef44fde2d : 2 : ittapi_config_apply_per_lib :  ITTAPI function not implemented: __itt_counter_destroy
2067374 : 0x11507ef44fe74c : 2 : ittapi_config_apply_per_lib :  ITTAPI function instrumented: __itt_counter_inc
2067374 : 0x11507ef44feef6 : 2 : ittapi_config_apply_per_lib :  ITTAPI function instrumented: __itt_counter_inc_delta
2067374 : 0x11507ef44ff6b7 : 2 : ittapi_config_apply_per_lib :  ITTAPI function instrumented: __itt_counter_dec
2067374 : 0x11507ef44fff44 : 2 : ittapi_config_apply_per_lib :  ITTAPI function instrumented: __itt_counter_dec_delta
2067374 : 0x11507ef4500729 : 2 : ittapi_config_apply_per_lib :  ITTAPI function instrumented: __itt_counter_set_value
2067374 : 0x11507ef4501006 : 2 : ittapi_config_apply_per_lib :  ITTAPI function not implemented: __itt_counter_set_value_ex
2067374 : 0x11507ef45018eb : 2 : ittapi_config_apply_per_lib :  ITTAPI function not implemented: __itt_mark_create
2067374 : 0x11507ef4502281 : 2 : ittapi_config_apply_per_lib :  ITTAPI function not implemented: __itt_mark
2067374 : 0x11507ef4502bee : 2 : ittapi_config_apply_per_lib :  ITTAPI function not implemented: __itt_mark_off
2067374 : 0x11507ef4504b0c : 2 : ittapi_config_apply_per_lib :  ITTAPI function not implemented: __itt_mark_global
2067374 : 0x11507ef450540a : 2 : ittapi_config_apply_per_lib :  ITTAPI function not implemented: __itt_mark_global_off
2067374 : 0x11507ef4505b90 : 2 : ittapi_config_apply_per_lib :  ITTAPI function NOT instrumented (not matched by --itt-config option): __itt_stack_caller_create

2067374 : 0x11507ef45062af : 2 : ittapi_config_apply_per_lib :  ITTAPI function NOT instrumented (not matched by --itt-config option): __itt_stack_caller_destroy

2067374 : 0x11507ef4506a0e : 2 : ittapi_config_apply_per_lib :  ITTAPI function NOT instrumented (not matched by --itt-config option): __itt_stack_callee_enter

2067374 : 0x11507ef45070fe : 2 : ittapi_config_apply_per_lib :  ITTAPI function NOT instrumented (not matched by --itt-config option): __itt_stack_callee_leave

2067374 : 0x11507ef4507939 : 2 : ittapi_config_apply_per_lib :  ITTAPI function not implemented: __itt_clock_domain_create
2067374 : 0x11507ef45081f0 : 2 : ittapi_config_apply_per_lib :  ITTAPI function not implemented: __itt_clock_domain_reset
2067374 : 0x11507ef4508a91 : 2 : ittapi_config_apply_per_lib :  ITTAPI function not implemented: __itt_id_create_ex
2067374 : 0x11507ef450932b : 2 : ittapi_config_apply_per_lib :  ITTAPI function not implemented: __itt_id_destroy_ex
2067374 : 0x11507ef450f862 : 2 : ittapi_config_apply_per_lib :  ITTAPI function not implemented: __itt_task_begin_ex
2067374 : 0x11507ef4510201 : 2 : ittapi_config_apply_per_lib :  ITTAPI function not implemented: __itt_task_begin_fn_ex
2067374 : 0x11507ef4511fa4 : 2 : ittapi_config_apply_per_lib :  ITTAPI function not implemented: __itt_task_end_ex
2067374 : 0x11507ef4512824 : 2 : ittapi_config_apply_per_lib :  ITTAPI function instrumented: __itt_task_begin_overlapped
2067374 : 0x11507ef45130dc : 2 : ittapi_config_apply_per_lib :  ITTAPI function not implemented: __itt_task_begin_overlapped_ex
2067374 : 0x11507ef451397b : 2 : ittapi_config_apply_per_lib :  ITTAPI function instrumented: __itt_task_end_overlapped
2067374 : 0x11507ef451426a : 2 : ittapi_config_apply_per_lib :  ITTAPI function not implemented: __itt_task_end_overlapped_ex
2067374 : 0x11507ef4514aff : 2 : ittapi_config_apply_per_lib :  ITTAPI function not implemented: __itt_marker_ex
2067374 : 0x11507ef451544b : 2 : ittapi_config_apply_per_lib :  ITTAPI function not implemented: __itt_metadata_add_with_scope
2067374 : 0x11507ef4515dfd : 2 : ittapi_config_apply_per_lib :  ITTAPI function not implemented: __itt_metadata_str_add_with_scope
2067374 : 0x11507ef4518164 : 2 : ittapi_config_apply_per_lib :  ITTAPI function not implemented: __itt_relation_add_to_current_ex
2067374 : 0x11507ef4518a8f : 2 : ittapi_config_apply_per_lib :  ITTAPI function not implemented: __itt_relation_add_ex
2067374 : 0x11507ef451939c : 2 : ittapi_config_apply_per_lib :  ITTAPI function not implemented: __itt_track_group_create
2067374 : 0x11507ef451d460 : 2 : ittapi_config_apply_per_lib :  ITTAPI function not implemented: __itt_track_create
2067374 : 0x11507ef451dcf1 : 2 : ittapi_config_apply_per_lib :  ITTAPI function not implemented: __itt_set_track
2067374 : 0x11507ef451e509 : 2 : ittapi_config_apply_per_lib :  ITTAPI function instrumented: __itt_api_version
2067374 : 0x11507ef451ed9d : 2 : ittapi_config_apply_per_lib :  ITTAPI function not implemented: __itt_av_save
2067374 : 0x11507ef451f5a6 : 2 : ittapi_config_apply_per_lib :  ITTAPI function instrumented: __itt_module_load
2067374 : 0x11507ef451fdfc : 2 : ittapi_config_apply_per_lib :  ITTAPI function not implemented: __itt_module_unload