
2064451 : 0x114f6fc3ad3120 : 1 : spill_jit_data :  Jit agent is not initialized
2064451 : 0x114f6fc3ae5c7e : 2 : ittapi_config_mask_get :  --itt-config mask to be applied: 39
2064451 : 0x114f6fc3aeaaef : 2 : ittapi_config_apply_per_lib :  ITTAPI function instrumented: __itt_domain_create
2064451 : 0x114f6fc3aeb5f2 : 2 : ittapi_config_apply_per_lib :  ITTAPI function instrumented: __itt_module_load_with_sections
2064451 : 0x114f6fc3aec615 : 2 : ittapi_config_apply_per_lib :  ITTAPI function not implemented: __itt_module_unload_with_sections
2064451 : 0x114f6fc3aefd0b : 2 : ittapi_config_apply_per_lib :  ITTAPI function instrumented: __itt_string_handle_create
2064451 : 0x114f6fc3af04e2 : 2 : ittapi_config_apply_per_lib :  ITTAPI function instrumented: __itt_counter_create
2064451 : 0x114f6fc3af0c8b : 2 : ittapi_config_apply_per_lib :  ITTAPI function instrumented: __itt_counter_create_typed
2064451 : 0x114f6fc3af3fe9 : 2 : ittapi_config_apply_per_lib :  ITTAPI function instrumented: __itt_pause
2064451 : 0x114f6fc3af47ec : 2 : ittapi_config_apply_per_lib :  ITTAPI function instrumented: __itt_resume
2064451 : 0x114f6fc3afc700 : 2 : ittapi_config_apply_per_lib :  ITTAPI function instrumented: __itt_thread_set_name
2064451 : 0x114f6fc3affb16 : 2 : ittapi_config_apply_per_lib :  ITTAPI function instrumented: __itt_thread_ignore
2064451 : 0x114f6fc3b0030c : 2 : ittapi_config_apply_per_lib :  ITTAPI function instrumented: __itt_thr_name_set
2064451 : 0x114f6fc3b00b40 : 2 : ittapi_config_apply_per_lib :  ITTAPI function instrumented: __itt_thr_ignore
2064451 : 0x114f6fc3b015b7 : 2 : ittapi_config_apply_per_lib :  ITTAPI function not implemented: __itt_enable_attach
2064451 : 0x114f6fc3b01e7c : 2 : ittapi_config_apply_per_lib :  ITTAPI function instrumented: __itt_detach
2064451 : 0x114f6fc3b02540 : 2 : ittapi_config_apply_per_lib :  ITTAPI function NOT instrumented (not matched by --itt-config option): __itt_sync_create

2064451 : 0x114f6fc3b02d46 : 2 : ittapi_config_apply_per_lib :  ITTAPI function NOT instrumented (not matched by --itt-config option): __itt_sync_rename

2064451 : 0x114f6fc3b033ea : 2 : ittapi_config_apply_per_lib :  ITTAPI function NOT instrumented (not matched by --itt-config option): __itt_sync_destroy

2064451 : 0x114f6fc3b03af9 : 2 : ittapi_config_apply_per_lib :  ITTAPI function NOT instrumented (not matched by --itt-config option): __itt_sync_prepare

2064451 : 0x114f6fc3b05ce1 : 2 : ittapi_config_apply_per_lib :  ITTAPI function NOT instrumented (not matched by --itt-config option): __itt_sync_cancel

2064451 : 0x114f6fc3b063ad : 2 : ittapi_config_apply_per_lib :  ITTAPI function NOT instrumented (not matched by --itt-config option): __itt_sync_acquired

2064451 : 0x114f6fc3b069eb : 2 : ittapi_config_apply_per_lib :  ITTAPI function NOT instrumented (not matched by --itt-config option): __itt_sync_releasing

2064451 : 0x114f6fc3b072ae : 2 : ittapi_config_apply_per_lib :  ITTAPI function not implemented: __itt_suppress_push
2064451 : 0x114f6fc3b07dda : 2 : ittapi_config_apply_per_lib :  ITTAPI function not implemented: __itt_suppress_pop
2064451 : 0x114f6fc3b0870f : 2 : ittapi_config_apply_per_lib :  ITTAPI function not implemented: __itt_suppress_mark_range
2064451 : 0x114f6fc3b0907c : 2 : ittapi_config_apply_per_lib :  ITTAPI function not implemented: __itt_suppress_clear_range
2064451 : 0x114f6fc3b0972f : 2 : ittapi_config_apply_per_lib :  ITTAPI function NOT instrumented (not matched by --itt-config option): __itt_sync_prepare

2064451 : 0x114f6fc3b09dfa : 2 : ittapi_config_apply_per_lib :  ITTAPI function NOT instrumented (not matched by --itt-config option): __itt_sync_cancel

2064451 : 0x114f6fc3b0a407 : 2 : ittapi_config_apply_per_lib :  ITTAPI function NOT instrumented (not matched by --itt-config option): __itt_sync_acquired

2064451 : 0x114f6fc3b0bfc3 : 2 : ittapi_config_apply_per_lib :  ITTAPI function NOT instrumented (not matched by --itt-config option): __itt_sync_releasing

2064451 : 0x114f6fc3b0c6d9 : 2 : ittapi_config_apply_per_lib :  ITTAPI function NOT instrumented (not matched by --itt-config option): __itt_model_site_begin

2064451 : 0x114f6fc3b0cd84 : 2 : ittapi_config_apply_per_lib :  ITTAPI function NOT instrumented (not matched by --itt-config option): __itt_model_site_end

2064451 : 0x114f6fc3b0d448 : 2 : ittapi_config_apply_per_lib :  ITTAPI function NOT instrumented (not matched by --itt-config option): __itt_model_task_begin

2064451 : 0x114f6fc3b0daaf : 2 : ittapi_config_apply_per_lib :  ITTAPI function NOT instrumented (not matched by --itt-config option): __itt_model_task_end

2064451 : 0x114f6fc3b0e192 : 2 : ittapi_config_apply_per_lib :  ITTAPI function NOT instrumented (not matched by --itt-config option): __itt_model_lock_acquire

2064451 : 0x114f6fc3b0e7e9 : 2 : ittapi_config_apply_per_lib :  ITTAPI function NOT instrumented (not matched by --itt-config option): __itt_model_lock_release

2064451 : 0x114f6fc3b0ee45 : 2 : ittapi_config_apply_per_lib :  ITTAPI function NOT instrumented (not matched by --itt-config option): __itt_model_record_allocation

2064451 : 0x114f6fc3b0f46f : 2 : ittapi_config_apply_per_lib :  ITTAPI function NOT instrumented (not matched by --itt-config option): __itt_model_record_deallocation

2064451 : 0x114f6fc3b0fab2 : 2 : ittapi_config_apply_per_lib :  ITTAPI function NOT instrumented (not matched by --itt-config option): __itt_model_induction_uses

2064451 : 0x114f6fc3b1281c : 2 : ittapi_config_apply_per_lib :  ITTAPI function NOT instrumented (not matched by --itt-config option): __itt_model_reduction_uses

2064451 : 0x114f6fc3b12f64 : 2 : ittapi_config_apply_per_lib :  ITTAPI function NOT instrumented (not matched by --itt-config option): __itt_model_observe_uses

2064451 : 0x114f6fc3b135ef : 2 : ittapi_config_apply_per_lib :  ITTAPI function NOT instrumented (not matched by --itt-config option): __itt_model_clear_uses

2064451 : 0x114f6fc3b13c40 : 2 : ittapi_config_apply_per_lib :  ITTAPI function NOT instrumented (not matched by --itt-config option): __itt_model_site_beginA

2064451 : 0x114f6fc3b142b3 : 2 : ittapi_config_apply_per_lib :  ITTAPI function NOT instrumented (not matched by --itt-config option): __itt_model_site_beginAL

2064451 : 0x114f6fc3b14977 : 2 : ittapi_config_apply_per_lib :  ITTAPI function NOT instrumented (not matched by --itt-config option): __itt_model_task_beginA

2064451 : 0x114f6fc3b14fce : 2 : ittapi_config_apply_per_lib :  ITTAPI function NOT instrumented (not matched by --itt-config option): __itt_model_task_beginAL

2064451 : 0x114f6fc3b1563e : 2 : ittapi_config_apply_per_lib :  ITTAPI function NOT instrumented (not matched by --itt-config option): __itt_model_iteration_taskA

2064451 : 0x114f6fc3b15c77 : 2 : ittapi_config_apply_per_lib :  ITTAPI function NOT instrumented (not matched by --itt-config option): __itt_model_iteration_taskAL

2064451 : 0x114f6fc3b162ea : 2 : ittapi_config_apply_per_lib :  ITTAPI function NOT instrumented (not matched by --itt-config option): __itt_model_site_end_2

2064451 : 0x114f6fc3b1aaff : 2 : ittapi_config_apply_per_lib :  ITTAPI function NOT instrumented (not matched by --itt-config option): __itt_model_task_end_2

2064451 : 0x114f6fc3b1b23f : 2 : ittapi_config_apply_per_lib :  ITTAPI function NOT instrumented (not matched by --itt-config option): __itt_model_lock_acquire_2

2064451 : 0x114f6fc3b1b960 : 2 : ittapi_config_apply_per_lib :  ITTAPI function NOT instrumented (not matched by --itt-config option): __itt_model_lock_release_2

2064451 : 0x114f6fc3b1c01c : 2 : ittapi_config_apply_per_lib :  ITTAPI function NOT instrumented (not matched by --itt-config option): __itt_model_aggregate_task

2064451 : 0x114f6fc3b1c6aa : 2 : ittapi_config_apply_per_lib :  ITTAPI function NOT instrumented (not matched by --itt-config option): __itt_model_disable_push

2064451 : 0x114f6fc3b1cdc6 : 2 : ittapi_config_apply_per_lib :  ITTAPI function NOT instrumented (not matched by --itt-config option): __itt_model_disable_pop

2064451 : 0x114f6fc3b1d5bc : 2 : ittapi_config_apply_per_lib :  ITTAPI function instrumented: __itt_heap_function_create
2064451 : 0x114f6fc3b1de05 : 2 : ittapi_config_apply_per_lib :  ITTAPI function instrumented: __itt_heap_allocate_begin
2064451 : 0x114f6fc3b1e5e7 : 2 : ittapi_config_apply_per_lib :  ITTAPI function instrumented: __itt_heap_allocate_end
2064451 : 0x114f6fc3b1ed81 : 2 : ittapi_config_apply_per_lib :  ITTAPI function instrumented: __itt_heap_free_begin
2064451 : 0x114f6fc3b2567d : 2 : ittapi_config_apply_per_lib :  ITTAPI function instrumented: __itt_heap_free_end
2064451 : 0x114f6fc3b25eeb : 2 : ittapi_config_apply_per_lib :  ITTAPI function instrumented: __itt_heap_reallocate_begin
2064451 : 0x114f6fc3b265d3 : 2 : ittapi_config_apply_per_lib :  ITTAPI function instrumented: __itt_heap_reallocate_end
2064451 : 0x114f6fc3b26ef9 : 2 : ittapi_config_apply_per_lib :  ITTAPI function not implemented: __itt_heap_internal_access_begin
2064451 : 0x114f6fc3b27776 : 2 : ittapi_config_apply_per_lib :  ITTAPI function not implemented: __itt_heap_internal_access_end
2064451 : 0x114f6fc3b28099 : 2 : ittapi_config_apply_per_lib :  ITTAPI function not implemented: __itt_heap_record_memory_growth_begin
2064451 : 0x114f6fc3b288d2 : 2 : ittapi_config_apply_per_lib :  ITTAPI function not implemented: __itt_heap_record_memory_growth_end
2064451 : 0x114f6fc3b29174 : 2 : ittapi_config_apply_per_lib :  ITTAPI function not implemented: __itt_heap_reset_detection
2064451 : 0x114f6fc3b29a96 : 2 : ittapi_config_apply_per_lib :  ITTAPI function not implemented: __itt_heap_record
2064451 : 0x114f6fc3b2a37e : 2 : ittapi_config_apply_per_lib :  ITTAPI function not implemented: __itt_id_create
2064451 : 0x114f6fc3b2c3e1 : 2 : ittapi_config_apply_per_lib :  ITTAPI function not implemented: __itt_id_destroy
2064451 : 0x114f6fc3b2f854 : 2 : ittapi_config_apply_per_lib :  ITTAPI function instrumented: __itt_get_timestamp
2064451 : 0x114f6fc3b300f0 : 2 : ittapi_config_apply_per_lib :  ITTAPI function not implemented: __itt_region_begin
2064451 : 0x114f6fc3b309a4 : 2 : ittapi_config_apply_per_lib :  ITTAPI function not implemented: __itt_region_end
2064451 : 0x114f6fc3b31192 : 2 : ittapi_config_apply_per_lib :  ITTAPI function instrumented: __itt_frame_begin_v3
2064451 : 0x114f6fc3b3195e : 2 : ittapi_config_apply_per_lib :  ITTAPI function instrumented: __itt_frame_end_v3
2064451 : 0x114f6fc3b3210c : 2 : ittapi_config_apply_per_lib :  ITTAPI function instrumented: __itt_frame_submit_v3
2064451 : 0x114f6fc3b32a56 : 2 : ittapi_config_apply_per_lib :  ITTAPI function not implemented: __itt_task_group
2064451 : 0x114f6fc3b33225 : 2 : ittapi_config_apply_per_lib :  ITTAPI function instrumented: __itt_task_begin
2064451 : 0x114f6fc3b3398e : 2 : ittapi_config_apply_per_lib :  ITTAPI function instrumented: __itt_task_begin_fn
2064451 : 0x114f6fc3b391bb : 2 : ittapi_config_apply_per_lib :  ITTAPI function instrumented: __itt_task_end
2064451 : 0x114f6fc3b39ba9 : 2 : ittapi_config_apply_per_lib :  ITTAPI function not implemented: __itt_counter_inc_v3
2064451 : 0x114f6fc3b3a447 : 2 : ittapi_config_apply_per_lib :  ITTAPI function not implemented: __itt_counter_inc_delta_v3
2064451 : 0x114f6fc3b3ac6b : 2 : ittapi_config_apply_per_lib :  ITTAPI function not implemented: __itt_counter_dec_v3
2064451 : 0x114f6fc3b3b3f6 : 2 : ittapi_config_apply_per_lib :  ITTAPI function not implemented: __itt_counter_dec_delta_v3
2064451 : 0x114f6fc3b3bc38 : 2 : ittapi_config_apply_per_lib :  ITTAPI function not implemented: __itt_marker
2064451 : 0x114f6fc3b3c3d8 : 2 : ittapi_config_apply_per_lib :  ITTAPI function instrumented: __itt_metadata_add
2064451 : 0x114f6fc3b3cbcb : 2 : ittapi_config_apply_per_lib :  ITTAPI function not implemented: __itt_metadata_str_add
2064451 : 0x114f6fc3b3d3cd : 2 : ittapi_config_apply_per_lib :  ITTAPI function not implemented: __itt_relation_add_to_current
2064451 : 0x114f6fc3b3dc03 : 2 : ittapi_config_apply_per_lib :  ITTAPI function not implemented: __itt_relation_add
2064451 : 0x114f6fc3b3fb33 : 2 : ittapi_config_apply_per_lib :  ITTAPI function instrumented: __itt_event_create
2064451 : 0x114f6fc3b402fb : 2 : ittapi_config_apply_per_lib :  ITTAPI function instrumented: __itt_event_start
2064451 : 0x114f6fc3b40a65 : 2 : ittapi_config_apply_per_lib :  ITTAPI function instrumented: __itt_event_end
2064451 : 0x114f6fc3b410a0 : 2 : ittapi_config_apply_per_lib :  ITTAPI function NOT instrumented (not matched by --itt-config option): __itt_sync_set_name

2064451 : 0x114f6fc3b41719 : 2 : ittapi_config_apply_per_lib :  ITTAPI function NOT instrumented (not matched by --itt-config option): __itt_notify_sync_name

2064451 : 0x114f6fc3b41d81 : 2 : ittapi_config_apply_per_lib :  ITTAPI function NOT instrumented (not matched by --itt-config option): __itt_notify_sync_prepare

2064451 : 0x114f6fc3b423ab : 2 : ittapi_config_apply_per_lib :  ITTAPI function NOT instrumented (not matched by --itt-config option): __itt_notify_sync_cancel

2064451 : 0x114f6fc3b42a21 : 2 : ittapi_config_apply_per_lib :  ITTAPI function NOT instrumented (not matched by --itt-config option): __itt_notify_sync_acquired

2064451 : 0x114f6fc3b43086 : 2 : ittapi_config_apply_per_lib :  ITTAPI function NOT instrumented (not matched by --itt-config option): __itt_notify_sync_releasing

2064451 : 0x114f6fc3b438b1 : 2 : ittapi_config_apply_per_lib :  ITTAPI function not implemented: __itt_memory_read
2064451 : 0x114f6fc3b46397 : 2 : ittapi_config_apply_per_lib :  ITTAPI function not implemented: __itt_memory_write
2064451 : 0x114f6fc3b46cc3 : 2 : ittapi_config_apply_per_lib :  ITTAPI function not implemented: __itt_memory_update
2064451 : 0x114f6fc3b4751c : 2 : ittapi_config_apply_per_lib :  ITTAPI function not implemented: __itt_state_get
2064451 : 0x114f6fc3b47c93 : 2 : ittapi_config_apply_per_lib :  ITTAPI function not implemented: __itt_state_set
2064451 : 0x114f6fc3b484c2 : 2 : ittapi_config_apply_per_lib :  ITTAPI function not implemented: __itt_obj_mode_set
2064451 : 0x114f6fc3b48d30 : 2 : ittapi_config_apply_per_lib :  ITTAPI function not implemented: __itt_thr_mode_set
2064451 : 0x114f6fc3b494ef : 2 : ittapi_config_apply_per_lib :  ITTAPI function instrumented: __itt_frame_create
2064451 : 0x114f6fc3b49bdf : 2 : ittapi_config_apply_per_lib :  ITTAPI function instrumented: __itt_pt_region_create
2064451 : 0x114f6fc3b4a381 : 2 : ittapi_config_apply_per_lib :  ITTAPI function instrumented: __itt_frame_begin
2064451 : 0x114f6fc3b4ab77 : 2 : ittapi_config_apply_per_lib :  ITTAPI function instrumented: __itt_frame_end
2064451 : 0x114f6fc3b4c9c7 : 2 : ittapi_config_apply_per_lib :  ITTAPI function not implemented: __itt_counter_destroy
2064451 : 0x114f6fc3b4d1f6 : 2 : ittapi_config_apply_per_lib :  ITTAPI function instrumented: __itt_counter_inc
2064451 : 0x114f6fc3b4d93a : 2 : ittapi_config_apply_per_lib :  ITTAPI function instrumented: __itt_counter_inc_delta
2064451 : 0x114f6fc3b4e14e : 2 : ittapi_config_apply_per_lib :  ITTAPI function instrumented: __itt_counter_dec
2064451 : 0x114f6fc3b4e9a2 : 2 : ittapi_config_apply_per_lib :  ITTAPI function instrumented: __itt_counter_dec_delta
2064451 : 0x114f6fc3b4f105 : 2 : ittapi_config_apply_per_lib :  ITTAPI function instrumented: __itt_counter_set_value
2064451 : 0x114f6fc3b4f989 : 2 : ittapi_config_apply_per_lib :  ITTAPI function not implemented: __itt_counter_set_value_ex
2064451 : 0x114f6fc3b50273 : 2 : ittapi_config_apply_per_lib :  ITTAPI function not implemented: __itt_mark_create
2064451 : 0x114f6fc3b50b18 : 2 : ittapi_config_apply_per_lib :  ITTAPI function not implemented: __itt_mark
2064451 : 0x114f6fc3b51357 : 2 : ittapi_config_apply_per_lib :  ITTAPI function not implemented: __itt_mark_off
2064451 : 0x114f6fc3b53236 : 2 : ittapi_config_apply_per_lib :  ITTAPI function not implemented: __itt_mark_global
2064451 : 0x114f6fc3b53af3 : 2 : ittapi_config_apply_per_lib :  ITTAPI function not implemented: __itt_mark_global_off
2064451 : 0x114f6fc3b5424f : 2 : ittapi_config_apply_per_lib :  ITTAPI function NOT instrumented (not matched by --itt-config option): __itt_stack_caller_create

2064451 : 0x114f6fc3b548ee : 2 : ittapi_config_apply_per_lib :  ITTAPI function NOT instrumented (not matched by --itt-config option): __itt_stack_caller_destroy

2064451 : 0x114f6fc3b54f8a : 2 : ittapi_config_apply_per_lib :  ITTAPI function NOT instrumented (not matched by --itt-config option): __itt_stack_callee_enter

2064451 : 0x114f6fc3b555cd : 2 : ittapi_config_apply_per_lib :  ITTAPI function NOT instrumented (not matched by --itt-config option): __itt_stack_callee_leave

2064451 : 0x114f6fc3b59801 : 2 : ittapi_config_apply_per_lib :  ITTAPI function not implemented: __itt_clock_domain_create
2064451 : 0x114f6fc3b5a071 : 2 : ittapi_config_apply_per_lib :  ITTAPI function not implemented: __itt_clock_domain_reset
2064451 : 0x114f6fc3b5a88e : 2 : ittapi_config_apply_per_lib :  ITTAPI function not implemented: __itt_id_create_ex
2064451 : 0x114f6fc3b5b119 : 2 : ittapi_config_apply_per_lib :  ITTAPI function not implemented: __itt_id_destroy_ex
2064451 : 0x114f6fc3b5dacc : 2 : ittapi_config_apply_per_lib :  ITTAPI function not implemented: __itt_task_begin_ex
2064451 : 0x114f6fc3b5e366 : 2 : ittapi_config_apply_per_lib :  ITTAPI function not implemented: __itt_task_begin_fn_ex
2064451 : 0x114f6fc3b5ebd1 : 2 : ittapi_config_apply_per_lib :  ITTAPI function not implemented: __itt_task_end_ex
2064451 : 0x114f6fc3b5f3c3 : 2 : ittapi_config_apply_per_lib :  ITTAPI function instrumented: __itt_task_begin_overlapped
2064451 : 0x114f6fc3b5fbe4 : 2 : ittapi_config_apply_per_lib :  ITTAPI function not implemented: __itt_task_begin_overlapped_ex
2064451 : 0x114f6fc3b6040c : 2 : ittapi_config_apply_per_lib :  ITTAPI function instrumented: __itt_task_end_overlapped
2064451 : 0x114f6fc3b60cad : 2 : ittapi_config_apply_per_lib :  ITTAPI function not implemented: __itt_task_end_overlapped_ex
2064451 : 0x114f6fc3b61506 : 2 : ittapi_config_apply_per_lib :  ITTAPI function not implemented: __itt_marker_ex
2064451 : 0x114f6fc3b61e4a : 2 : ittapi_config_apply_per_lib :  ITTAPI function not implemented: __itt_metadata_add_with_scope
2064451 : 0x114f6fc3b6271e : 2 : ittapi_config_apply_per_lib :  ITTAPI function not implemented: __itt_metadata_str_add_with_scope
2064451 : 0x114f6fc3b64677 : 2 : ittapi_config_apply_per_lib :  ITTAPI function not implemented: __itt_relation_add_to_current_ex
2064451 : 0x114f6fc3b64f88 : 2 : ittapi_config_apply_per_lib :  ITTAPI function not implemented: __itt_relation_add_ex
2064451 : 0x114f6fc3b65761 : 2 : ittapi_config_apply_per_lib :  ITTAPI function not implemented: __itt_track_group_create
2064451 : 0x114f6fc3b65ef1 : 2 : ittapi_config_apply_per_lib :  ITTAPI function not implemented: __itt_track_create
2064451 : 0x114f6fc3b6a603 : 2 : ittapi_config_apply_per_lib :  ITTAPI function not implemented: __itt_set_track
2064451 : 0x114f6fc3b6ae13 : 2 : ittapi_config_apply_per_lib :  ITTAPI function instrumented: __itt_api_version
2064451 : 0x114f6fc3b6b6a7 : 2 : ittapi_config_apply_per_lib :  ITTAPI function not implemented: __itt_av_save
2064451 : 0x114f6fc3b6be9c : 2 : ittapi_config_apply_per_lib :  ITTAPI function instrumented: __itt_module_load
2064451 : 0x114f6fc3b6c748 : 2 : ittapi_config_apply_per_lib :  ITTAPI function not implemented: __itt_module_unload