
1874983 : 0x1011da7672e07f : 1 : spill_jit_data :  Jit agent is not initialized
1874983 : 0x1011da76737038 : 2 : ittapi_config_mask_get :  --itt-config mask to be applied: 39
1874983 : 0x1011da76737e09 : 2 : ittapi_config_apply_per_lib :  ITTAPI function instrumented: __itt_domain_create
1874983 : 0x1011da7673cbce : 2 : ittapi_config_apply_per_lib :  ITTAPI function instrumented: __itt_module_load_with_sections
1874983 : 0x1011da7673d7f7 : 2 : ittapi_config_apply_per_lib :  ITTAPI function not implemented: __itt_module_unload_with_sections
1874983 : 0x1011da7673e227 : 2 : ittapi_config_apply_per_lib :  ITTAPI function instrumented: __itt_string_handle_create
1874983 : 0x1011da7673e90b : 2 : ittapi_config_apply_per_lib :  ITTAPI function instrumented: __itt_counter_create
1874983 : 0x1011da7673efa5 : 2 : ittapi_config_apply_per_lib :  ITTAPI function instrumented: __itt_counter_create_typed
1874983 : 0x1011da7673f6e2 : 2 : ittapi_config_apply_per_lib :  ITTAPI function instrumented: __itt_pause
1874983 : 0x1011da7673fdd1 : 2 : ittapi_config_apply_per_lib :  ITTAPI function instrumented: __itt_resume
1874983 : 0x1011da76747b8d : 2 : ittapi_config_apply_per_lib :  ITTAPI function instrumented: __itt_thread_set_name
1874983 : 0x1011da7674852b : 2 : ittapi_config_apply_per_lib :  ITTAPI function instrumented: __itt_thread_ignore
1874983 : 0x1011da76748c62 : 2 : ittapi_config_apply_per_lib :  ITTAPI function instrumented: __itt_thr_name_set
1874983 : 0x1011da767493cf : 2 : ittapi_config_apply_per_lib :  ITTAPI function instrumented: __itt_thr_ignore
1874983 : 0x1011da76749def : 2 : ittapi_config_apply_per_lib :  ITTAPI function not implemented: __itt_enable_attach
1874983 : 0x1011da7674a531 : 2 : ittapi_config_apply_per_lib :  ITTAPI function instrumented: __itt_detach
1874983 : 0x1011da7674ab8c : 2 : ittapi_config_apply_per_lib :  ITTAPI function NOT instrumented (not matched by --itt-config option): __itt_sync_create

1874983 : 0x1011da7674b2bd : 2 : ittapi_config_apply_per_lib :  ITTAPI function NOT instrumented (not matched by --itt-config option): __itt_sync_rename

1874983 : 0x1011da7674b87d : 2 : ittapi_config_apply_per_lib :  ITTAPI function NOT instrumented (not matched by --itt-config option): __itt_sync_destroy

1874983 : 0x1011da7674bece : 2 : ittapi_config_apply_per_lib :  ITTAPI function NOT instrumented (not matched by --itt-config option): __itt_sync_prepare

1874983 : 0x1011da7674df1d : 2 : ittapi_config_apply_per_lib :  ITTAPI function NOT instrumented (not matched by --itt-config option): __itt_sync_cancel

1874983 : 0x1011da7674e63c : 2 : ittapi_config_apply_per_lib :  ITTAPI function NOT instrumented (not matched by --itt-config option): __itt_sync_acquired

1874983 : 0x1011da7674ec64 : 2 : ittapi_config_apply_per_lib :  ITTAPI function NOT instrumented (not matched by --itt-config option): __itt_sync_releasing

1874983 : 0x1011da7674f4ee : 2 : ittapi_config_apply_per_lib :  ITTAPI function not implemented: __itt_suppress_push
1874983 : 0x1011da7674fee7 : 2 : ittapi_config_apply_per_lib :  ITTAPI function not implemented: __itt_suppress_pop
1874983 : 0x1011da767506d0 : 2 : ittapi_config_apply_per_lib :  ITTAPI function not implemented: __itt_suppress_mark_range
1874983 : 0x1011da76750ed6 : 2 : ittapi_config_apply_per_lib :  ITTAPI function not implemented: __itt_suppress_clear_range
1874983 : 0x1011da7675150a : 2 : ittapi_config_apply_per_lib :  ITTAPI function NOT instrumented (not matched by --itt-config option): __itt_sync_prepare

1874983 : 0x1011da76751b0f : 2 : ittapi_config_apply_per_lib :  ITTAPI function NOT instrumented (not matched by --itt-config option): __itt_sync_cancel

1874983 : 0x1011da767520fa : 2 : ittapi_config_apply_per_lib :  ITTAPI function NOT instrumented (not matched by --itt-config option): __itt_sync_acquired

1874983 : 0x1011da76753c3b : 2 : ittapi_config_apply_per_lib :  ITTAPI function NOT instrumented (not matched by --itt-config option): __itt_sync_releasing

1874983 : 0x1011da76754341 : 2 : ittapi_config_apply_per_lib :  ITTAPI function NOT instrumented (not matched by --itt-config option): __itt_model_site_begin

1874983 : 0x1011da76754990 : 2 : ittapi_config_apply_per_lib :  ITTAPI function NOT instrumented (not matched by --itt-config option): __itt_model_site_end

1874983 : 0x1011da76754fc6 : 2 : ittapi_config_apply_per_lib :  ITTAPI function NOT instrumented (not matched by --itt-config option): __itt_model_task_begin

1874983 : 0x1011da767555bf : 2 : ittapi_config_apply_per_lib :  ITTAPI function NOT instrumented (not matched by --itt-config option): __itt_model_task_end

1874983 : 0x1011da76755c32 : 2 : ittapi_config_apply_per_lib :  ITTAPI function NOT instrumented (not matched by --itt-config option): __itt_model_lock_acquire

1874983 : 0x1011da767562c8 : 2 : ittapi_config_apply_per_lib :  ITTAPI function NOT instrumented (not matched by --itt-config option): __itt_model_lock_release

1874983 : 0x1011da767568ee : 2 : ittapi_config_apply_per_lib :  ITTAPI function NOT instrumented (not matched by --itt-config option): __itt_model_record_allocation

1874983 : 0x1011da76756f0c : 2 : ittapi_config_apply_per_lib :  ITTAPI function NOT instrumented (not matched by --itt-config option): __itt_model_record_deallocation

1874983 : 0x1011da76757526 : 2 : ittapi_config_apply_per_lib :  ITTAPI function NOT instrumented (not matched by --itt-config option): __itt_model_induction_uses

1874983 : 0x1011da7675d220 : 2 : ittapi_config_apply_per_lib :  ITTAPI function NOT instrumented (not matched by --itt-config option): __itt_model_reduction_uses

1874983 : 0x1011da7675d913 : 2 : ittapi_config_apply_per_lib :  ITTAPI function NOT instrumented (not matched by --itt-config option): __itt_model_observe_uses

1874983 : 0x1011da7675defc : 2 : ittapi_config_apply_per_lib :  ITTAPI function NOT instrumented (not matched by --itt-config option): __itt_model_clear_uses

1874983 : 0x1011da7675e561 : 2 : ittapi_config_apply_per_lib :  ITTAPI function NOT instrumented (not matched by --itt-config option): __itt_model_site_beginA

1874983 : 0x1011da7675eb53 : 2 : ittapi_config_apply_per_lib :  ITTAPI function NOT instrumented (not matched by --itt-config option): __itt_model_site_beginAL

1874983 : 0x1011da7675f13f : 2 : ittapi_config_apply_per_lib :  ITTAPI function NOT instrumented (not matched by --itt-config option): __itt_model_task_beginA

1874983 : 0x1011da7675f6e6 : 2 : ittapi_config_apply_per_lib :  ITTAPI function NOT instrumented (not matched by --itt-config option): __itt_model_task_beginAL

1874983 : 0x1011da7675fc98 : 2 : ittapi_config_apply_per_lib :  ITTAPI function NOT instrumented (not matched by --itt-config option): __itt_model_iteration_taskA

1874983 : 0x1011da76760235 : 2 : ittapi_config_apply_per_lib :  ITTAPI function NOT instrumented (not matched by --itt-config option): __itt_model_iteration_taskAL

1874983 : 0x1011da76760829 : 2 : ittapi_config_apply_per_lib :  ITTAPI function NOT instrumented (not matched by --itt-config option): __itt_model_site_end_2

1874983 : 0x1011da7676221f : 2 : ittapi_config_apply_per_lib :  ITTAPI function NOT instrumented (not matched by --itt-config option): __itt_model_task_end_2

1874983 : 0x1011da76762823 : 2 : ittapi_config_apply_per_lib :  ITTAPI function NOT instrumented (not matched by --itt-config option): __itt_model_lock_acquire_2

1874983 : 0x1011da76762dc6 : 2 : ittapi_config_apply_per_lib :  ITTAPI function NOT instrumented (not matched by --itt-config option): __itt_model_lock_release_2

1874983 : 0x1011da7676339c : 2 : ittapi_config_apply_per_lib :  ITTAPI function NOT instrumented (not matched by --itt-config option): __itt_model_aggregate_task

1874983 : 0x1011da76763946 : 2 : ittapi_config_apply_per_lib :  ITTAPI function NOT instrumented (not matched by --itt-config option): __itt_model_disable_push

1874983 : 0x1011da76763f01 : 2 : ittapi_config_apply_per_lib :  ITTAPI function NOT instrumented (not matched by --itt-config option): __itt_model_disable_pop

1874983 : 0x1011da767645ba : 2 : ittapi_config_apply_per_lib :  ITTAPI function instrumented: __itt_heap_function_create
1874983 : 0x1011da76764c4c : 2 : ittapi_config_apply_per_lib :  ITTAPI function instrumented: __itt_heap_allocate_begin
1874983 : 0x1011da76765307 : 2 : ittapi_config_apply_per_lib :  ITTAPI function instrumented: __itt_heap_allocate_end
1874983 : 0x1011da767659e8 : 2 : ittapi_config_apply_per_lib :  ITTAPI function instrumented: __itt_heap_free_begin
1874983 : 0x1011da76767ed8 : 2 : ittapi_config_apply_per_lib :  ITTAPI function instrumented: __itt_heap_free_end
1874983 : 0x1011da76768612 : 2 : ittapi_config_apply_per_lib :  ITTAPI function instrumented: __itt_heap_reallocate_begin
1874983 : 0x1011da76768c5a : 2 : ittapi_config_apply_per_lib :  ITTAPI function instrumented: __itt_heap_reallocate_end
1874983 : 0x1011da767693ff : 2 : ittapi_config_apply_per_lib :  ITTAPI function not implemented: __itt_heap_internal_access_begin
1874983 : 0x1011da76769b48 : 2 : ittapi_config_apply_per_lib :  ITTAPI function not implemented: __itt_heap_internal_access_end
1874983 : 0x1011da7676a31b : 2 : ittapi_config_apply_per_lib :  ITTAPI function not implemented: __itt_heap_record_memory_growth_begin
1874983 : 0x1011da7676aa7a : 2 : ittapi_config_apply_per_lib :  ITTAPI function not implemented: __itt_heap_record_memory_growth_end
1874983 : 0x1011da7676b1e5 : 2 : ittapi_config_apply_per_lib :  ITTAPI function not implemented: __itt_heap_reset_detection
1874983 : 0x1011da7676bb13 : 2 : ittapi_config_apply_per_lib :  ITTAPI function not implemented: __itt_heap_record
1874983 : 0x1011da7676c225 : 2 : ittapi_config_apply_per_lib :  ITTAPI function not implemented: __itt_id_create
1874983 : 0x1011da7676deca : 2 : ittapi_config_apply_per_lib :  ITTAPI function not implemented: __itt_id_destroy
1874983 : 0x1011da7676e61a : 2 : ittapi_config_apply_per_lib :  ITTAPI function instrumented: __itt_get_timestamp
1874983 : 0x1011da7676ed43 : 2 : ittapi_config_apply_per_lib :  ITTAPI function not implemented: __itt_region_begin
1874983 : 0x1011da7676f45c : 2 : ittapi_config_apply_per_lib :  ITTAPI function not implemented: __itt_region_end
1874983 : 0x1011da7676fb15 : 2 : ittapi_config_apply_per_lib :  ITTAPI function instrumented: __itt_frame_begin_v3
1874983 : 0x1011da767701d7 : 2 : ittapi_config_apply_per_lib :  ITTAPI function instrumented: __itt_frame_end_v3
1874983 : 0x1011da76770834 : 2 : ittapi_config_apply_per_lib :  ITTAPI function instrumented: __itt_frame_submit_v3
1874983 : 0x1011da76770fb3 : 2 : ittapi_config_apply_per_lib :  ITTAPI function not implemented: __itt_task_group
1874983 : 0x1011da76771669 : 2 : ittapi_config_apply_per_lib :  ITTAPI function instrumented: __itt_task_begin
1874983 : 0x1011da76771ce1 : 2 : ittapi_config_apply_per_lib :  ITTAPI function instrumented: __itt_task_begin_fn
1874983 : 0x1011da76773894 : 2 : ittapi_config_apply_per_lib :  ITTAPI function instrumented: __itt_task_end
1874983 : 0x1011da76774083 : 2 : ittapi_config_apply_per_lib :  ITTAPI function not implemented: __itt_counter_inc_v3
1874983 : 0x1011da767747f9 : 2 : ittapi_config_apply_per_lib :  ITTAPI function not implemented: __itt_counter_inc_delta_v3
1874983 : 0x1011da76774f0e : 2 : ittapi_config_apply_per_lib :  ITTAPI function not implemented: __itt_counter_dec_v3
1874983 : 0x1011da767755c7 : 2 : ittapi_config_apply_per_lib :  ITTAPI function not implemented: __itt_counter_dec_delta_v3
1874983 : 0x1011da76775ccd : 2 : ittapi_config_apply_per_lib :  ITTAPI function not implemented: __itt_marker
1874983 : 0x1011da7677636b : 2 : ittapi_config_apply_per_lib :  ITTAPI function instrumented: __itt_metadata_add
1874983 : 0x1011da76776ac4 : 2 : ittapi_config_apply_per_lib :  ITTAPI function not implemented: __itt_metadata_str_add
1874983 : 0x1011da767771d2 : 2 : ittapi_config_apply_per_lib :  ITTAPI function not implemented: __itt_relation_add_to_current
1874983 : 0x1011da767778d0 : 2 : ittapi_config_apply_per_lib :  ITTAPI function not implemented: __itt_relation_add
1874983 : 0x1011da767794ab : 2 : ittapi_config_apply_per_lib :  ITTAPI function instrumented: __itt_event_create
1874983 : 0x1011da76779bbb : 2 : ittapi_config_apply_per_lib :  ITTAPI function instrumented: __itt_event_start
1874983 : 0x1011da7677a203 : 2 : ittapi_config_apply_per_lib :  ITTAPI function instrumented: __itt_event_end
1874983 : 0x1011da7677a7b7 : 2 : ittapi_config_apply_per_lib :  ITTAPI function NOT instrumented (not matched by --itt-config option): __itt_sync_set_name

1874983 : 0x1011da7677ad68 : 2 : ittapi_config_apply_per_lib :  ITTAPI function NOT instrumented (not matched by --itt-config option): __itt_notify_sync_name

1874983 : 0x1011da7677b331 : 2 : ittapi_config_apply_per_lib :  ITTAPI function NOT instrumented (not matched by --itt-config option): __itt_notify_sync_prepare

1874983 : 0x1011da7677b8f4 : 2 : ittapi_config_apply_per_lib :  ITTAPI function NOT instrumented (not matched by --itt-config option): __itt_notify_sync_cancel

1874983 : 0x1011da7677becb : 2 : ittapi_config_apply_per_lib :  ITTAPI function NOT instrumented (not matched by --itt-config option): __itt_notify_sync_acquired

1874983 : 0x1011da7677c45c : 2 : ittapi_config_apply_per_lib :  ITTAPI function NOT instrumented (not matched by --itt-config option): __itt_notify_sync_releasing

1874983 : 0x1011da7677cb25 : 2 : ittapi_config_apply_per_lib :  ITTAPI function not implemented: __itt_memory_read
1874983 : 0x1011da7677efbb : 2 : ittapi_config_apply_per_lib :  ITTAPI function not implemented: __itt_memory_write
1874983 : 0x1011da7677f7b3 : 2 : ittapi_config_apply_per_lib :  ITTAPI function not implemented: __itt_memory_update
1874983 : 0x1011da7677fee9 : 2 : ittapi_config_apply_per_lib :  ITTAPI function not implemented: __itt_state_get
1874983 : 0x1011da767805f2 : 2 : ittapi_config_apply_per_lib :  ITTAPI function not implemented: __itt_state_set
1874983 : 0x1011da76780cd0 : 2 : ittapi_config_apply_per_lib :  ITTAPI function not implemented: __itt_obj_mode_set
1874983 : 0x1011da76781409 : 2 : ittapi_config_apply_per_lib :  ITTAPI function not implemented: __itt_thr_mode_set
1874983 : 0x1011da76781a6d : 2 : ittapi_config_apply_per_lib :  ITTAPI function instrumented: __itt_frame_create
1874983 : 0x1011da767820a6 : 2 : ittapi_config_apply_per_lib :  ITTAPI function instrumented: __itt_pt_region_create
1874983 : 0x1011da767827eb : 2 : ittapi_config_apply_per_lib :  ITTAPI function instrumented: __itt_frame_begin
1874983 : 0x1011da76782e79 : 2 : ittapi_config_apply_per_lib :  ITTAPI function instrumented: __itt_frame_end
1874983 : 0x1011da767849a7 : 2 : ittapi_config_apply_per_lib :  ITTAPI function not implemented: __itt_counter_destroy
1874983 : 0x1011da767850bd : 2 : ittapi_config_apply_per_lib :  ITTAPI function instrumented: __itt_counter_inc
1874983 : 0x1011da76785747 : 2 : ittapi_config_apply_per_lib :  ITTAPI function instrumented: __itt_counter_inc_delta
1874983 : 0x1011da76785dcc : 2 : ittapi_config_apply_per_lib :  ITTAPI function instrumented: __itt_counter_dec
1874983 : 0x1011da7678649e : 2 : ittapi_config_apply_per_lib :  ITTAPI function instrumented: __itt_counter_dec_delta
1874983 : 0x1011da76786b33 : 2 : ittapi_config_apply_per_lib :  ITTAPI function instrumented: __itt_counter_set_value
1874983 : 0x1011da7678720e : 2 : ittapi_config_apply_per_lib :  ITTAPI function not implemented: __itt_counter_set_value_ex
1874983 : 0x1011da767878cc : 2 : ittapi_config_apply_per_lib :  ITTAPI function not implemented: __itt_mark_create
1874983 : 0x1011da76788026 : 2 : ittapi_config_apply_per_lib :  ITTAPI function not implemented: __itt_mark
1874983 : 0x1011da767887cf : 2 : ittapi_config_apply_per_lib :  ITTAPI function not implemented: __itt_mark_off
1874983 : 0x1011da7678a2de : 2 : ittapi_config_apply_per_lib :  ITTAPI function not implemented: __itt_mark_global
1874983 : 0x1011da7678aaf1 : 2 : ittapi_config_apply_per_lib :  ITTAPI function not implemented: __itt_mark_global_off
1874983 : 0x1011da7678b133 : 2 : ittapi_config_apply_per_lib :  ITTAPI function NOT instrumented (not matched by --itt-config option): __itt_stack_caller_create

1874983 : 0x1011da7678b710 : 2 : ittapi_config_apply_per_lib :  ITTAPI function NOT instrumented (not matched by --itt-config option): __itt_stack_caller_destroy

1874983 : 0x1011da7678bcf1 : 2 : ittapi_config_apply_per_lib :  ITTAPI function NOT instrumented (not matched by --itt-config option): __itt_stack_callee_enter

1874983 : 0x1011da7678c2d9 : 2 : ittapi_config_apply_per_lib :  ITTAPI function NOT instrumented (not matched by --itt-config option): __itt_stack_callee_leave

1874983 : 0x1011da7678c9fd : 2 : ittapi_config_apply_per_lib :  ITTAPI function not implemented: __itt_clock_domain_create
1874983 : 0x1011da7678d17f : 2 : ittapi_config_apply_per_lib :  ITTAPI function not implemented: __itt_clock_domain_reset
1874983 : 0x1011da7678d873 : 2 : ittapi_config_apply_per_lib :  ITTAPI function not implemented: __itt_id_create_ex
1874983 : 0x1011da7678df5f : 2 : ittapi_config_apply_per_lib :  ITTAPI function not implemented: __itt_id_destroy_ex
1874983 : 0x1011da7679049b : 2 : ittapi_config_apply_per_lib :  ITTAPI function not implemented: __itt_task_begin_ex
1874983 : 0x1011da76790c65 : 2 : ittapi_config_apply_per_lib :  ITTAPI function not implemented: __itt_task_begin_fn_ex
1874983 : 0x1011da7679137a : 2 : ittapi_config_apply_per_lib :  ITTAPI function not implemented: __itt_task_end_ex
1874983 : 0x1011da767954ee : 2 : ittapi_config_apply_per_lib :  ITTAPI function instrumented: __itt_task_begin_overlapped
1874983 : 0x1011da76795c85 : 2 : ittapi_config_apply_per_lib :  ITTAPI function not implemented: __itt_task_begin_overlapped_ex
1874983 : 0x1011da76796416 : 2 : ittapi_config_apply_per_lib :  ITTAPI function instrumented: __itt_task_end_overlapped
1874983 : 0x1011da76796baf : 2 : ittapi_config_apply_per_lib :  ITTAPI function not implemented: __itt_task_end_overlapped_ex
1874983 : 0x1011da76797317 : 2 : ittapi_config_apply_per_lib :  ITTAPI function not implemented: __itt_marker_ex
1874983 : 0x1011da76797b8c : 2 : ittapi_config_apply_per_lib :  ITTAPI function not implemented: __itt_metadata_add_with_scope
1874983 : 0x1011da76798388 : 2 : ittapi_config_apply_per_lib :  ITTAPI function not implemented: __itt_metadata_str_add_with_scope
1874983 : 0x1011da7679a197 : 2 : ittapi_config_apply_per_lib :  ITTAPI function not implemented: __itt_relation_add_to_current_ex
1874983 : 0x1011da7679a983 : 2 : ittapi_config_apply_per_lib :  ITTAPI function not implemented: __itt_relation_add_ex
1874983 : 0x1011da7679b10b : 2 : ittapi_config_apply_per_lib :  ITTAPI function not implemented: __itt_track_group_create
1874983 : 0x1011da7679b7ee : 2 : ittapi_config_apply_per_lib :  ITTAPI function not implemented: __itt_track_create
1874983 : 0x1011da7679bf6c : 2 : ittapi_config_apply_per_lib :  ITTAPI function not implemented: __itt_set_track
1874983 : 0x1011da7679c6da : 2 : ittapi_config_apply_per_lib :  ITTAPI function instrumented: __itt_api_version
1874983 : 0x1011da7679ce22 : 2 : ittapi_config_apply_per_lib :  ITTAPI function not implemented: __itt_av_save
1874983 : 0x1011da7679d56a : 2 : ittapi_config_apply_per_lib :  ITTAPI function instrumented: __itt_module_load
1874983 : 0x1011da7679dcca : 2 : ittapi_config_apply_per_lib :  ITTAPI function not implemented: __itt_module_unload