
2067627 : 0x1150881e2791f6 : 1 : spill_jit_data :  Jit agent is not initialized
2067627 : 0x1150881e369e78 : 2 : ittapi_config_mask_get :  --itt-config mask to be applied: 39
2067627 : 0x1150881e36b95f : 2 : ittapi_config_apply_per_lib :  ITTAPI function instrumented: __itt_domain_create
2067627 : 0x1150881e36c512 : 2 : ittapi_config_apply_per_lib :  ITTAPI function instrumented: __itt_module_load_with_sections
2067627 : 0x1150881e36d742 : 2 : ittapi_config_apply_per_lib :  ITTAPI function not implemented: __itt_module_unload_with_sections
2067627 : 0x1150881e36e43c : 2 : ittapi_config_apply_per_lib :  ITTAPI function instrumented: __itt_string_handle_create
2067627 : 0x1150881e36ecf7 : 2 : ittapi_config_apply_per_lib :  ITTAPI function instrumented: __itt_counter_create
2067627 : 0x1150881e36f532 : 2 : ittapi_config_apply_per_lib :  ITTAPI function instrumented: __itt_counter_create_typed
2067627 : 0x1150881e36fedf : 2 : ittapi_config_apply_per_lib :  ITTAPI function instrumented: __itt_pause
2067627 : 0x1150881e370836 : 2 : ittapi_config_apply_per_lib :  ITTAPI function instrumented: __itt_resume
2067627 : 0x1150881e37a7fe : 2 : ittapi_config_apply_per_lib :  ITTAPI function instrumented: __itt_thread_set_name
2067627 : 0x1150881e37b401 : 2 : ittapi_config_apply_per_lib :  ITTAPI function instrumented: __itt_thread_ignore
2067627 : 0x1150881e37bd01 : 2 : ittapi_config_apply_per_lib :  ITTAPI function instrumented: __itt_thr_name_set
2067627 : 0x1150881e37c676 : 2 : ittapi_config_apply_per_lib :  ITTAPI function instrumented: __itt_thr_ignore
2067627 : 0x1150881e37d2f4 : 2 : ittapi_config_apply_per_lib :  ITTAPI function not implemented: __itt_enable_attach
2067627 : 0x1150881e37dbac : 2 : ittapi_config_apply_per_lib :  ITTAPI function instrumented: __itt_detach
2067627 : 0x1150881e37e36c : 2 : ittapi_config_apply_per_lib :  ITTAPI function NOT instrumented (not matched by --itt-config option): __itt_sync_create

2067627 : 0x1150881e37ec43 : 2 : ittapi_config_apply_per_lib :  ITTAPI function NOT instrumented (not matched by --itt-config option): __itt_sync_rename

2067627 : 0x1150881e37f355 : 2 : ittapi_config_apply_per_lib :  ITTAPI function NOT instrumented (not matched by --itt-config option): __itt_sync_destroy

2067627 : 0x1150881e37facc : 2 : ittapi_config_apply_per_lib :  ITTAPI function NOT instrumented (not matched by --itt-config option): __itt_sync_prepare

2067627 : 0x1150881e382050 : 2 : ittapi_config_apply_per_lib :  ITTAPI function NOT instrumented (not matched by --itt-config option): __itt_sync_cancel

2067627 : 0x1150881e38284b : 2 : ittapi_config_apply_per_lib :  ITTAPI function NOT instrumented (not matched by --itt-config option): __itt_sync_acquired

2067627 : 0x1150881e382f7d : 2 : ittapi_config_apply_per_lib :  ITTAPI function NOT instrumented (not matched by --itt-config option): __itt_sync_releasing

2067627 : 0x1150881e383aa7 : 2 : ittapi_config_apply_per_lib :  ITTAPI function not implemented: __itt_suppress_push
2067627 : 0x1150881e38461c : 2 : ittapi_config_apply_per_lib :  ITTAPI function not implemented: __itt_suppress_pop
2067627 : 0x1150881e385083 : 2 : ittapi_config_apply_per_lib :  ITTAPI function not implemented: __itt_suppress_mark_range
2067627 : 0x1150881e385ae6 : 2 : ittapi_config_apply_per_lib :  ITTAPI function not implemented: __itt_suppress_clear_range
2067627 : 0x1150881e38622f : 2 : ittapi_config_apply_per_lib :  ITTAPI function NOT instrumented (not matched by --itt-config option): __itt_sync_prepare

2067627 : 0x1150881e38699d : 2 : ittapi_config_apply_per_lib :  ITTAPI function NOT instrumented (not matched by --itt-config option): __itt_sync_cancel

2067627 : 0x1150881e3870b7 : 2 : ittapi_config_apply_per_lib :  ITTAPI function NOT instrumented (not matched by --itt-config option): __itt_sync_acquired

2067627 : 0x1150881e388ffc : 2 : ittapi_config_apply_per_lib :  ITTAPI function NOT instrumented (not matched by --itt-config option): __itt_sync_releasing

2067627 : 0x1150881e3897e6 : 2 : ittapi_config_apply_per_lib :  ITTAPI function NOT instrumented (not matched by --itt-config option): __itt_model_site_begin

2067627 : 0x1150881e389f8b : 2 : ittapi_config_apply_per_lib :  ITTAPI function NOT instrumented (not matched by --itt-config option): __itt_model_site_end

2067627 : 0x1150881e38a74f : 2 : ittapi_config_apply_per_lib :  ITTAPI function NOT instrumented (not matched by --itt-config option): __itt_model_task_begin

2067627 : 0x1150881e38ae88 : 2 : ittapi_config_apply_per_lib :  ITTAPI function NOT instrumented (not matched by --itt-config option): __itt_model_task_end

2067627 : 0x1150881e38b647 : 2 : ittapi_config_apply_per_lib :  ITTAPI function NOT instrumented (not matched by --itt-config option): __itt_model_lock_acquire

2067627 : 0x1150881e38bdbf : 2 : ittapi_config_apply_per_lib :  ITTAPI function NOT instrumented (not matched by --itt-config option): __itt_model_lock_release

2067627 : 0x1150881e38c545 : 2 : ittapi_config_apply_per_lib :  ITTAPI function NOT instrumented (not matched by --itt-config option): __itt_model_record_allocation

2067627 : 0x1150881e38cc86 : 2 : ittapi_config_apply_per_lib :  ITTAPI function NOT instrumented (not matched by --itt-config option): __itt_model_record_deallocation

2067627 : 0x1150881e38d3d5 : 2 : ittapi_config_apply_per_lib :  ITTAPI function NOT instrumented (not matched by --itt-config option): __itt_model_induction_uses

2067627 : 0x1150881e391047 : 2 : ittapi_config_apply_per_lib :  ITTAPI function NOT instrumented (not matched by --itt-config option): __itt_model_reduction_uses

2067627 : 0x1150881e3918bf : 2 : ittapi_config_apply_per_lib :  ITTAPI function NOT instrumented (not matched by --itt-config option): __itt_model_observe_uses

2067627 : 0x1150881e3920ae : 2 : ittapi_config_apply_per_lib :  ITTAPI function NOT instrumented (not matched by --itt-config option): __itt_model_clear_uses

2067627 : 0x1150881e39282b : 2 : ittapi_config_apply_per_lib :  ITTAPI function NOT instrumented (not matched by --itt-config option): __itt_model_site_beginA

2067627 : 0x1150881e392fc7 : 2 : ittapi_config_apply_per_lib :  ITTAPI function NOT instrumented (not matched by --itt-config option): __itt_model_site_beginAL

2067627 : 0x1150881e393754 : 2 : ittapi_config_apply_per_lib :  ITTAPI function NOT instrumented (not matched by --itt-config option): __itt_model_task_beginA

2067627 : 0x1150881e393e94 : 2 : ittapi_config_apply_per_lib :  ITTAPI function NOT instrumented (not matched by --itt-config option): __itt_model_task_beginAL

2067627 : 0x1150881e3945df : 2 : ittapi_config_apply_per_lib :  ITTAPI function NOT instrumented (not matched by --itt-config option): __itt_model_iteration_taskA

2067627 : 0x1150881e394d5e : 2 : ittapi_config_apply_per_lib :  ITTAPI function NOT instrumented (not matched by --itt-config option): __itt_model_iteration_taskAL

2067627 : 0x1150881e3954f1 : 2 : ittapi_config_apply_per_lib :  ITTAPI function NOT instrumented (not matched by --itt-config option): __itt_model_site_end_2

2067627 : 0x1150881e3974f5 : 2 : ittapi_config_apply_per_lib :  ITTAPI function NOT instrumented (not matched by --itt-config option): __itt_model_task_end_2

2067627 : 0x1150881e397c7c : 2 : ittapi_config_apply_per_lib :  ITTAPI function NOT instrumented (not matched by --itt-config option): __itt_model_lock_acquire_2

2067627 : 0x1150881e3983f3 : 2 : ittapi_config_apply_per_lib :  ITTAPI function NOT instrumented (not matched by --itt-config option): __itt_model_lock_release_2

2067627 : 0x1150881e398b8b : 2 : ittapi_config_apply_per_lib :  ITTAPI function NOT instrumented (not matched by --itt-config option): __itt_model_aggregate_task

2067627 : 0x1150881e3992ec : 2 : ittapi_config_apply_per_lib :  ITTAPI function NOT instrumented (not matched by --itt-config option): __itt_model_disable_push

2067627 : 0x1150881e399a3e : 2 : ittapi_config_apply_per_lib :  ITTAPI function NOT instrumented (not matched by --itt-config option): __itt_model_disable_pop

2067627 : 0x1150881e39a2e4 : 2 : ittapi_config_apply_per_lib :  ITTAPI function instrumented: __itt_heap_function_create
2067627 : 0x1150881e39ac14 : 2 : ittapi_config_apply_per_lib :  ITTAPI function instrumented: __itt_heap_allocate_begin
2067627 : 0x1150881e39b4b0 : 2 : ittapi_config_apply_per_lib :  ITTAPI function instrumented: __itt_heap_allocate_end
2067627 : 0x1150881e39bd73 : 2 : ittapi_config_apply_per_lib :  ITTAPI function instrumented: __itt_heap_free_begin
2067627 : 0x1150881e39ec43 : 2 : ittapi_config_apply_per_lib :  ITTAPI function instrumented: __itt_heap_free_end
2067627 : 0x1150881e39f513 : 2 : ittapi_config_apply_per_lib :  ITTAPI function instrumented: __itt_heap_reallocate_begin
2067627 : 0x1150881e39fd2b : 2 : ittapi_config_apply_per_lib :  ITTAPI function instrumented: __itt_heap_reallocate_end
2067627 : 0x1150881e3a075a : 2 : ittapi_config_apply_per_lib :  ITTAPI function not implemented: __itt_heap_internal_access_begin
2067627 : 0x1150881e3a1132 : 2 : ittapi_config_apply_per_lib :  ITTAPI function not implemented: __itt_heap_internal_access_end
2067627 : 0x1150881e3a1b07 : 2 : ittapi_config_apply_per_lib :  ITTAPI function not implemented: __itt_heap_record_memory_growth_begin
2067627 : 0x1150881e3a2457 : 2 : ittapi_config_apply_per_lib :  ITTAPI function not implemented: __itt_heap_record_memory_growth_end
2067627 : 0x1150881e3a2e37 : 2 : ittapi_config_apply_per_lib :  ITTAPI function not implemented: __itt_heap_reset_detection
2067627 : 0x1150881e3a38b6 : 2 : ittapi_config_apply_per_lib :  ITTAPI function not implemented: __itt_heap_record
2067627 : 0x1150881e3a4279 : 2 : ittapi_config_apply_per_lib :  ITTAPI function not implemented: __itt_id_create
2067627 : 0x1150881e3a654b : 2 : ittapi_config_apply_per_lib :  ITTAPI function not implemented: __itt_id_destroy
2067627 : 0x1150881e3a6e14 : 2 : ittapi_config_apply_per_lib :  ITTAPI function instrumented: __itt_get_timestamp
2067627 : 0x1150881e3a77a2 : 2 : ittapi_config_apply_per_lib :  ITTAPI function not implemented: __itt_region_begin
2067627 : 0x1150881e3a80a9 : 2 : ittapi_config_apply_per_lib :  ITTAPI function not implemented: __itt_region_end
2067627 : 0x1150881e3a8956 : 2 : ittapi_config_apply_per_lib :  ITTAPI function instrumented: __itt_frame_begin_v3
2067627 : 0x1150881e3a9225 : 2 : ittapi_config_apply_per_lib :  ITTAPI function instrumented: __itt_frame_end_v3
2067627 : 0x1150881e3a9ad0 : 2 : ittapi_config_apply_per_lib :  ITTAPI function instrumented: __itt_frame_submit_v3
2067627 : 0x1150881e3aa4d8 : 2 : ittapi_config_apply_per_lib :  ITTAPI function not implemented: __itt_task_group
2067627 : 0x1150881e3aad9a : 2 : ittapi_config_apply_per_lib :  ITTAPI function instrumented: __itt_task_begin
2067627 : 0x1150881e3ab5fb : 2 : ittapi_config_apply_per_lib :  ITTAPI function instrumented: __itt_task_begin_fn
2067627 : 0x1150881e3b0f7e : 2 : ittapi_config_apply_per_lib :  ITTAPI function instrumented: __itt_task_end
2067627 : 0x1150881e3b19be : 2 : ittapi_config_apply_per_lib :  ITTAPI function not implemented: __itt_counter_inc_v3
2067627 : 0x1150881e3b22e7 : 2 : ittapi_config_apply_per_lib :  ITTAPI function not implemented: __itt_counter_inc_delta_v3
2067627 : 0x1150881e3b2bc6 : 2 : ittapi_config_apply_per_lib :  ITTAPI function not implemented: __itt_counter_dec_v3
2067627 : 0x1150881e3b3436 : 2 : ittapi_config_apply_per_lib :  ITTAPI function not implemented: __itt_counter_dec_delta_v3
2067627 : 0x1150881e3b3d76 : 2 : ittapi_config_apply_per_lib :  ITTAPI function not implemented: __itt_marker
2067627 : 0x1150881e3b45ee : 2 : ittapi_config_apply_per_lib :  ITTAPI function instrumented: __itt_metadata_add
2067627 : 0x1150881e3b4f0d : 2 : ittapi_config_apply_per_lib :  ITTAPI function not implemented: __itt_metadata_str_add
2067627 : 0x1150881e3b57cb : 2 : ittapi_config_apply_per_lib :  ITTAPI function not implemented: __itt_relation_add_to_current
2067627 : 0x1150881e3b6088 : 2 : ittapi_config_apply_per_lib :  ITTAPI function not implemented: __itt_relation_add
2067627 : 0x1150881e3b80f6 : 2 : ittapi_config_apply_per_lib :  ITTAPI function instrumented: __itt_event_create
2067627 : 0x1150881e3b8985 : 2 : ittapi_config_apply_per_lib :  ITTAPI function instrumented: __itt_event_start
2067627 : 0x1150881e3b9138 : 2 : ittapi_config_apply_per_lib :  ITTAPI function instrumented: __itt_event_end
2067627 : 0x1150881e3b9809 : 2 : ittapi_config_apply_per_lib :  ITTAPI function NOT instrumented (not matched by --itt-config option): __itt_sync_set_name

2067627 : 0x1150881e3b9f73 : 2 : ittapi_config_apply_per_lib :  ITTAPI function NOT instrumented (not matched by --itt-config option): __itt_notify_sync_name

2067627 : 0x1150881e3ba681 : 2 : ittapi_config_apply_per_lib :  ITTAPI function NOT instrumented (not matched by --itt-config option): __itt_notify_sync_prepare

2067627 : 0x1150881e3bad4b : 2 : ittapi_config_apply_per_lib :  ITTAPI function NOT instrumented (not matched by --itt-config option): __itt_notify_sync_cancel

2067627 : 0x1150881e3bb44a : 2 : ittapi_config_apply_per_lib :  ITTAPI function NOT instrumented (not matched by --itt-config option): __itt_notify_sync_acquired

2067627 : 0x1150881e3bf2ca : 2 : ittapi_config_apply_per_lib :  ITTAPI function NOT instrumented (not matched by --itt-config option): __itt_notify_sync_releasing

2067627 : 0x1150881e3bfbfd : 2 : ittapi_config_apply_per_lib :  ITTAPI function not implemented: __itt_memory_read
2067627 : 0x1150881e3c5ff9 : 2 : ittapi_config_apply_per_lib :  ITTAPI function not implemented: __itt_memory_write
2067627 : 0x1150881e3c6972 : 2 : ittapi_config_apply_per_lib :  ITTAPI function not implemented: __itt_memory_update
2067627 : 0x1150881e3c71ae : 2 : ittapi_config_apply_per_lib :  ITTAPI function not implemented: __itt_state_get
2067627 : 0x1150881e3c79b1 : 2 : ittapi_config_apply_per_lib :  ITTAPI function not implemented: __itt_state_set
2067627 : 0x1150881e3c81df : 2 : ittapi_config_apply_per_lib :  ITTAPI function not implemented: __itt_obj_mode_set
2067627 : 0x1150881e3c8a00 : 2 : ittapi_config_apply_per_lib :  ITTAPI function not implemented: __itt_thr_mode_set
2067627 : 0x1150881e3c91bd : 2 : ittapi_config_apply_per_lib :  ITTAPI function instrumented: __itt_frame_create
2067627 : 0x1150881e3c9907 : 2 : ittapi_config_apply_per_lib :  ITTAPI function instrumented: __itt_pt_region_create
2067627 : 0x1150881e3ca15a : 2 : ittapi_config_apply_per_lib :  ITTAPI function instrumented: __itt_frame_begin
2067627 : 0x1150881e3ca905 : 2 : ittapi_config_apply_per_lib :  ITTAPI function instrumented: __itt_frame_end
2067627 : 0x1150881e3cff87 : 2 : ittapi_config_apply_per_lib :  ITTAPI function not implemented: __itt_counter_destroy
2067627 : 0x1150881e3d07f0 : 2 : ittapi_config_apply_per_lib :  ITTAPI function instrumented: __itt_counter_inc
2067627 : 0x1150881e3d0f11 : 2 : ittapi_config_apply_per_lib :  ITTAPI function instrumented: __itt_counter_inc_delta
2067627 : 0x1150881e3d164d : 2 : ittapi_config_apply_per_lib :  ITTAPI function instrumented: __itt_counter_dec
2067627 : 0x1150881e3d1e30 : 2 : ittapi_config_apply_per_lib :  ITTAPI function instrumented: __itt_counter_dec_delta
2067627 : 0x1150881e3d25f4 : 2 : ittapi_config_apply_per_lib :  ITTAPI function instrumented: __itt_counter_set_value
2067627 : 0x1150881e3d2e22 : 2 : ittapi_config_apply_per_lib :  ITTAPI function not implemented: __itt_counter_set_value_ex
2067627 : 0x1150881e3d359b : 2 : ittapi_config_apply_per_lib :  ITTAPI function not implemented: __itt_mark_create
2067627 : 0x1150881e3d3d73 : 2 : ittapi_config_apply_per_lib :  ITTAPI function not implemented: __itt_mark
2067627 : 0x1150881e3d4643 : 2 : ittapi_config_apply_per_lib :  ITTAPI function not implemented: __itt_mark_off
2067627 : 0x1150881e3d63ca : 2 : ittapi_config_apply_per_lib :  ITTAPI function not implemented: __itt_mark_global
2067627 : 0x1150881e3d6bf2 : 2 : ittapi_config_apply_per_lib :  ITTAPI function not implemented: __itt_mark_global_off
2067627 : 0x1150881e3dafde : 2 : ittapi_config_apply_per_lib :  ITTAPI function NOT instrumented (not matched by --itt-config option): __itt_stack_caller_create

2067627 : 0x1150881e3db6d9 : 2 : ittapi_config_apply_per_lib :  ITTAPI function NOT instrumented (not matched by --itt-config option): __itt_stack_caller_destroy

2067627 : 0x1150881e3dbdbb : 2 : ittapi_config_apply_per_lib :  ITTAPI function NOT instrumented (not matched by --itt-config option): __itt_stack_callee_enter

2067627 : 0x1150881e3dc46b : 2 : ittapi_config_apply_per_lib :  ITTAPI function NOT instrumented (not matched by --itt-config option): __itt_stack_callee_leave

2067627 : 0x1150881e3dcca0 : 2 : ittapi_config_apply_per_lib :  ITTAPI function not implemented: __itt_clock_domain_create
2067627 : 0x1150881e3dd55c : 2 : ittapi_config_apply_per_lib :  ITTAPI function not implemented: __itt_clock_domain_reset
2067627 : 0x1150881e3dddeb : 2 : ittapi_config_apply_per_lib :  ITTAPI function not implemented: __itt_id_create_ex
2067627 : 0x1150881e3de60f : 2 : ittapi_config_apply_per_lib :  ITTAPI function not implemented: __itt_id_destroy_ex
2067627 : 0x1150881e3e125d : 2 : ittapi_config_apply_per_lib :  ITTAPI function not implemented: __itt_task_begin_ex
2067627 : 0x1150881e3e1b05 : 2 : ittapi_config_apply_per_lib :  ITTAPI function not implemented: __itt_task_begin_fn_ex
2067627 : 0x1150881e3e2375 : 2 : ittapi_config_apply_per_lib :  ITTAPI function not implemented: __itt_task_end_ex
2067627 : 0x1150881e3e2b39 : 2 : ittapi_config_apply_per_lib :  ITTAPI function instrumented: __itt_task_begin_overlapped
2067627 : 0x1150881e3e337e : 2 : ittapi_config_apply_per_lib :  ITTAPI function not implemented: __itt_task_begin_overlapped_ex
2067627 : 0x1150881e3e3c00 : 2 : ittapi_config_apply_per_lib :  ITTAPI function instrumented: __itt_task_end_overlapped
2067627 : 0x1150881e3e445a : 2 : ittapi_config_apply_per_lib :  ITTAPI function not implemented: __itt_task_end_overlapped_ex
2067627 : 0x1150881e3e4c57 : 2 : ittapi_config_apply_per_lib :  ITTAPI function not implemented: __itt_marker_ex
2067627 : 0x1150881e3e553a : 2 : ittapi_config_apply_per_lib :  ITTAPI function not implemented: __itt_metadata_add_with_scope
2067627 : 0x1150881e3e96ae : 2 : ittapi_config_apply_per_lib :  ITTAPI function not implemented: __itt_metadata_str_add_with_scope
2067627 : 0x1150881e3eb536 : 2 : ittapi_config_apply_per_lib :  ITTAPI function not implemented: __itt_relation_add_to_current_ex
2067627 : 0x1150881e3ebd82 : 2 : ittapi_config_apply_per_lib :  ITTAPI function not implemented: __itt_relation_add_ex
2067627 : 0x1150881e3ec56e : 2 : ittapi_config_apply_per_lib :  ITTAPI function not implemented: __itt_track_group_create
2067627 : 0x1150881e3ecce0 : 2 : ittapi_config_apply_per_lib :  ITTAPI function not implemented: __itt_track_create
2067627 : 0x1150881e3f114d : 2 : ittapi_config_apply_per_lib :  ITTAPI function not implemented: __itt_set_track
2067627 : 0x1150881e3f1a83 : 2 : ittapi_config_apply_per_lib :  ITTAPI function instrumented: __itt_api_version
2067627 : 0x1150881e3f22ad : 2 : ittapi_config_apply_per_lib :  ITTAPI function not implemented: __itt_av_save
2067627 : 0x1150881e3f2a69 : 2 : ittapi_config_apply_per_lib :  ITTAPI function instrumented: __itt_module_load
2067627 : 0x1150881e3f3279 : 2 : ittapi_config_apply_per_lib :  ITTAPI function not implemented: __itt_module_unload