
2067497 : 0x1150849e090a58 : 1 : spill_jit_data :  Jit agent is not initialized
2067497 : 0x1150849e140b84 : 2 : ittapi_config_mask_get :  --itt-config mask to be applied: 39
2067497 : 0x1150849e145354 : 2 : ittapi_config_apply_per_lib :  ITTAPI function instrumented: __itt_domain_create
2067497 : 0x1150849e145d9c : 2 : ittapi_config_apply_per_lib :  ITTAPI function instrumented: __itt_module_load_with_sections
2067497 : 0x1150849e146b7e : 2 : ittapi_config_apply_per_lib :  ITTAPI function not implemented: __itt_module_unload_with_sections
2067497 : 0x1150849e1475a0 : 2 : ittapi_config_apply_per_lib :  ITTAPI function instrumented: __itt_string_handle_create
2067497 : 0x1150849e147cac : 2 : ittapi_config_apply_per_lib :  ITTAPI function instrumented: __itt_counter_create
2067497 : 0x1150849e148362 : 2 : ittapi_config_apply_per_lib :  ITTAPI function instrumented: __itt_counter_create_typed
2067497 : 0x1150849e148b2b : 2 : ittapi_config_apply_per_lib :  ITTAPI function instrumented: __itt_pause
2067497 : 0x1150849e149256 : 2 : ittapi_config_apply_per_lib :  ITTAPI function instrumented: __itt_resume
2067497 : 0x1150849e1523d1 : 2 : ittapi_config_apply_per_lib :  ITTAPI function instrumented: __itt_thread_set_name
2067497 : 0x1150849e152de8 : 2 : ittapi_config_apply_per_lib :  ITTAPI function instrumented: __itt_thread_ignore
2067497 : 0x1150849e153550 : 2 : ittapi_config_apply_per_lib :  ITTAPI function instrumented: __itt_thr_name_set
2067497 : 0x1150849e153cfd : 2 : ittapi_config_apply_per_lib :  ITTAPI function instrumented: __itt_thr_ignore
2067497 : 0x1150849e154784 : 2 : ittapi_config_apply_per_lib :  ITTAPI function not implemented: __itt_enable_attach
2067497 : 0x1150849e154ee4 : 2 : ittapi_config_apply_per_lib :  ITTAPI function instrumented: __itt_detach
2067497 : 0x1150849e15556a : 2 : ittapi_config_apply_per_lib :  ITTAPI function NOT instrumented (not matched by --itt-config option): __itt_sync_create

2067497 : 0x1150849e155e12 : 2 : ittapi_config_apply_per_lib :  ITTAPI function NOT instrumented (not matched by --itt-config option): __itt_sync_rename

2067497 : 0x1150849e156413 : 2 : ittapi_config_apply_per_lib :  ITTAPI function NOT instrumented (not matched by --itt-config option): __itt_sync_destroy

2067497 : 0x1150849e156a73 : 2 : ittapi_config_apply_per_lib :  ITTAPI function NOT instrumented (not matched by --itt-config option): __itt_sync_prepare

2067497 : 0x1150849e158c62 : 2 : ittapi_config_apply_per_lib :  ITTAPI function NOT instrumented (not matched by --itt-config option): __itt_sync_cancel

2067497 : 0x1150849e1592da : 2 : ittapi_config_apply_per_lib :  ITTAPI function NOT instrumented (not matched by --itt-config option): __itt_sync_acquired

2067497 : 0x1150849e1598d8 : 2 : ittapi_config_apply_per_lib :  ITTAPI function NOT instrumented (not matched by --itt-config option): __itt_sync_releasing

2067497 : 0x1150849e15a116 : 2 : ittapi_config_apply_per_lib :  ITTAPI function not implemented: __itt_suppress_push
2067497 : 0x1150849e15ab31 : 2 : ittapi_config_apply_per_lib :  ITTAPI function not implemented: __itt_suppress_pop
2067497 : 0x1150849e15b38a : 2 : ittapi_config_apply_per_lib :  ITTAPI function not implemented: __itt_suppress_mark_range
2067497 : 0x1150849e15bc0b : 2 : ittapi_config_apply_per_lib :  ITTAPI function not implemented: __itt_suppress_clear_range
2067497 : 0x1150849e15c225 : 2 : ittapi_config_apply_per_lib :  ITTAPI function NOT instrumented (not matched by --itt-config option): __itt_sync_prepare

2067497 : 0x1150849e15c84f : 2 : ittapi_config_apply_per_lib :  ITTAPI function NOT instrumented (not matched by --itt-config option): __itt_sync_cancel

2067497 : 0x1150849e15ce26 : 2 : ittapi_config_apply_per_lib :  ITTAPI function NOT instrumented (not matched by --itt-config option): __itt_sync_acquired

2067497 : 0x1150849e15e8a7 : 2 : ittapi_config_apply_per_lib :  ITTAPI function NOT instrumented (not matched by --itt-config option): __itt_sync_releasing

2067497 : 0x1150849e15ef3d : 2 : ittapi_config_apply_per_lib :  ITTAPI function NOT instrumented (not matched by --itt-config option): __itt_model_site_begin

2067497 : 0x1150849e15f59c : 2 : ittapi_config_apply_per_lib :  ITTAPI function NOT instrumented (not matched by --itt-config option): __itt_model_site_end

2067497 : 0x1150849e15fbd8 : 2 : ittapi_config_apply_per_lib :  ITTAPI function NOT instrumented (not matched by --itt-config option): __itt_model_task_begin

2067497 : 0x1150849e1601d6 : 2 : ittapi_config_apply_per_lib :  ITTAPI function NOT instrumented (not matched by --itt-config option): __itt_model_task_end

2067497 : 0x1150849e160872 : 2 : ittapi_config_apply_per_lib :  ITTAPI function NOT instrumented (not matched by --itt-config option): __itt_model_lock_acquire

2067497 : 0x1150849e160f16 : 2 : ittapi_config_apply_per_lib :  ITTAPI function NOT instrumented (not matched by --itt-config option): __itt_model_lock_release

2067497 : 0x1150849e16153e : 2 : ittapi_config_apply_per_lib :  ITTAPI function NOT instrumented (not matched by --itt-config option): __itt_model_record_allocation

2067497 : 0x1150849e161b9d : 2 : ittapi_config_apply_per_lib :  ITTAPI function NOT instrumented (not matched by --itt-config option): __itt_model_record_deallocation

2067497 : 0x1150849e1621d3 : 2 : ittapi_config_apply_per_lib :  ITTAPI function NOT instrumented (not matched by --itt-config option): __itt_model_induction_uses

2067497 : 0x1150849e164c6b : 2 : ittapi_config_apply_per_lib :  ITTAPI function NOT instrumented (not matched by --itt-config option): __itt_model_reduction_uses

2067497 : 0x1150849e165350 : 2 : ittapi_config_apply_per_lib :  ITTAPI function NOT instrumented (not matched by --itt-config option): __itt_model_observe_uses

2067497 : 0x1150849e165990 : 2 : ittapi_config_apply_per_lib :  ITTAPI function NOT instrumented (not matched by --itt-config option): __itt_model_clear_uses

2067497 : 0x1150849e165f98 : 2 : ittapi_config_apply_per_lib :  ITTAPI function NOT instrumented (not matched by --itt-config option): __itt_model_site_beginA

2067497 : 0x1150849e1665eb : 2 : ittapi_config_apply_per_lib :  ITTAPI function NOT instrumented (not matched by --itt-config option): __itt_model_site_beginAL

2067497 : 0x1150849e166c5e : 2 : ittapi_config_apply_per_lib :  ITTAPI function NOT instrumented (not matched by --itt-config option): __itt_model_task_beginA

2067497 : 0x1150849e16726e : 2 : ittapi_config_apply_per_lib :  ITTAPI function NOT instrumented (not matched by --itt-config option): __itt_model_task_beginAL

2067497 : 0x1150849e1678aa : 2 : ittapi_config_apply_per_lib :  ITTAPI function NOT instrumented (not matched by --itt-config option): __itt_model_iteration_taskA

2067497 : 0x1150849e167ebb : 2 : ittapi_config_apply_per_lib :  ITTAPI function NOT instrumented (not matched by --itt-config option): __itt_model_iteration_taskAL

2067497 : 0x1150849e1684f8 : 2 : ittapi_config_apply_per_lib :  ITTAPI function NOT instrumented (not matched by --itt-config option): __itt_model_site_end_2

2067497 : 0x1150849e16c5e4 : 2 : ittapi_config_apply_per_lib :  ITTAPI function NOT instrumented (not matched by --itt-config option): __itt_model_task_end_2

2067497 : 0x1150849e16cc33 : 2 : ittapi_config_apply_per_lib :  ITTAPI function NOT instrumented (not matched by --itt-config option): __itt_model_lock_acquire_2

2067497 : 0x1150849e16d279 : 2 : ittapi_config_apply_per_lib :  ITTAPI function NOT instrumented (not matched by --itt-config option): __itt_model_lock_release_2

2067497 : 0x1150849e16d8a1 : 2 : ittapi_config_apply_per_lib :  ITTAPI function NOT instrumented (not matched by --itt-config option): __itt_model_aggregate_task

2067497 : 0x1150849e16df5a : 2 : ittapi_config_apply_per_lib :  ITTAPI function NOT instrumented (not matched by --itt-config option): __itt_model_disable_push

2067497 : 0x1150849e16e57e : 2 : ittapi_config_apply_per_lib :  ITTAPI function NOT instrumented (not matched by --itt-config option): __itt_model_disable_pop

2067497 : 0x1150849e16ecdf : 2 : ittapi_config_apply_per_lib :  ITTAPI function instrumented: __itt_heap_function_create
2067497 : 0x1150849e16f4d3 : 2 : ittapi_config_apply_per_lib :  ITTAPI function instrumented: __itt_heap_allocate_begin
2067497 : 0x1150849e16fcb7 : 2 : ittapi_config_apply_per_lib :  ITTAPI function instrumented: __itt_heap_allocate_end
2067497 : 0x1150849e170432 : 2 : ittapi_config_apply_per_lib :  ITTAPI function instrumented: __itt_heap_free_begin
2067497 : 0x1150849e176609 : 2 : ittapi_config_apply_per_lib :  ITTAPI function instrumented: __itt_heap_free_end
2067497 : 0x1150849e176dff : 2 : ittapi_config_apply_per_lib :  ITTAPI function instrumented: __itt_heap_reallocate_begin
2067497 : 0x1150849e177475 : 2 : ittapi_config_apply_per_lib :  ITTAPI function instrumented: __itt_heap_reallocate_end
2067497 : 0x1150849e177bf9 : 2 : ittapi_config_apply_per_lib :  ITTAPI function not implemented: __itt_heap_internal_access_begin
2067497 : 0x1150849e17835b : 2 : ittapi_config_apply_per_lib :  ITTAPI function not implemented: __itt_heap_internal_access_end
2067497 : 0x1150849e178b01 : 2 : ittapi_config_apply_per_lib :  ITTAPI function not implemented: __itt_heap_record_memory_growth_begin
2067497 : 0x1150849e179248 : 2 : ittapi_config_apply_per_lib :  ITTAPI function not implemented: __itt_heap_record_memory_growth_end
2067497 : 0x1150849e1799aa : 2 : ittapi_config_apply_per_lib :  ITTAPI function not implemented: __itt_heap_reset_detection
2067497 : 0x1150849e17a269 : 2 : ittapi_config_apply_per_lib :  ITTAPI function not implemented: __itt_heap_record
2067497 : 0x1150849e17aa27 : 2 : ittapi_config_apply_per_lib :  ITTAPI function not implemented: __itt_id_create
2067497 : 0x1150849e17c6e5 : 2 : ittapi_config_apply_per_lib :  ITTAPI function not implemented: __itt_id_destroy
2067497 : 0x1150849e17ce30 : 2 : ittapi_config_apply_per_lib :  ITTAPI function instrumented: __itt_get_timestamp
2067497 : 0x1150849e17d56c : 2 : ittapi_config_apply_per_lib :  ITTAPI function not implemented: __itt_region_begin
2067497 : 0x1150849e17dc7a : 2 : ittapi_config_apply_per_lib :  ITTAPI function not implemented: __itt_region_end
2067497 : 0x1150849e17e334 : 2 : ittapi_config_apply_per_lib :  ITTAPI function instrumented: __itt_frame_begin_v3
2067497 : 0x1150849e17ea1d : 2 : ittapi_config_apply_per_lib :  ITTAPI function instrumented: __itt_frame_end_v3
2067497 : 0x1150849e17f0ac : 2 : ittapi_config_apply_per_lib :  ITTAPI function instrumented: __itt_frame_submit_v3
2067497 : 0x1150849e17f835 : 2 : ittapi_config_apply_per_lib :  ITTAPI function not implemented: __itt_task_group
2067497 : 0x1150849e17ff25 : 2 : ittapi_config_apply_per_lib :  ITTAPI function instrumented: __itt_task_begin
2067497 : 0x1150849e1805f0 : 2 : ittapi_config_apply_per_lib :  ITTAPI function instrumented: __itt_task_begin_fn
2067497 : 0x1150849e182009 : 2 : ittapi_config_apply_per_lib :  ITTAPI function instrumented: __itt_task_end
2067497 : 0x1150849e1827c3 : 2 : ittapi_config_apply_per_lib :  ITTAPI function not implemented: __itt_counter_inc_v3
2067497 : 0x1150849e182f83 : 2 : ittapi_config_apply_per_lib :  ITTAPI function not implemented: __itt_counter_inc_delta_v3
2067497 : 0x1150849e1837fa : 2 : ittapi_config_apply_per_lib :  ITTAPI function not implemented: __itt_counter_dec_v3
2067497 : 0x1150849e183ec2 : 2 : ittapi_config_apply_per_lib :  ITTAPI function not implemented: __itt_counter_dec_delta_v3
2067497 : 0x1150849e184644 : 2 : ittapi_config_apply_per_lib :  ITTAPI function not implemented: __itt_marker
2067497 : 0x1150849e188958 : 2 : ittapi_config_apply_per_lib :  ITTAPI function instrumented: __itt_metadata_add
2067497 : 0x1150849e1890f8 : 2 : ittapi_config_apply_per_lib :  ITTAPI function not implemented: __itt_metadata_str_add
2067497 : 0x1150849e18988e : 2 : ittapi_config_apply_per_lib :  ITTAPI function not implemented: __itt_relation_add_to_current
2067497 : 0x1150849e18a018 : 2 : ittapi_config_apply_per_lib :  ITTAPI function not implemented: __itt_relation_add
2067497 : 0x1150849e18bc6c : 2 : ittapi_config_apply_per_lib :  ITTAPI function instrumented: __itt_event_create
2067497 : 0x1150849e18c3ef : 2 : ittapi_config_apply_per_lib :  ITTAPI function instrumented: __itt_event_start
2067497 : 0x1150849e18cade : 2 : ittapi_config_apply_per_lib :  ITTAPI function instrumented: __itt_event_end
2067497 : 0x1150849e18d0d6 : 2 : ittapi_config_apply_per_lib :  ITTAPI function NOT instrumented (not matched by --itt-config option): __itt_sync_set_name

2067497 : 0x1150849e18d73e : 2 : ittapi_config_apply_per_lib :  ITTAPI function NOT instrumented (not matched by --itt-config option): __itt_notify_sync_name

2067497 : 0x1150849e18dd55 : 2 : ittapi_config_apply_per_lib :  ITTAPI function NOT instrumented (not matched by --itt-config option): __itt_notify_sync_prepare

2067497 : 0x1150849e18e367 : 2 : ittapi_config_apply_per_lib :  ITTAPI function NOT instrumented (not matched by --itt-config option): __itt_notify_sync_cancel

2067497 : 0x1150849e18e97a : 2 : ittapi_config_apply_per_lib :  ITTAPI function NOT instrumented (not matched by --itt-config option): __itt_notify_sync_acquired

2067497 : 0x1150849e18ef96 : 2 : ittapi_config_apply_per_lib :  ITTAPI function NOT instrumented (not matched by --itt-config option): __itt_notify_sync_releasing

2067497 : 0x1150849e18f752 : 2 : ittapi_config_apply_per_lib :  ITTAPI function not implemented: __itt_memory_read
2067497 : 0x1150849e1920c7 : 2 : ittapi_config_apply_per_lib :  ITTAPI function not implemented: __itt_memory_write
2067497 : 0x1150849e192918 : 2 : ittapi_config_apply_per_lib :  ITTAPI function not implemented: __itt_memory_update
2067497 : 0x1150849e193c86 : 2 : ittapi_config_apply_per_lib :  ITTAPI function not implemented: __itt_state_get
2067497 : 0x1150849e194400 : 2 : ittapi_config_apply_per_lib :  ITTAPI function not implemented: __itt_state_set
2067497 : 0x1150849e194b92 : 2 : ittapi_config_apply_per_lib :  ITTAPI function not implemented: __itt_obj_mode_set
2067497 : 0x1150849e19532e : 2 : ittapi_config_apply_per_lib :  ITTAPI function not implemented: __itt_thr_mode_set
2067497 : 0x1150849e195a3f : 2 : ittapi_config_apply_per_lib :  ITTAPI function instrumented: __itt_frame_create
2067497 : 0x1150849e196113 : 2 : ittapi_config_apply_per_lib :  ITTAPI function instrumented: __itt_pt_region_create
2067497 : 0x1150849e196860 : 2 : ittapi_config_apply_per_lib :  ITTAPI function instrumented: __itt_frame_begin
2067497 : 0x1150849e196fa8 : 2 : ittapi_config_apply_per_lib :  ITTAPI function instrumented: __itt_frame_end
2067497 : 0x1150849e198ea0 : 2 : ittapi_config_apply_per_lib :  ITTAPI function not implemented: __itt_counter_destroy
2067497 : 0x1150849e19962a : 2 : ittapi_config_apply_per_lib :  ITTAPI function instrumented: __itt_counter_inc
2067497 : 0x1150849e199d37 : 2 : ittapi_config_apply_per_lib :  ITTAPI function instrumented: __itt_counter_inc_delta
2067497 : 0x1150849e19a419 : 2 : ittapi_config_apply_per_lib :  ITTAPI function instrumented: __itt_counter_dec
2067497 : 0x1150849e19ab6e : 2 : ittapi_config_apply_per_lib :  ITTAPI function instrumented: __itt_counter_dec_delta
2067497 : 0x1150849e19b2ca : 2 : ittapi_config_apply_per_lib :  ITTAPI function instrumented: __itt_counter_set_value
2067497 : 0x1150849e19ba9e : 2 : ittapi_config_apply_per_lib :  ITTAPI function not implemented: __itt_counter_set_value_ex
2067497 : 0x1150849e19c1d2 : 2 : ittapi_config_apply_per_lib :  ITTAPI function not implemented: __itt_mark_create
2067497 : 0x1150849e19c99c : 2 : ittapi_config_apply_per_lib :  ITTAPI function not implemented: __itt_mark
2067497 : 0x1150849e19d25c : 2 : ittapi_config_apply_per_lib :  ITTAPI function not implemented: __itt_mark_off
2067497 : 0x1150849e19f0e6 : 2 : ittapi_config_apply_per_lib :  ITTAPI function not implemented: __itt_mark_global
2067497 : 0x1150849e19f8f6 : 2 : ittapi_config_apply_per_lib :  ITTAPI function not implemented: __itt_mark_global_off
2067497 : 0x1150849e1a003b : 2 : ittapi_config_apply_per_lib :  ITTAPI function NOT instrumented (not matched by --itt-config option): __itt_stack_caller_create

2067497 : 0x1150849e1a06bb : 2 : ittapi_config_apply_per_lib :  ITTAPI function NOT instrumented (not matched by --itt-config option): __itt_stack_caller_destroy

2067497 : 0x1150849e1a0d08 : 2 : ittapi_config_apply_per_lib :  ITTAPI function NOT instrumented (not matched by --itt-config option): __itt_stack_callee_enter

2067497 : 0x1150849e1a1338 : 2 : ittapi_config_apply_per_lib :  ITTAPI function NOT instrumented (not matched by --itt-config option): __itt_stack_callee_leave

2067497 : 0x1150849e1a1abd : 2 : ittapi_config_apply_per_lib :  ITTAPI function not implemented: __itt_clock_domain_create
2067497 : 0x1150849e1a2297 : 2 : ittapi_config_apply_per_lib :  ITTAPI function not implemented: __itt_clock_domain_reset
2067497 : 0x1150849e1a2a18 : 2 : ittapi_config_apply_per_lib :  ITTAPI function not implemented: __itt_id_create_ex
2067497 : 0x1150849e1a3199 : 2 : ittapi_config_apply_per_lib :  ITTAPI function not implemented: __itt_id_destroy_ex
2067497 : 0x1150849e1a5bc0 : 2 : ittapi_config_apply_per_lib :  ITTAPI function not implemented: __itt_task_begin_ex
2067497 : 0x1150849e1a63b8 : 2 : ittapi_config_apply_per_lib :  ITTAPI function not implemented: __itt_task_begin_fn_ex
2067497 : 0x1150849e1a6b6a : 2 : ittapi_config_apply_per_lib :  ITTAPI function not implemented: __itt_task_end_ex
2067497 : 0x1150849e1a72ec : 2 : ittapi_config_apply_per_lib :  ITTAPI function instrumented: __itt_task_begin_overlapped
2067497 : 0x1150849e1a7aa5 : 2 : ittapi_config_apply_per_lib :  ITTAPI function not implemented: __itt_task_begin_overlapped_ex
2067497 : 0x1150849e1a8278 : 2 : ittapi_config_apply_per_lib :  ITTAPI function instrumented: __itt_task_end_overlapped
2067497 : 0x1150849e1a8a17 : 2 : ittapi_config_apply_per_lib :  ITTAPI function not implemented: __itt_task_end_overlapped_ex
2067497 : 0x1150849e1a9190 : 2 : ittapi_config_apply_per_lib :  ITTAPI function not implemented: __itt_marker_ex
2067497 : 0x1150849e1a99d4 : 2 : ittapi_config_apply_per_lib :  ITTAPI function not implemented: __itt_metadata_add_with_scope
2067497 : 0x1150849e1aa1e0 : 2 : ittapi_config_apply_per_lib :  ITTAPI function not implemented: __itt_metadata_str_add_with_scope
2067497 : 0x1150849e1abfb4 : 2 : ittapi_config_apply_per_lib :  ITTAPI function not implemented: __itt_relation_add_to_current_ex
2067497 : 0x1150849e1ac785 : 2 : ittapi_config_apply_per_lib :  ITTAPI function not implemented: __itt_relation_add_ex
2067497 : 0x1150849e1acefd : 2 : ittapi_config_apply_per_lib :  ITTAPI function not implemented: __itt_track_group_create
2067497 : 0x1150849e1ad61a : 2 : ittapi_config_apply_per_lib :  ITTAPI function not implemented: __itt_track_create
2067497 : 0x1150849e1addae : 2 : ittapi_config_apply_per_lib :  ITTAPI function not implemented: __itt_set_track
2067497 : 0x1150849e1ae4fe : 2 : ittapi_config_apply_per_lib :  ITTAPI function instrumented: __itt_api_version
2067497 : 0x1150849e1aec62 : 2 : ittapi_config_apply_per_lib :  ITTAPI function not implemented: __itt_av_save
2067497 : 0x1150849e1af3c8 : 2 : ittapi_config_apply_per_lib :  ITTAPI function instrumented: __itt_module_load
2067497 : 0x1150849e1afb21 : 2 : ittapi_config_apply_per_lib :  ITTAPI function not implemented: __itt_module_unload