
1648134 : 0xf36aa6b8ca7a7 : 1 : spill_jit_data :  Jit agent is not initialized
1648134 : 0xf36aa6b97b77c : 2 : ittapi_config_mask_get :  --itt-config mask to be applied: 39
1648134 : 0xf36aa6b97c660 : 2 : ittapi_config_apply_per_lib :  ITTAPI function instrumented: __itt_domain_create
1648134 : 0xf36aa6b97cf6d : 2 : ittapi_config_apply_per_lib :  ITTAPI function instrumented: __itt_module_load_with_sections
1648134 : 0xf36aa6b97dab4 : 2 : ittapi_config_apply_per_lib :  ITTAPI function not implemented: __itt_module_unload_with_sections
1648134 : 0xf36aa6b97e451 : 2 : ittapi_config_apply_per_lib :  ITTAPI function instrumented: __itt_string_handle_create
1648134 : 0xf36aa6b97eb28 : 2 : ittapi_config_apply_per_lib :  ITTAPI function instrumented: __itt_counter_create
1648134 : 0xf36aa6b97f147 : 2 : ittapi_config_apply_per_lib :  ITTAPI function instrumented: __itt_counter_create_typed
1648134 : 0xf36aa6b97f841 : 2 : ittapi_config_apply_per_lib :  ITTAPI function instrumented: __itt_pause
1648134 : 0xf36aa6b97fed3 : 2 : ittapi_config_apply_per_lib :  ITTAPI function instrumented: __itt_resume
1648134 : 0xf36aa6b9880e9 : 2 : ittapi_config_apply_per_lib :  ITTAPI function instrumented: __itt_thread_set_name
1648134 : 0xf36aa6b988a0b : 2 : ittapi_config_apply_per_lib :  ITTAPI function instrumented: __itt_thread_ignore
1648134 : 0xf36aa6b9890ef : 2 : ittapi_config_apply_per_lib :  ITTAPI function instrumented: __itt_thr_name_set
1648134 : 0xf36aa6b989821 : 2 : ittapi_config_apply_per_lib :  ITTAPI function instrumented: __itt_thr_ignore
1648134 : 0xf36aa6b98a0f6 : 2 : ittapi_config_apply_per_lib :  ITTAPI function not implemented: __itt_enable_attach
1648134 : 0xf36aa6b98a82c : 2 : ittapi_config_apply_per_lib :  ITTAPI function instrumented: __itt_detach
1648134 : 0xf36aa6b98ae38 : 2 : ittapi_config_apply_per_lib :  ITTAPI function NOT instrumented (not matched by --itt-config option): __itt_sync_create

1648134 : 0xf36aa6b98b4f0 : 2 : ittapi_config_apply_per_lib :  ITTAPI function NOT instrumented (not matched by --itt-config option): __itt_sync_rename

1648134 : 0xf36aa6b98ba49 : 2 : ittapi_config_apply_per_lib :  ITTAPI function NOT instrumented (not matched by --itt-config option): __itt_sync_destroy

1648134 : 0xf36aa6b98c05b : 2 : ittapi_config_apply_per_lib :  ITTAPI function NOT instrumented (not matched by --itt-config option): __itt_sync_prepare

1648134 : 0xf36aa6b98dd96 : 2 : ittapi_config_apply_per_lib :  ITTAPI function NOT instrumented (not matched by --itt-config option): __itt_sync_cancel

1648134 : 0xf36aa6b98e3af : 2 : ittapi_config_apply_per_lib :  ITTAPI function NOT instrumented (not matched by --itt-config option): __itt_sync_acquired

1648134 : 0xf36aa6b98e954 : 2 : ittapi_config_apply_per_lib :  ITTAPI function NOT instrumented (not matched by --itt-config option): __itt_sync_releasing

1648134 : 0xf36aa6b98f0bf : 2 : ittapi_config_apply_per_lib :  ITTAPI function not implemented: __itt_suppress_push
1648134 : 0xf36aa6b98f978 : 2 : ittapi_config_apply_per_lib :  ITTAPI function not implemented: __itt_suppress_pop
1648134 : 0xf36aa6b99011c : 2 : ittapi_config_apply_per_lib :  ITTAPI function not implemented: __itt_suppress_mark_range
1648134 : 0xf36aa6b9908ee : 2 : ittapi_config_apply_per_lib :  ITTAPI function not implemented: __itt_suppress_clear_range
1648134 : 0xf36aa6b990ed9 : 2 : ittapi_config_apply_per_lib :  ITTAPI function NOT instrumented (not matched by --itt-config option): __itt_sync_prepare

1648134 : 0xf36aa6b991495 : 2 : ittapi_config_apply_per_lib :  ITTAPI function NOT instrumented (not matched by --itt-config option): __itt_sync_cancel

1648134 : 0xf36aa6b991a04 : 2 : ittapi_config_apply_per_lib :  ITTAPI function NOT instrumented (not matched by --itt-config option): __itt_sync_acquired

1648134 : 0xf36aa6b9932c1 : 2 : ittapi_config_apply_per_lib :  ITTAPI function NOT instrumented (not matched by --itt-config option): __itt_sync_releasing

1648134 : 0xf36aa6b99391f : 2 : ittapi_config_apply_per_lib :  ITTAPI function NOT instrumented (not matched by --itt-config option): __itt_model_site_begin

1648134 : 0xf36aa6b993f0d : 2 : ittapi_config_apply_per_lib :  ITTAPI function NOT instrumented (not matched by --itt-config option): __itt_model_site_end

1648134 : 0xf36aa6b9944da : 2 : ittapi_config_apply_per_lib :  ITTAPI function NOT instrumented (not matched by --itt-config option): __itt_model_task_begin

1648134 : 0xf36aa6b994aa7 : 2 : ittapi_config_apply_per_lib :  ITTAPI function NOT instrumented (not matched by --itt-config option): __itt_model_task_end

1648134 : 0xf36aa6b9950ba : 2 : ittapi_config_apply_per_lib :  ITTAPI function NOT instrumented (not matched by --itt-config option): __itt_model_lock_acquire

1648134 : 0xf36aa6b99567f : 2 : ittapi_config_apply_per_lib :  ITTAPI function NOT instrumented (not matched by --itt-config option): __itt_model_lock_release

1648134 : 0xf36aa6b995c2e : 2 : ittapi_config_apply_per_lib :  ITTAPI function NOT instrumented (not matched by --itt-config option): __itt_model_record_allocation

1648134 : 0xf36aa6b9961eb : 2 : ittapi_config_apply_per_lib :  ITTAPI function NOT instrumented (not matched by --itt-config option): __itt_model_record_deallocation

1648134 : 0xf36aa6b99679a : 2 : ittapi_config_apply_per_lib :  ITTAPI function NOT instrumented (not matched by --itt-config option): __itt_model_induction_uses

1648134 : 0xf36aa6b998e17 : 2 : ittapi_config_apply_per_lib :  ITTAPI function NOT instrumented (not matched by --itt-config option): __itt_model_reduction_uses

1648134 : 0xf36aa6b9994a1 : 2 : ittapi_config_apply_per_lib :  ITTAPI function NOT instrumented (not matched by --itt-config option): __itt_model_observe_uses

1648134 : 0xf36aa6b999a66 : 2 : ittapi_config_apply_per_lib :  ITTAPI function NOT instrumented (not matched by --itt-config option): __itt_model_clear_uses

1648134 : 0xf36aa6b99a046 : 2 : ittapi_config_apply_per_lib :  ITTAPI function NOT instrumented (not matched by --itt-config option): __itt_model_site_beginA

1648134 : 0xf36aa6b99a634 : 2 : ittapi_config_apply_per_lib :  ITTAPI function NOT instrumented (not matched by --itt-config option): __itt_model_site_beginAL

1648134 : 0xf36aa6b99ac21 : 2 : ittapi_config_apply_per_lib :  ITTAPI function NOT instrumented (not matched by --itt-config option): __itt_model_task_beginA

1648134 : 0xf36aa6b99b1b1 : 2 : ittapi_config_apply_per_lib :  ITTAPI function NOT instrumented (not matched by --itt-config option): __itt_model_task_beginAL

1648134 : 0xf36aa6b99b77b : 2 : ittapi_config_apply_per_lib :  ITTAPI function NOT instrumented (not matched by --itt-config option): __itt_model_iteration_taskA

1648134 : 0xf36aa6b99bd1c : 2 : ittapi_config_apply_per_lib :  ITTAPI function NOT instrumented (not matched by --itt-config option): __itt_model_iteration_taskAL

1648134 : 0xf36aa6b99c2f8 : 2 : ittapi_config_apply_per_lib :  ITTAPI function NOT instrumented (not matched by --itt-config option): __itt_model_site_end_2

1648134 : 0xf36aa6b99db90 : 2 : ittapi_config_apply_per_lib :  ITTAPI function NOT instrumented (not matched by --itt-config option): __itt_model_task_end_2

1648134 : 0xf36aa6b99e195 : 2 : ittapi_config_apply_per_lib :  ITTAPI function NOT instrumented (not matched by --itt-config option): __itt_model_lock_acquire_2

1648134 : 0xf36aa6b99e782 : 2 : ittapi_config_apply_per_lib :  ITTAPI function NOT instrumented (not matched by --itt-config option): __itt_model_lock_release_2

1648134 : 0xf36aa6b99ed52 : 2 : ittapi_config_apply_per_lib :  ITTAPI function NOT instrumented (not matched by --itt-config option): __itt_model_aggregate_task

1648134 : 0xf36aa6b99f321 : 2 : ittapi_config_apply_per_lib :  ITTAPI function NOT instrumented (not matched by --itt-config option): __itt_model_disable_push

1648134 : 0xf36aa6b99f8c4 : 2 : ittapi_config_apply_per_lib :  ITTAPI function NOT instrumented (not matched by --itt-config option): __itt_model_disable_pop

1648134 : 0xf36aa6b99ff53 : 2 : ittapi_config_apply_per_lib :  ITTAPI function instrumented: __itt_heap_function_create
1648134 : 0xf36aa6b9a0614 : 2 : ittapi_config_apply_per_lib :  ITTAPI function instrumented: __itt_heap_allocate_begin
1648134 : 0xf36aa6b9a0cca : 2 : ittapi_config_apply_per_lib :  ITTAPI function instrumented: __itt_heap_allocate_end
1648134 : 0xf36aa6b9a137a : 2 : ittapi_config_apply_per_lib :  ITTAPI function instrumented: __itt_heap_free_begin
1648134 : 0xf36aa6b9a38df : 2 : ittapi_config_apply_per_lib :  ITTAPI function instrumented: __itt_heap_free_end
1648134 : 0xf36aa6b9a3fee : 2 : ittapi_config_apply_per_lib :  ITTAPI function instrumented: __itt_heap_reallocate_begin
1648134 : 0xf36aa6b9a464e : 2 : ittapi_config_apply_per_lib :  ITTAPI function instrumented: __itt_heap_reallocate_end
1648134 : 0xf36aa6b9a4dc0 : 2 : ittapi_config_apply_per_lib :  ITTAPI function not implemented: __itt_heap_internal_access_begin
1648134 : 0xf36aa6b9a54f5 : 2 : ittapi_config_apply_per_lib :  ITTAPI function not implemented: __itt_heap_internal_access_end
1648134 : 0xf36aa6b9a5c6d : 2 : ittapi_config_apply_per_lib :  ITTAPI function not implemented: __itt_heap_record_memory_growth_begin
1648134 : 0xf36aa6b9a63bb : 2 : ittapi_config_apply_per_lib :  ITTAPI function not implemented: __itt_heap_record_memory_growth_end
1648134 : 0xf36aa6b9a6afd : 2 : ittapi_config_apply_per_lib :  ITTAPI function not implemented: __itt_heap_reset_detection
1648134 : 0xf36aa6b9a72fb : 2 : ittapi_config_apply_per_lib :  ITTAPI function not implemented: __itt_heap_record
1648134 : 0xf36aa6b9a7a53 : 2 : ittapi_config_apply_per_lib :  ITTAPI function not implemented: __itt_id_create
1648134 : 0xf36aa6b9a945f : 2 : ittapi_config_apply_per_lib :  ITTAPI function not implemented: __itt_id_destroy
1648134 : 0xf36aa6b9a9bbd : 2 : ittapi_config_apply_per_lib :  ITTAPI function instrumented: __itt_get_timestamp
1648134 : 0xf36aa6b9aa2f2 : 2 : ittapi_config_apply_per_lib :  ITTAPI function not implemented: __itt_region_begin
1648134 : 0xf36aa6b9aaa0d : 2 : ittapi_config_apply_per_lib :  ITTAPI function not implemented: __itt_region_end
1648134 : 0xf36aa6b9ab0bd : 2 : ittapi_config_apply_per_lib :  ITTAPI function instrumented: __itt_frame_begin_v3
1648134 : 0xf36aa6b9ab7a5 : 2 : ittapi_config_apply_per_lib :  ITTAPI function instrumented: __itt_frame_end_v3
1648134 : 0xf36aa6b9abe0a : 2 : ittapi_config_apply_per_lib :  ITTAPI function instrumented: __itt_frame_submit_v3
1648134 : 0xf36aa6b9ac582 : 2 : ittapi_config_apply_per_lib :  ITTAPI function not implemented: __itt_task_group
1648134 : 0xf36aa6b9acc3a : 2 : ittapi_config_apply_per_lib :  ITTAPI function instrumented: __itt_task_begin
1648134 : 0xf36aa6b9ad2fe : 2 : ittapi_config_apply_per_lib :  ITTAPI function instrumented: __itt_task_begin_fn
1648134 : 0xf36aa6b9aec12 : 2 : ittapi_config_apply_per_lib :  ITTAPI function instrumented: __itt_task_end
1648134 : 0xf36aa6b9af3e3 : 2 : ittapi_config_apply_per_lib :  ITTAPI function not implemented: __itt_counter_inc_v3
1648134 : 0xf36aa6b9afb52 : 2 : ittapi_config_apply_per_lib :  ITTAPI function not implemented: __itt_counter_inc_delta_v3
1648134 : 0xf36aa6b9b0265 : 2 : ittapi_config_apply_per_lib :  ITTAPI function not implemented: __itt_counter_dec_v3
1648134 : 0xf36aa6b9b0920 : 2 : ittapi_config_apply_per_lib :  ITTAPI function not implemented: __itt_counter_dec_delta_v3
1648134 : 0xf36aa6b9b100c : 2 : ittapi_config_apply_per_lib :  ITTAPI function not implemented: __itt_marker
1648134 : 0xf36aa6b9b16ea : 2 : ittapi_config_apply_per_lib :  ITTAPI function instrumented: __itt_metadata_add
1648134 : 0xf36aa6b9b1e3b : 2 : ittapi_config_apply_per_lib :  ITTAPI function not implemented: __itt_metadata_str_add
1648134 : 0xf36aa6b9b254f : 2 : ittapi_config_apply_per_lib :  ITTAPI function not implemented: __itt_relation_add_to_current
1648134 : 0xf36aa6b9b2c6b : 2 : ittapi_config_apply_per_lib :  ITTAPI function not implemented: __itt_relation_add
1648134 : 0xf36aa6b9b44e0 : 2 : ittapi_config_apply_per_lib :  ITTAPI function instrumented: __itt_event_create
1648134 : 0xf36aa6b9b4bc0 : 2 : ittapi_config_apply_per_lib :  ITTAPI function instrumented: __itt_event_start
1648134 : 0xf36aa6b9b51ff : 2 : ittapi_config_apply_per_lib :  ITTAPI function instrumented: __itt_event_end
1648134 : 0xf36aa6b9b57a9 : 2 : ittapi_config_apply_per_lib :  ITTAPI function NOT instrumented (not matched by --itt-config option): __itt_sync_set_name

1648134 : 0xf36aa6b9b5d98 : 2 : ittapi_config_apply_per_lib :  ITTAPI function NOT instrumented (not matched by --itt-config option): __itt_notify_sync_name

1648134 : 0xf36aa6b9b6344 : 2 : ittapi_config_apply_per_lib :  ITTAPI function NOT instrumented (not matched by --itt-config option): __itt_notify_sync_prepare

1648134 : 0xf36aa6b9b6909 : 2 : ittapi_config_apply_per_lib :  ITTAPI function NOT instrumented (not matched by --itt-config option): __itt_notify_sync_cancel

1648134 : 0xf36aa6b9b6ec5 : 2 : ittapi_config_apply_per_lib :  ITTAPI function NOT instrumented (not matched by --itt-config option): __itt_notify_sync_acquired

1648134 : 0xf36aa6b9b746d : 2 : ittapi_config_apply_per_lib :  ITTAPI function NOT instrumented (not matched by --itt-config option): __itt_notify_sync_releasing

1648134 : 0xf36aa6b9b7b7b : 2 : ittapi_config_apply_per_lib :  ITTAPI function not implemented: __itt_memory_read
1648134 : 0xf36aa6b9b9f67 : 2 : ittapi_config_apply_per_lib :  ITTAPI function not implemented: __itt_memory_write
1648134 : 0xf36aa6b9ba6f6 : 2 : ittapi_config_apply_per_lib :  ITTAPI function not implemented: __itt_memory_update
1648134 : 0xf36aa6b9bae2e : 2 : ittapi_config_apply_per_lib :  ITTAPI function not implemented: __itt_state_get
1648134 : 0xf36aa6b9bb501 : 2 : ittapi_config_apply_per_lib :  ITTAPI function not implemented: __itt_state_set
1648134 : 0xf36aa6b9bbbca : 2 : ittapi_config_apply_per_lib :  ITTAPI function not implemented: __itt_obj_mode_set
1648134 : 0xf36aa6b9bc318 : 2 : ittapi_config_apply_per_lib :  ITTAPI function not implemented: __itt_thr_mode_set
1648134 : 0xf36aa6b9bc9a8 : 2 : ittapi_config_apply_per_lib :  ITTAPI function instrumented: __itt_frame_create
1648134 : 0xf36aa6b9bd019 : 2 : ittapi_config_apply_per_lib :  ITTAPI function instrumented: __itt_pt_region_create
1648134 : 0xf36aa6b9bd6cd : 2 : ittapi_config_apply_per_lib :  ITTAPI function instrumented: __itt_frame_begin
1648134 : 0xf36aa6b9bdd44 : 2 : ittapi_config_apply_per_lib :  ITTAPI function instrumented: __itt_frame_end
1648134 : 0xf36aa6b9bf77a : 2 : ittapi_config_apply_per_lib :  ITTAPI function not implemented: __itt_counter_destroy
1648134 : 0xf36aa6b9bfe6b : 2 : ittapi_config_apply_per_lib :  ITTAPI function instrumented: __itt_counter_inc
1648134 : 0xf36aa6b9c04d7 : 2 : ittapi_config_apply_per_lib :  ITTAPI function instrumented: __itt_counter_inc_delta
1648134 : 0xf36aa6b9c0b56 : 2 : ittapi_config_apply_per_lib :  ITTAPI function instrumented: __itt_counter_dec
1648134 : 0xf36aa6b9c123b : 2 : ittapi_config_apply_per_lib :  ITTAPI function instrumented: __itt_counter_dec_delta
1648134 : 0xf36aa6b9c18aa : 2 : ittapi_config_apply_per_lib :  ITTAPI function instrumented: __itt_counter_set_value
1648134 : 0xf36aa6b9c1f6d : 2 : ittapi_config_apply_per_lib :  ITTAPI function not implemented: __itt_counter_set_value_ex
1648134 : 0xf36aa6b9c2624 : 2 : ittapi_config_apply_per_lib :  ITTAPI function not implemented: __itt_mark_create
1648134 : 0xf36aa6b9c2dab : 2 : ittapi_config_apply_per_lib :  ITTAPI function not implemented: __itt_mark
1648134 : 0xf36aa6b9c3593 : 2 : ittapi_config_apply_per_lib :  ITTAPI function not implemented: __itt_mark_off
1648134 : 0xf36aa6b9c506c : 2 : ittapi_config_apply_per_lib :  ITTAPI function not implemented: __itt_mark_global
1648134 : 0xf36aa6b9c5860 : 2 : ittapi_config_apply_per_lib :  ITTAPI function not implemented: __itt_mark_global_off
1648134 : 0xf36aa6b9c5ebc : 2 : ittapi_config_apply_per_lib :  ITTAPI function NOT instrumented (not matched by --itt-config option): __itt_stack_caller_create

1648134 : 0xf36aa6b9c6486 : 2 : ittapi_config_apply_per_lib :  ITTAPI function NOT instrumented (not matched by --itt-config option): __itt_stack_caller_destroy

1648134 : 0xf36aa6b9c6a55 : 2 : ittapi_config_apply_per_lib :  ITTAPI function NOT instrumented (not matched by --itt-config option): __itt_stack_callee_enter

1648134 : 0xf36aa6b9c701e : 2 : ittapi_config_apply_per_lib :  ITTAPI function NOT instrumented (not matched by --itt-config option): __itt_stack_callee_leave

1648134 : 0xf36aa6b9c771f : 2 : ittapi_config_apply_per_lib :  ITTAPI function not implemented: __itt_clock_domain_create
1648134 : 0xf36aa6b9c7e84 : 2 : ittapi_config_apply_per_lib :  ITTAPI function not implemented: __itt_clock_domain_reset
1648134 : 0xf36aa6b9c8583 : 2 : ittapi_config_apply_per_lib :  ITTAPI function not implemented: __itt_id_create_ex
1648134 : 0xf36aa6b9c8c7c : 2 : ittapi_config_apply_per_lib :  ITTAPI function not implemented: __itt_id_destroy_ex
1648134 : 0xf36aa6b9cb1f8 : 2 : ittapi_config_apply_per_lib :  ITTAPI function not implemented: __itt_task_begin_ex
1648134 : 0xf36aa6b9cb9cb : 2 : ittapi_config_apply_per_lib :  ITTAPI function not implemented: __itt_task_begin_fn_ex
1648134 : 0xf36aa6b9cc100 : 2 : ittapi_config_apply_per_lib :  ITTAPI function not implemented: __itt_task_end_ex
1648134 : 0xf36aa6b9cc7ad : 2 : ittapi_config_apply_per_lib :  ITTAPI function instrumented: __itt_task_begin_overlapped
1648134 : 0xf36aa6b9ccea5 : 2 : ittapi_config_apply_per_lib :  ITTAPI function not implemented: __itt_task_begin_overlapped_ex
1648134 : 0xf36aa6b9cd59e : 2 : ittapi_config_apply_per_lib :  ITTAPI function instrumented: __itt_task_end_overlapped
1648134 : 0xf36aa6b9cdcf4 : 2 : ittapi_config_apply_per_lib :  ITTAPI function not implemented: __itt_task_end_overlapped_ex
1648134 : 0xf36aa6b9ce3e5 : 2 : ittapi_config_apply_per_lib :  ITTAPI function not implemented: __itt_marker_ex
1648134 : 0xf36aa6b9ceb0d : 2 : ittapi_config_apply_per_lib :  ITTAPI function not implemented: __itt_metadata_add_with_scope
1648134 : 0xf36aa6b9cf246 : 2 : ittapi_config_apply_per_lib :  ITTAPI function not implemented: __itt_metadata_str_add_with_scope
1648134 : 0xf36aa6b9d0ee2 : 2 : ittapi_config_apply_per_lib :  ITTAPI function not implemented: __itt_relation_add_to_current_ex
1648134 : 0xf36aa6b9d1622 : 2 : ittapi_config_apply_per_lib :  ITTAPI function not implemented: __itt_relation_add_ex
1648134 : 0xf36aa6b9d1d1d : 2 : ittapi_config_apply_per_lib :  ITTAPI function not implemented: __itt_track_group_create
1648134 : 0xf36aa6b9d23b0 : 2 : ittapi_config_apply_per_lib :  ITTAPI function not implemented: __itt_track_create
1648134 : 0xf36aa6b9d2a9a : 2 : ittapi_config_apply_per_lib :  ITTAPI function not implemented: __itt_set_track
1648134 : 0xf36aa6b9d312d : 2 : ittapi_config_apply_per_lib :  ITTAPI function instrumented: __itt_api_version
1648134 : 0xf36aa6b9d37e5 : 2 : ittapi_config_apply_per_lib :  ITTAPI function not implemented: __itt_av_save
1648134 : 0xf36aa6b9d3ea2 : 2 : ittapi_config_apply_per_lib :  ITTAPI function instrumented: __itt_module_load
1648134 : 0xf36aa6b9d4563 : 2 : ittapi_config_apply_per_lib :  ITTAPI function not implemented: __itt_module_unload