
1675851 : 0xf8d3f5d788fbf : 1 : spill_jit_data :  Jit agent is not initialized
1675851 : 0xf8d3f5d838452 : 2 : ittapi_config_mask_get :  --itt-config mask to be applied: 39
1675851 : 0xf8d3f5d8394a9 : 2 : ittapi_config_apply_per_lib :  ITTAPI function instrumented: __itt_domain_create
1675851 : 0xf8d3f5d83a973 : 2 : ittapi_config_apply_per_lib :  ITTAPI function instrumented: __itt_module_load_with_sections
1675851 : 0xf8d3f5d83b581 : 2 : ittapi_config_apply_per_lib :  ITTAPI function not implemented: __itt_module_unload_with_sections
1675851 : 0xf8d3f5d83bf57 : 2 : ittapi_config_apply_per_lib :  ITTAPI function instrumented: __itt_string_handle_create
1675851 : 0xf8d3f5d83c60b : 2 : ittapi_config_apply_per_lib :  ITTAPI function instrumented: __itt_counter_create
1675851 : 0xf8d3f5d83cc52 : 2 : ittapi_config_apply_per_lib :  ITTAPI function instrumented: __itt_counter_create_typed
1675851 : 0xf8d3f5d83d35f : 2 : ittapi_config_apply_per_lib :  ITTAPI function instrumented: __itt_pause
1675851 : 0xf8d3f5d83da3f : 2 : ittapi_config_apply_per_lib :  ITTAPI function instrumented: __itt_resume
1675851 : 0xf8d3f5d84525a : 2 : ittapi_config_apply_per_lib :  ITTAPI function instrumented: __itt_thread_set_name
1675851 : 0xf8d3f5d845ba4 : 2 : ittapi_config_apply_per_lib :  ITTAPI function instrumented: __itt_thread_ignore
1675851 : 0xf8d3f5d8462de : 2 : ittapi_config_apply_per_lib :  ITTAPI function instrumented: __itt_thr_name_set
1675851 : 0xf8d3f5d846a03 : 2 : ittapi_config_apply_per_lib :  ITTAPI function instrumented: __itt_thr_ignore
1675851 : 0xf8d3f5d84738a : 2 : ittapi_config_apply_per_lib :  ITTAPI function not implemented: __itt_enable_attach
1675851 : 0xf8d3f5d847a6f : 2 : ittapi_config_apply_per_lib :  ITTAPI function instrumented: __itt_detach
1675851 : 0xf8d3f5d84808b : 2 : ittapi_config_apply_per_lib :  ITTAPI function NOT instrumented (not matched by --itt-config option): __itt_sync_create

1675851 : 0xf8d3f5d848770 : 2 : ittapi_config_apply_per_lib :  ITTAPI function NOT instrumented (not matched by --itt-config option): __itt_sync_rename

1675851 : 0xf8d3f5d848d14 : 2 : ittapi_config_apply_per_lib :  ITTAPI function NOT instrumented (not matched by --itt-config option): __itt_sync_destroy

1675851 : 0xf8d3f5d849325 : 2 : ittapi_config_apply_per_lib :  ITTAPI function NOT instrumented (not matched by --itt-config option): __itt_sync_prepare

1675851 : 0xf8d3f5d84ca6c : 2 : ittapi_config_apply_per_lib :  ITTAPI function NOT instrumented (not matched by --itt-config option): __itt_sync_cancel

1675851 : 0xf8d3f5d84d0c4 : 2 : ittapi_config_apply_per_lib :  ITTAPI function NOT instrumented (not matched by --itt-config option): __itt_sync_acquired

1675851 : 0xf8d3f5d84d688 : 2 : ittapi_config_apply_per_lib :  ITTAPI function NOT instrumented (not matched by --itt-config option): __itt_sync_releasing

1675851 : 0xf8d3f5d84de34 : 2 : ittapi_config_apply_per_lib :  ITTAPI function not implemented: __itt_suppress_push
1675851 : 0xf8d3f5d84e6f2 : 2 : ittapi_config_apply_per_lib :  ITTAPI function not implemented: __itt_suppress_pop
1675851 : 0xf8d3f5d84ee7b : 2 : ittapi_config_apply_per_lib :  ITTAPI function not implemented: __itt_suppress_mark_range
1675851 : 0xf8d3f5d84f672 : 2 : ittapi_config_apply_per_lib :  ITTAPI function not implemented: __itt_suppress_clear_range
1675851 : 0xf8d3f5d84fc29 : 2 : ittapi_config_apply_per_lib :  ITTAPI function NOT instrumented (not matched by --itt-config option): __itt_sync_prepare

1675851 : 0xf8d3f5d8501e7 : 2 : ittapi_config_apply_per_lib :  ITTAPI function NOT instrumented (not matched by --itt-config option): __itt_sync_cancel

1675851 : 0xf8d3f5d85076a : 2 : ittapi_config_apply_per_lib :  ITTAPI function NOT instrumented (not matched by --itt-config option): __itt_sync_acquired

1675851 : 0xf8d3f5d851fad : 2 : ittapi_config_apply_per_lib :  ITTAPI function NOT instrumented (not matched by --itt-config option): __itt_sync_releasing

1675851 : 0xf8d3f5d85263c : 2 : ittapi_config_apply_per_lib :  ITTAPI function NOT instrumented (not matched by --itt-config option): __itt_model_site_begin

1675851 : 0xf8d3f5d852c29 : 2 : ittapi_config_apply_per_lib :  ITTAPI function NOT instrumented (not matched by --itt-config option): __itt_model_site_end

1675851 : 0xf8d3f5d85321a : 2 : ittapi_config_apply_per_lib :  ITTAPI function NOT instrumented (not matched by --itt-config option): __itt_model_task_begin

1675851 : 0xf8d3f5d8537c1 : 2 : ittapi_config_apply_per_lib :  ITTAPI function NOT instrumented (not matched by --itt-config option): __itt_model_task_end

1675851 : 0xf8d3f5d853dcf : 2 : ittapi_config_apply_per_lib :  ITTAPI function NOT instrumented (not matched by --itt-config option): __itt_model_lock_acquire

1675851 : 0xf8d3f5d85438f : 2 : ittapi_config_apply_per_lib :  ITTAPI function NOT instrumented (not matched by --itt-config option): __itt_model_lock_release

1675851 : 0xf8d3f5d854959 : 2 : ittapi_config_apply_per_lib :  ITTAPI function NOT instrumented (not matched by --itt-config option): __itt_model_record_allocation

1675851 : 0xf8d3f5d854f09 : 2 : ittapi_config_apply_per_lib :  ITTAPI function NOT instrumented (not matched by --itt-config option): __itt_model_record_deallocation

1675851 : 0xf8d3f5d8554ca : 2 : ittapi_config_apply_per_lib :  ITTAPI function NOT instrumented (not matched by --itt-config option): __itt_model_induction_uses

1675851 : 0xf8d3f5d858408 : 2 : ittapi_config_apply_per_lib :  ITTAPI function NOT instrumented (not matched by --itt-config option): __itt_model_reduction_uses

1675851 : 0xf8d3f5d858acd : 2 : ittapi_config_apply_per_lib :  ITTAPI function NOT instrumented (not matched by --itt-config option): __itt_model_observe_uses

1675851 : 0xf8d3f5d859099 : 2 : ittapi_config_apply_per_lib :  ITTAPI function NOT instrumented (not matched by --itt-config option): __itt_model_clear_uses

1675851 : 0xf8d3f5d859650 : 2 : ittapi_config_apply_per_lib :  ITTAPI function NOT instrumented (not matched by --itt-config option): __itt_model_site_beginA

1675851 : 0xf8d3f5d859c1a : 2 : ittapi_config_apply_per_lib :  ITTAPI function NOT instrumented (not matched by --itt-config option): __itt_model_site_beginAL

1675851 : 0xf8d3f5d85a210 : 2 : ittapi_config_apply_per_lib :  ITTAPI function NOT instrumented (not matched by --itt-config option): __itt_model_task_beginA

1675851 : 0xf8d3f5d85a7b9 : 2 : ittapi_config_apply_per_lib :  ITTAPI function NOT instrumented (not matched by --itt-config option): __itt_model_task_beginAL

1675851 : 0xf8d3f5d85ad8a : 2 : ittapi_config_apply_per_lib :  ITTAPI function NOT instrumented (not matched by --itt-config option): __itt_model_iteration_taskA

1675851 : 0xf8d3f5d85b340 : 2 : ittapi_config_apply_per_lib :  ITTAPI function NOT instrumented (not matched by --itt-config option): __itt_model_iteration_taskAL

1675851 : 0xf8d3f5d85b912 : 2 : ittapi_config_apply_per_lib :  ITTAPI function NOT instrumented (not matched by --itt-config option): __itt_model_site_end_2

1675851 : 0xf8d3f5d85d1ab : 2 : ittapi_config_apply_per_lib :  ITTAPI function NOT instrumented (not matched by --itt-config option): __itt_model_task_end_2

1675851 : 0xf8d3f5d85d7be : 2 : ittapi_config_apply_per_lib :  ITTAPI function NOT instrumented (not matched by --itt-config option): __itt_model_lock_acquire_2

1675851 : 0xf8d3f5d85dd8b : 2 : ittapi_config_apply_per_lib :  ITTAPI function NOT instrumented (not matched by --itt-config option): __itt_model_lock_release_2

1675851 : 0xf8d3f5d85e37a : 2 : ittapi_config_apply_per_lib :  ITTAPI function NOT instrumented (not matched by --itt-config option): __itt_model_aggregate_task

1675851 : 0xf8d3f5d85e949 : 2 : ittapi_config_apply_per_lib :  ITTAPI function NOT instrumented (not matched by --itt-config option): __itt_model_disable_push

1675851 : 0xf8d3f5d85ef14 : 2 : ittapi_config_apply_per_lib :  ITTAPI function NOT instrumented (not matched by --itt-config option): __itt_model_disable_pop

1675851 : 0xf8d3f5d85f5c0 : 2 : ittapi_config_apply_per_lib :  ITTAPI function instrumented: __itt_heap_function_create
1675851 : 0xf8d3f5d85fca3 : 2 : ittapi_config_apply_per_lib :  ITTAPI function instrumented: __itt_heap_allocate_begin
1675851 : 0xf8d3f5d86036b : 2 : ittapi_config_apply_per_lib :  ITTAPI function instrumented: __itt_heap_allocate_end
1675851 : 0xf8d3f5d8609f3 : 2 : ittapi_config_apply_per_lib :  ITTAPI function instrumented: __itt_heap_free_begin
1675851 : 0xf8d3f5d862f29 : 2 : ittapi_config_apply_per_lib :  ITTAPI function instrumented: __itt_heap_free_end
1675851 : 0xf8d3f5d863637 : 2 : ittapi_config_apply_per_lib :  ITTAPI function instrumented: __itt_heap_reallocate_begin
1675851 : 0xf8d3f5d863cd9 : 2 : ittapi_config_apply_per_lib :  ITTAPI function instrumented: __itt_heap_reallocate_end
1675851 : 0xf8d3f5d86446a : 2 : ittapi_config_apply_per_lib :  ITTAPI function not implemented: __itt_heap_internal_access_begin
1675851 : 0xf8d3f5d864bf7 : 2 : ittapi_config_apply_per_lib :  ITTAPI function not implemented: __itt_heap_internal_access_end
1675851 : 0xf8d3f5d8653f8 : 2 : ittapi_config_apply_per_lib :  ITTAPI function not implemented: __itt_heap_record_memory_growth_begin
1675851 : 0xf8d3f5d865b40 : 2 : ittapi_config_apply_per_lib :  ITTAPI function not implemented: __itt_heap_record_memory_growth_end
1675851 : 0xf8d3f5d866285 : 2 : ittapi_config_apply_per_lib :  ITTAPI function not implemented: __itt_heap_reset_detection
1675851 : 0xf8d3f5d866a83 : 2 : ittapi_config_apply_per_lib :  ITTAPI function not implemented: __itt_heap_record
1675851 : 0xf8d3f5d8671cb : 2 : ittapi_config_apply_per_lib :  ITTAPI function not implemented: __itt_id_create
1675851 : 0xf8d3f5d868cb1 : 2 : ittapi_config_apply_per_lib :  ITTAPI function not implemented: __itt_id_destroy
1675851 : 0xf8d3f5d869438 : 2 : ittapi_config_apply_per_lib :  ITTAPI function instrumented: __itt_get_timestamp
1675851 : 0xf8d3f5d869b7a : 2 : ittapi_config_apply_per_lib :  ITTAPI function not implemented: __itt_region_begin
1675851 : 0xf8d3f5d86a2c1 : 2 : ittapi_config_apply_per_lib :  ITTAPI function not implemented: __itt_region_end
1675851 : 0xf8d3f5d86a982 : 2 : ittapi_config_apply_per_lib :  ITTAPI function instrumented: __itt_frame_begin_v3
1675851 : 0xf8d3f5d86b05c : 2 : ittapi_config_apply_per_lib :  ITTAPI function instrumented: __itt_frame_end_v3
1675851 : 0xf8d3f5d86b6d7 : 2 : ittapi_config_apply_per_lib :  ITTAPI function instrumented: __itt_frame_submit_v3
1675851 : 0xf8d3f5d86be47 : 2 : ittapi_config_apply_per_lib :  ITTAPI function not implemented: __itt_task_group
1675851 : 0xf8d3f5d86c511 : 2 : ittapi_config_apply_per_lib :  ITTAPI function instrumented: __itt_task_begin
1675851 : 0xf8d3f5d86cba3 : 2 : ittapi_config_apply_per_lib :  ITTAPI function instrumented: __itt_task_begin_fn
1675851 : 0xf8d3f5d86fb98 : 2 : ittapi_config_apply_per_lib :  ITTAPI function instrumented: __itt_task_end
1675851 : 0xf8d3f5d870380 : 2 : ittapi_config_apply_per_lib :  ITTAPI function not implemented: __itt_counter_inc_v3
1675851 : 0xf8d3f5d870aef : 2 : ittapi_config_apply_per_lib :  ITTAPI function not implemented: __itt_counter_inc_delta_v3
1675851 : 0xf8d3f5d87120b : 2 : ittapi_config_apply_per_lib :  ITTAPI function not implemented: __itt_counter_dec_v3
1675851 : 0xf8d3f5d8718dd : 2 : ittapi_config_apply_per_lib :  ITTAPI function not implemented: __itt_counter_dec_delta_v3
1675851 : 0xf8d3f5d872017 : 2 : ittapi_config_apply_per_lib :  ITTAPI function not implemented: __itt_marker
1675851 : 0xf8d3f5d8726ad : 2 : ittapi_config_apply_per_lib :  ITTAPI function instrumented: __itt_metadata_add
1675851 : 0xf8d3f5d872dae : 2 : ittapi_config_apply_per_lib :  ITTAPI function not implemented: __itt_metadata_str_add
1675851 : 0xf8d3f5d87353f : 2 : ittapi_config_apply_per_lib :  ITTAPI function not implemented: __itt_relation_add_to_current
1675851 : 0xf8d3f5d873c6e : 2 : ittapi_config_apply_per_lib :  ITTAPI function not implemented: __itt_relation_add
1675851 : 0xf8d3f5d8755e9 : 2 : ittapi_config_apply_per_lib :  ITTAPI function instrumented: __itt_event_create
1675851 : 0xf8d3f5d875ced : 2 : ittapi_config_apply_per_lib :  ITTAPI function instrumented: __itt_event_start
1675851 : 0xf8d3f5d876363 : 2 : ittapi_config_apply_per_lib :  ITTAPI function instrumented: __itt_event_end
1675851 : 0xf8d3f5d876903 : 2 : ittapi_config_apply_per_lib :  ITTAPI function NOT instrumented (not matched by --itt-config option): __itt_sync_set_name

1675851 : 0xf8d3f5d876ef9 : 2 : ittapi_config_apply_per_lib :  ITTAPI function NOT instrumented (not matched by --itt-config option): __itt_notify_sync_name

1675851 : 0xf8d3f5d8774d5 : 2 : ittapi_config_apply_per_lib :  ITTAPI function NOT instrumented (not matched by --itt-config option): __itt_notify_sync_prepare

1675851 : 0xf8d3f5d877a61 : 2 : ittapi_config_apply_per_lib :  ITTAPI function NOT instrumented (not matched by --itt-config option): __itt_notify_sync_cancel

1675851 : 0xf8d3f5d878029 : 2 : ittapi_config_apply_per_lib :  ITTAPI function NOT instrumented (not matched by --itt-config option): __itt_notify_sync_acquired

1675851 : 0xf8d3f5d8785a6 : 2 : ittapi_config_apply_per_lib :  ITTAPI function NOT instrumented (not matched by --itt-config option): __itt_notify_sync_releasing

1675851 : 0xf8d3f5d878ca2 : 2 : ittapi_config_apply_per_lib :  ITTAPI function not implemented: __itt_memory_read
1675851 : 0xf8d3f5d87b240 : 2 : ittapi_config_apply_per_lib :  ITTAPI function not implemented: __itt_memory_write
1675851 : 0xf8d3f5d87ba33 : 2 : ittapi_config_apply_per_lib :  ITTAPI function not implemented: __itt_memory_update
1675851 : 0xf8d3f5d87c18c : 2 : ittapi_config_apply_per_lib :  ITTAPI function not implemented: __itt_state_get
1675851 : 0xf8d3f5d87c86c : 2 : ittapi_config_apply_per_lib :  ITTAPI function not implemented: __itt_state_set
1675851 : 0xf8d3f5d87cf48 : 2 : ittapi_config_apply_per_lib :  ITTAPI function not implemented: __itt_obj_mode_set
1675851 : 0xf8d3f5d87d676 : 2 : ittapi_config_apply_per_lib :  ITTAPI function not implemented: __itt_thr_mode_set
1675851 : 0xf8d3f5d87dcf5 : 2 : ittapi_config_apply_per_lib :  ITTAPI function instrumented: __itt_frame_create
1675851 : 0xf8d3f5d87e378 : 2 : ittapi_config_apply_per_lib :  ITTAPI function instrumented: __itt_pt_region_create
1675851 : 0xf8d3f5d87ea33 : 2 : ittapi_config_apply_per_lib :  ITTAPI function instrumented: __itt_frame_begin
1675851 : 0xf8d3f5d87f0ed : 2 : ittapi_config_apply_per_lib :  ITTAPI function instrumented: __itt_frame_end
1675851 : 0xf8d3f5d880cbd : 2 : ittapi_config_apply_per_lib :  ITTAPI function not implemented: __itt_counter_destroy
1675851 : 0xf8d3f5d8813cf : 2 : ittapi_config_apply_per_lib :  ITTAPI function instrumented: __itt_counter_inc
1675851 : 0xf8d3f5d881a56 : 2 : ittapi_config_apply_per_lib :  ITTAPI function instrumented: __itt_counter_inc_delta
1675851 : 0xf8d3f5d8820c5 : 2 : ittapi_config_apply_per_lib :  ITTAPI function instrumented: __itt_counter_dec
1675851 : 0xf8d3f5d8827a1 : 2 : ittapi_config_apply_per_lib :  ITTAPI function instrumented: __itt_counter_dec_delta
1675851 : 0xf8d3f5d882e5e : 2 : ittapi_config_apply_per_lib :  ITTAPI function instrumented: __itt_counter_set_value
1675851 : 0xf8d3f5d88353e : 2 : ittapi_config_apply_per_lib :  ITTAPI function not implemented: __itt_counter_set_value_ex
1675851 : 0xf8d3f5d883be8 : 2 : ittapi_config_apply_per_lib :  ITTAPI function not implemented: __itt_mark_create
1675851 : 0xf8d3f5d884317 : 2 : ittapi_config_apply_per_lib :  ITTAPI function not implemented: __itt_mark
1675851 : 0xf8d3f5d884b02 : 2 : ittapi_config_apply_per_lib :  ITTAPI function not implemented: __itt_mark_off
1675851 : 0xf8d3f5d886640 : 2 : ittapi_config_apply_per_lib :  ITTAPI function not implemented: __itt_mark_global
1675851 : 0xf8d3f5d886d91 : 2 : ittapi_config_apply_per_lib :  ITTAPI function not implemented: __itt_mark_global_off
1675851 : 0xf8d3f5d88744a : 2 : ittapi_config_apply_per_lib :  ITTAPI function NOT instrumented (not matched by --itt-config option): __itt_stack_caller_create

1675851 : 0xf8d3f5d887a2d : 2 : ittapi_config_apply_per_lib :  ITTAPI function NOT instrumented (not matched by --itt-config option): __itt_stack_caller_destroy

1675851 : 0xf8d3f5d887fed : 2 : ittapi_config_apply_per_lib :  ITTAPI function NOT instrumented (not matched by --itt-config option): __itt_stack_callee_enter

1675851 : 0xf8d3f5d8885cd : 2 : ittapi_config_apply_per_lib :  ITTAPI function NOT instrumented (not matched by --itt-config option): __itt_stack_callee_leave

1675851 : 0xf8d3f5d888ca0 : 2 : ittapi_config_apply_per_lib :  ITTAPI function not implemented: __itt_clock_domain_create
1675851 : 0xf8d3f5d889418 : 2 : ittapi_config_apply_per_lib :  ITTAPI function not implemented: __itt_clock_domain_reset
1675851 : 0xf8d3f5d889b1b : 2 : ittapi_config_apply_per_lib :  ITTAPI function not implemented: __itt_id_create_ex
1675851 : 0xf8d3f5d88a211 : 2 : ittapi_config_apply_per_lib :  ITTAPI function not implemented: __itt_id_destroy_ex
1675851 : 0xf8d3f5d88c93c : 2 : ittapi_config_apply_per_lib :  ITTAPI function not implemented: __itt_task_begin_ex
1675851 : 0xf8d3f5d88d0c2 : 2 : ittapi_config_apply_per_lib :  ITTAPI function not implemented: __itt_task_begin_fn_ex
1675851 : 0xf8d3f5d88d817 : 2 : ittapi_config_apply_per_lib :  ITTAPI function not implemented: __itt_task_end_ex
1675851 : 0xf8d3f5d88deea : 2 : ittapi_config_apply_per_lib :  ITTAPI function instrumented: __itt_task_begin_overlapped
1675851 : 0xf8d3f5d88e5f1 : 2 : ittapi_config_apply_per_lib :  ITTAPI function not implemented: __itt_task_begin_overlapped_ex
1675851 : 0xf8d3f5d88ecea : 2 : ittapi_config_apply_per_lib :  ITTAPI function instrumented: __itt_task_end_overlapped
1675851 : 0xf8d3f5d88f3f0 : 2 : ittapi_config_apply_per_lib :  ITTAPI function not implemented: __itt_task_end_overlapped_ex
1675851 : 0xf8d3f5d88fafa : 2 : ittapi_config_apply_per_lib :  ITTAPI function not implemented: __itt_marker_ex
1675851 : 0xf8d3f5d89026c : 2 : ittapi_config_apply_per_lib :  ITTAPI function not implemented: __itt_metadata_add_with_scope
1675851 : 0xf8d3f5d8909e2 : 2 : ittapi_config_apply_per_lib :  ITTAPI function not implemented: __itt_metadata_str_add_with_scope
1675851 : 0xf8d3f5d892635 : 2 : ittapi_config_apply_per_lib :  ITTAPI function not implemented: __itt_relation_add_to_current_ex
1675851 : 0xf8d3f5d892db0 : 2 : ittapi_config_apply_per_lib :  ITTAPI function not implemented: __itt_relation_add_ex
1675851 : 0xf8d3f5d89348e : 2 : ittapi_config_apply_per_lib :  ITTAPI function not implemented: __itt_track_group_create
1675851 : 0xf8d3f5d893b26 : 2 : ittapi_config_apply_per_lib :  ITTAPI function not implemented: __itt_track_create
1675851 : 0xf8d3f5d894234 : 2 : ittapi_config_apply_per_lib :  ITTAPI function not implemented: __itt_set_track
1675851 : 0xf8d3f5d894907 : 2 : ittapi_config_apply_per_lib :  ITTAPI function instrumented: __itt_api_version
1675851 : 0xf8d3f5d894fd0 : 2 : ittapi_config_apply_per_lib :  ITTAPI function not implemented: __itt_av_save
1675851 : 0xf8d3f5d8956b5 : 2 : ittapi_config_apply_per_lib :  ITTAPI function instrumented: __itt_module_load
1675851 : 0xf8d3f5d895d98 : 2 : ittapi_config_apply_per_lib :  ITTAPI function not implemented: __itt_module_unload